#
# A fatal error has been detected by the Java Runtime Environment:
#
#  Internal Error (jvmciRuntime.cpp:1609), pid=41, tid=55
#  fatal error: Fatal exception in JVMCI: Error calling jdk.vm.ci.services.Services.serializeSavedProperties
#
# JRE version: OpenJDK Runtime Environment GraalVM CE 22.3.0 (17.0.5+8) (build 17.0.5+8-jvmci-22.3-b08)
# Java VM: OpenJDK 64-Bit Server VM GraalVM CE 22.3.0 (17.0.5+8-jvmci-22.3-b08, mixed mode, sharing, tiered, jvmci, jvmci compiler, compressed oops, compressed class ptrs, parallel gc, linux-amd64)
# Problematic frame:
# V  [libjvm.so+0x972714]  JVMCIRuntime::fatal_exception(JVMCIEnv*, char const*)+0x74
#
# Core dump will be written. Default location: Core dumps may be processed with "/usr/share/apport/apport -p%p -s%s -c%c -d%d -P%P -u%u -g%g -- %E" (or dumping to /home/runner/Java-Trail/core.41)
#
# If you would like to submit a bug report, please visit:
#   https://github.com/oracle/graal/issues
#

---------------  S U M M A R Y ------------

Command Line: -XX:ThreadPriorityPolicy=1 -XX:+UnlockExperimentalVMOptions -XX:+EnableJVMCIProduct -XX:JVMCIThreadsPerNativeLibraryRuntime=1 -XX:-UnlockExperimentalVMOptions -Declipse.application=org.eclipse.jdt.ls.core.id1 -Dosgi.bundles.defaultStartLevel=4 -Declipse.product=org.eclipse.jdt.ls.core.product -Dlog.level=ALL -Xverify:none -XX:+UseParallelGC -XX:GCTimeRatio=4 -XX:AdaptiveSizePolicyWeight=90 -Dsun.zip.disableMemoryMapping=true -Xmx512m -Xms100m /nix/store/m6gcpi1ii6rghy04cjwjddcavv7i90df-jdt-language-server-1.9.0/share/java/plugins/org.eclipse.equinox.launcher_1.6.400.v20210924-0641.jar --add-modules=ALL-SYSTEM --add-opens java.base/java.util=ALL-UNNAMED --add-opens java.base/java.lang=ALL-UNNAMED -configuration /home/runner/.cache/jdt-language-server/config -data /home/runner/.cache/jdt-language-server/data/home/runner/Java-Trail

Host: AMD EPYC 7B12, 8 cores, 1G, Ubuntu 20.04.2 LTS
Time: Tue May  9 16:28:45 2023 UTC elapsed time: 1861.767419 seconds (0d 0h 31m 1s)

---------------  T H R E A D  ---------------

Current thread (0x00007f0eb00b2480):  JavaThread "JVMCI-native CompilerThread0" daemon [_thread_in_vm, id=55, stack(0x00007f0e9631a000,0x00007f0e9651a000)]


Current CompileTask:
JVMCI-native:1861768 9207       4       java.util.AbstractCollection::isEmpty (13 bytes)

Stack: [0x00007f0e9631a000,0x00007f0e9651a000],  sp=0x00007f0e96518380,  free space=2040k
Native frames: (J=compiled Java code, j=interpreted, Vv=VM code, C=native code)
V  [libjvm.so+0x972714]  JVMCIRuntime::fatal_exception(JVMCIEnv*, char const*)+0x74
V  [libjvm.so+0x93e2fe]  JVMCIEnv::copy_saved_properties()+0x14e
V  [libjvm.so+0x9732a9]  JVMCIRuntime::initialize(JVMCIEnv*)+0xb19
V  [libjvm.so+0x9738a2]  JVMCIRuntime::get_HotSpotJVMCIRuntime(JVMCIEnv*)+0x12
V  [libjvm.so+0x9749f2]  JVMCIRuntime::compile_method(JVMCIEnv*, JVMCICompiler*, methodHandle const&, int)+0xd2
V  [libjvm.so+0x5b0d20]  CompileBroker::invoke_compiler_on_method(CompileTask*)+0x1470
V  [libjvm.so+0x5b12e8]  CompileBroker::compiler_thread_loop()+0x528
V  [libjvm.so+0xd82460]  JavaThread::thread_main_inner()+0xd0
V  [libjvm.so+0xd85a40]  Thread::call_run()+0xc0
V  [libjvm.so+0xbdb1e1]  thread_native_entry(Thread*)+0xe1

Register to memory mapping:

RAX=0x00007f0eb605f000 points into unknown readable memory: 0x0000000000000058 | 58 00 00 00 00 00 00 00
RBX=0x00007f0eb715a398: <offset 0x0000000000ef5398> in /nix/store/gpxl5qgg8kicmcvivwmybwjlpf7wh20l-graalvm17-ce-22.3.0/lib/server/libjvm.so at 0x00007f0eb6265000
RCX=0x00007f0eb71121e8: <offset 0x0000000000ead1e8> in /nix/store/gpxl5qgg8kicmcvivwmybwjlpf7wh20l-graalvm17-ce-22.3.0/lib/server/libjvm.so at 0x00007f0eb6265000
RDX=0x0000000000000649 is an unknown value
RSP=0x00007f0e96518380 is pointing into the stack for thread: 0x00007f0eb00b2480
RBP=0x00007f0e965183a0 is pointing into the stack for thread: 0x00007f0eb00b2480
RSI=0x00007f0eb715ac48: <offset 0x0000000000ef5c48> in /nix/store/gpxl5qgg8kicmcvivwmybwjlpf7wh20l-graalvm17-ce-22.3.0/lib/server/libjvm.so at 0x00007f0eb6265000
RDI=0x00000000e0000000 is an oop: [Ljava.security.cert.Certificate; 
{0x00000000e0000000} - klass: 'java/security/cert/Certificate'[]
 - length: 3
R8 =0x00007f0eb715a398: <offset 0x0000000000ef5398> in /nix/store/gpxl5qgg8kicmcvivwmybwjlpf7wh20l-graalvm17-ce-22.3.0/lib/server/libjvm.so at 0x00007f0eb6265000
R9 =0x00007f0e96518330 is pointing into the stack for thread: 0x00007f0eb00b2480
R10=0x00007f0e96519948 is pointing into the stack for thread: 0x00007f0eb00b2480
R11=0x0000000000000293 is an unknown value
R12=0x0 is NULL
R13=0x00007f0eb00b2480 is a thread
R14=0x00007f0eb0000b80 points into unknown readable memory: 0x00007f0eb738ba38 | 38 ba 38 b7 0e 7f 00 00
R15=0x00007f0eb7499e40: <offset 0x0000000001234e40> in /nix/store/gpxl5qgg8kicmcvivwmybwjlpf7wh20l-graalvm17-ce-22.3.0/lib/server/libjvm.so at 0x00007f0eb6265000


Registers:
RAX=0x00007f0eb605f000, RBX=0x00007f0eb715a398, RCX=0x00007f0eb71121e8, RDX=0x0000000000000649
RSP=0x00007f0e96518380, RBP=0x00007f0e965183a0, RSI=0x00007f0eb715ac48, RDI=0x00000000e0000000
R8 =0x00007f0eb715a398, R9 =0x00007f0e96518330, R10=0x00007f0e96519948, R11=0x0000000000000293
R12=0x0000000000000000, R13=0x00007f0eb00b2480, R14=0x00007f0eb0000b80, R15=0x00007f0eb7499e40
RIP=0x00007f0eb6bd7714, EFLAGS=0x0000000000010206, CSGSFS=0x002b000000000033, ERR=0x0000000000000006
  TRAPNO=0x000000000000000e

Top of Stack: (sp=0x00007f0e96518380)
0x00007f0e96518380:   00007f0e96518940 00007f0eb00b2480
0x00007f0e96518390:   00007f0eb49f08c8 0000000800c40dc8
0x00007f0e965183a0:   00007f0e96518500 00007f0eb6ba32fe
0x00007f0e965183b0:   00007f0e965183e0 00007f0e96518440 

Instructions: (pc=0x00007f0eb6bd7714)
0x00007f0eb6bd7614:   30 e8 f6 cf e8 ff 4c 89 e7 e8 2e 48 d1 ff 84 db
0x00007f0eb6bd7624:   75 2a 4d 85 ed 74 04 4d 8b 6d 00 48 83 c4 08 44
0x00007f0eb6bd7634:   89 f9 4c 89 f2 4c 89 ee 5b 4c 89 e7 41 5c 41 5d
0x00007f0eb6bd7644:   41 5e 41 5f 5d e9 e2 47 d1 ff 66 90 48 83 c4 08
0x00007f0eb6bd7654:   5b 41 5c 41 5d 41 5e 41 5f 5d c3 90 31 d2 be 08
0x00007f0eb6bd7664:   00 00 00 4c 89 ff e8 b1 78 a3 ff 49 89 c5 e9 37
0x00007f0eb6bd7674:   ff ff ff 66 0f 1f 84 00 00 00 00 00 48 8b 7a 08
0x00007f0eb6bd7684:   e9 6d ff ff ff 0f 1f 80 00 00 00 00 e8 5b 48 0a
0x00007f0eb6bd7694:   00 84 c0 75 89 e9 6a ff ff ff 66 90 55 48 89 e5
0x00007f0eb6bd76a4:   41 56 41 55 41 54 49 89 fc 53 48 89 f3 66 48 8d
0x00007f0eb6bd76b4:   3d 27 5e 85 00 66 66 48 e8 df 43 8d ff 4c 8b 28
0x00007f0eb6bd76c4:   8b 05 be 72 8a 00 85 c0 75 14 ba 01 00 00 00 48
0x00007f0eb6bd76d4:   8d 0d ae 72 8a 00 f0 0f b1 11 85 c0 74 4e be c8
0x00007f0eb6bd76e4:   00 00 00 4c 89 ef e8 01 0b 41 00 48 8d 05 12 ac
0x00007f0eb6bd76f4:   85 00 49 89 d8 48 8d 0d e8 aa 53 00 ba 49 06 00
0x00007f0eb6bd7704:   00 48 8d 35 3c 35 58 00 bf 00 00 00 e0 48 8b 00
0x00007f0eb6bd7714:   c6 00 58 31 c0 e8 e2 91 c6 ff 5b 41 5c 41 5d 41
0x00007f0eb6bd7724:   5e 5d e9 55 34 26 00 0f 1f 44 00 00 48 8d 05 81
0x00007f0eb6bd7734:   a3 8b 00 48 89 df 4c 8b 30 e8 9e 43 8d ff 48 89
0x00007f0eb6bd7744:   de 48 89 c2 49 8b 06 4c 89 f7 ff 50 08 4c 89 f7
0x00007f0eb6bd7754:   e8 a7 5c 27 00 4d 85 e4 74 12 be 01 00 00 00 4c
0x00007f0eb6bd7764:   89 e7 e8 35 43 fc ff eb 82 0f 1f 00 be 01 00 00
0x00007f0eb6bd7774:   00 4c 89 ef e8 d3 fd ff ff e9 6d ff ff ff 66 66
0x00007f0eb6bd7784:   2e 0f 1f 84 00 00 00 00 00 0f 1f 00 55 48 89 e5
0x00007f0eb6bd7794:   41 57 41 56 41 55 41 54 53 48 81 ec 08 02 00 00
0x00007f0eb6bd77a4:   64 48 8b 04 25 28 00 00 00 48 89 45 c8 8b 07 83
0x00007f0eb6bd77b4:   f8 02 0f 84 11 04 00 00 4c 8b 6f 18 49 89 ff 49
0x00007f0eb6bd77c4:   89 f4 4d 85 ed 74 14 4c 89 ef e8 5d 57 22 00 41
0x00007f0eb6bd77d4:   8b 07 83 f8 02 0f 84 19 04 00 00 48 8d 1d 9a 06
0x00007f0eb6bd77e4:   8a 00 4c 8d 35 0b 3c 58 00 eb 38 90 48 85 d2 7f
0x00007f0eb6bd77f4:   0d 48 8d 05 b4 c0 85 00 48 83 38 00 7e 0e 41 8b
0x00007f0eb6bd7804:   77 2c 4c 89 f7 31 c0 e8 a0 b2 f7 ff 49 8b 7f 18 


Stack slot to memory mapping:
stack at sp + 0 slots: 0x00007f0e96518940 is pointing into the stack for thread: 0x00007f0eb00b2480
stack at sp + 1 slots: 0x00007f0eb00b2480 is a thread
stack at sp + 2 slots: 0x00007f0eb49f08c8 points into unknown readable memory: 0x65730018e552ffff | ff ff 52 e5 18 00 73 65
stack at sp + 3 slots: 0x0000000800c40dc8 is a pointer to class: 
jdk.vm.ci.services.Services {0x0000000800c40dc8}
 - instance size:     2
 - klass size:        65
 - access:            public final synchronized 
 - state:             fully_initialized
 - name:              'jdk/vm/ci/services/Services'
 - super:             'java/lang/Object'
 - sub:               
 - arrays:            NULL
 - methods:           Array<T>(0x00007f0e96c3e200)
 - method ordering:   Array<T>(0x0000000800928960)
 - default_methods:   Array<T>(0x0000000000000000)
 - local interfaces:  Array<T>(0x00000008005ce810)
 - trans. interfaces: Array<T>(0x00000008005ce810)
 - constants:         constant pool [427] {0x00007f0e96c3d2e0} for 'jdk/vm/ci/services/Services' cache=0x00007f0e96c3f4d0
 - class loader data:  loader data: 0x00007f0eb00283f0 of 'bootstrap'
 - source file:       'Services.java'
 - class annotations:       Array<T>(0x0000000000000000)
 - class type annotations:  Array<T>(0x0000000000000000)
 - field annotations:       Array<T>(0x0000000000000000)
 - field type annotations:  Array<T>(0x0000000000000000)
 - inner classes:     Array<T>(0x00007f0e96c3f4a0)
 - nest members:     Array<T>(0x00007f0e96c3f4c0)
 - permitted subclasses:     Array<T>(0x00000008005ce7a0)
 - java mirror:       a 'java/lang/Class'{0x00000000e017e3d8} = 'jdk/vm/ci/services/Services'
 - vtable length      5  (start addr: 0x0000000800c40f98)
 - itable length      2 (start addr: 0x0000000800c40fc0)
 - ---- static fields (3 words):
 - public static final 'IS_BUILDING_NATIVE_IMAGE' 'Z' @128 
 - public static final 'IS_IN_NATIVE_IMAGE' 'Z' @129 
 - private static volatile 'savedProperties' 'Ljava/util/Map;' @112 
 - static final 'JVMCI_ENABLED' 'Z' @130 
 - private static final 'servicesCache' 'Ljava/util/Map;' @116 
 - private static final 'MAX_UNICODE_IN_UTF8_LENGTH' 'I' @120 
 - private static final 'MAX_UTF8_PROPERTY_STRING_LENGTH' 'I' @124 
 - ---- non-static fields (0 words):
 - non-static oop maps: 
stack at sp + 4 slots: 0x00007f0e96518500 is pointing into the stack for thread: 0x00007f0eb00b2480
stack at sp + 5 slots: 0x00007f0eb6ba32fe: <offset 0x000000000093e2fe> in /nix/store/gpxl5qgg8kicmcvivwmybwjlpf7wh20l-graalvm17-ce-22.3.0/lib/server/libjvm.so at 0x00007f0eb6265000
stack at sp + 6 slots: 0x00007f0e965183e0 is pointing into the stack for thread: 0x00007f0eb00b2480
stack at sp + 7 slots: 0x00007f0e96518440 is pointing into the stack for thread: 0x00007f0eb00b2480


---------------  P R O C E S S  ---------------

Threads class SMR info:
_java_thread_list=0x00007f0dfc000b70, length=27, elements={
0x00007f0eb0026690, 0x00007f0eb00a64d0, 0x00007f0eb00a7910, 0x00007f0eb00ae3d0,
0x00007f0eb00af6a0, 0x00007f0eb00b0a90, 0x00007f0eb00b2480, 0x00007f0eb00b3990,
0x00007f0eb00b4de0, 0x00007f0eb00dfee0, 0x00007f0eb0127f20, 0x00007f0eb03233f0,
0x00007f0eb0356d90, 0x00007f0eb0358cf0, 0x00007f0eb033dc90, 0x00007f0e4401a6c0,
0x00007f0e442a2b10, 0x00007f0e443048a0, 0x00007f0e44481fa0, 0x00007f0e445efc00,
0x00007f0eb03e0700, 0x00007f0eb0384d80, 0x00007f0e14000ff0, 0x00007f0e20156b50,
0x00007f0e20155f90, 0x00007f0e38007280, 0x00007f0e0c015f30
}

Java Threads: ( => current thread )
  0x00007f0eb0026690 JavaThread "main" [_thread_blocked, id=47, stack(0x00007f0eb6080000,0x00007f0eb6180000)]
  0x00007f0eb00a64d0 JavaThread "Reference Handler" daemon [_thread_blocked, id=50, stack(0x00007f0eb4097000,0x00007f0eb4197000)]
  0x00007f0eb00a7910 JavaThread "Finalizer" daemon [_thread_blocked, id=51, stack(0x00007f0e96b00000,0x00007f0e96c00000)]
  0x00007f0eb00ae3d0 JavaThread "Signal Dispatcher" daemon [_thread_blocked, id=52, stack(0x00007f0e9671a000,0x00007f0e9681a000)]
  0x00007f0eb00af6a0 JavaThread "Service Thread" daemon [_thread_blocked, id=53, stack(0x00007f0e9661a000,0x00007f0e9671a000)]
  0x00007f0eb00b0a90 JavaThread "Monitor Deflation Thread" daemon [_thread_blocked, id=54, stack(0x00007f0e9651a000,0x00007f0e9661a000)]
=>0x00007f0eb00b2480 JavaThread "JVMCI-native CompilerThread0" daemon [_thread_in_vm, id=55, stack(0x00007f0e9631a000,0x00007f0e9651a000)]
  0x00007f0eb00b3990 JavaThread "C1 CompilerThread0" daemon [_thread_blocked, id=56, stack(0x00007f0e9611a000,0x00007f0e9631a000)]
  0x00007f0eb00b4de0 JavaThread "Sweeper thread" daemon [_thread_blocked, id=57, stack(0x00007f0e9601a000,0x00007f0e9611a000)]
  0x00007f0eb00dfee0 JavaThread "Common-Cleaner" daemon [_thread_blocked, id=58, stack(0x00007f0e95f1a000,0x00007f0e9601a000)]
  0x00007f0eb0127f20 JavaThread "Notification Thread" daemon [_thread_blocked, id=60, stack(0x00007f0e95e1a000,0x00007f0e95f1a000)]
  0x00007f0eb03233f0 JavaThread "Active Thread: Equinox Container: e7d6b127-3051-43da-bd1e-fbcd958d50bb" [_thread_blocked, id=89, stack(0x00007f0e94a00000,0x00007f0e94b00000)]
  0x00007f0eb0356d90 JavaThread "Framework Event Dispatcher: Equinox Container: e7d6b127-3051-43da-bd1e-fbcd958d50bb" daemon [_thread_blocked, id=90, stack(0x00007f0e94800000,0x00007f0e94900000)]
  0x00007f0eb0358cf0 JavaThread "Start Level: Equinox Container: e7d6b127-3051-43da-bd1e-fbcd958d50bb" daemon [_thread_blocked, id=91, stack(0x00007f0e94600000,0x00007f0e94700000)]
  0x00007f0eb033dc90 JavaThread "Refresh Thread: Equinox Container: e7d6b127-3051-43da-bd1e-fbcd958d50bb" daemon [_thread_blocked, id=92, stack(0x00007f0e94400000,0x00007f0e94500000)]
  0x00007f0e4401a6c0 JavaThread "SCR Component Actor" daemon [_thread_blocked, id=101, stack(0x00007f0e94200000,0x00007f0e94300000)]
  0x00007f0e442a2b10 JavaThread "Worker-JM" [_thread_blocked, id=111, stack(0x00007f0e5db00000,0x00007f0e5dc00000)]
  0x00007f0e443048a0 JavaThread "Worker-0: Publish Diagnostics" [_thread_blocked, id=112, stack(0x00007f0e5d900000,0x00007f0e5da00000)]
  0x00007f0e44481fa0 JavaThread "Java indexing" daemon [_thread_blocked, id=114, stack(0x00007f0e5d500000,0x00007f0e5d600000)]
  0x00007f0e445efc00 JavaThread "Bundle File Closer" daemon [_thread_blocked, id=119, stack(0x00007f0e5d300000,0x00007f0e5d400000)]
  0x00007f0eb03e0700 JavaThread "pool-3-thread-1" [_thread_blocked, id=124, stack(0x00007f0e5d100000,0x00007f0e5d200000)]
  0x00007f0eb0384d80 JavaThread "pool-2-thread-1" [_thread_blocked, id=126, stack(0x00007f0e5cd00000,0x00007f0e5ce00000)]
  0x00007f0e14000ff0 JavaThread "Worker-4: Java indexing... " [_thread_blocked, id=135, stack(0x00007f0e5cc00000,0x00007f0e5cd00000)]
  0x00007f0e20156b50 JavaThread "Thread-5" [_thread_blocked, id=653, stack(0x00007f0e5cf00000,0x00007f0e5d000000)]
  0x00007f0e20155f90 JavaThread "Thread-6" [_thread_blocked, id=662, stack(0x00007f0e5d700000,0x00007f0e5d800000)]
  0x00007f0e38007280 JavaThread "Worker-6: Compacting resource model" [_thread_blocked, id=695, stack(0x00007f0e5cb00000,0x00007f0e5cc00000)]
  0x00007f0e0c015f30 JavaThread "Worker-7" [_thread_blocked, id=1156, stack(0x00007f0e5c900000,0x00007f0e5ca00000)]

Other Threads:
  0x00007f0eb00a1c10 VMThread "VM Thread" [stack: 0x00007f0eb4199000,0x00007f0eb4299000] [id=49] _threads_hazard_ptr=0x00007f0dfc000b70
  0x00007f0eb01298c0 WatcherThread [stack: 0x00007f0e95d1a000,0x00007f0e95e1a000] [id=61]
  0x00007f0eb003df30 GCTaskThread "GC Thread#0" [stack: 0x00007f0eb5c43000,0x00007f0eb5d43000] [id=48]

Threads with active compile tasks:
JVMCI-native CompilerThread0  1861854 9207       4       java.util.AbstractCollection::isEmpty (13 bytes)

VM state: synchronizing (normal execution)

VM Mutex/Monitor currently owned by a thread:  ([mutex/lock_event])
[0x00007f0eb0023840] Threads_lock - owner thread: 0x00007f0eb00a1c10
[0x00007f0eb0023ff0] Heap_lock - owner thread: 0x00007f0e44481fa0

OutOfMemory and StackOverflow Exception counts:
OutOfMemoryError java_heap_errors=9
LinkageErrors=66

Heap address: 0x00000000e0000000, size: 512 MB, Compressed Oops mode: 32-bit

CDS archive(s) mapped at: [0x0000000800000000-0x0000000800bc8000-0x0000000800bc8000), size 12353536, SharedBaseAddress: 0x0000000800000000, ArchiveRelocationMode: 0.
Compressed class space mapped at: 0x0000000800c00000-0x0000000840c00000, reserved size: 1073741824
Narrow klass base: 0x0000000800000000, Narrow klass shift: 0, Narrow klass range: 0x100000000

GC Precious Log:
 CPUs: 8 total, 1 available
 Memory: 1024M
 Large Page Support: Disabled
 NUMA Support: Disabled
 Compressed Oops: Enabled (32-bit)
 Alignments: Space 512K, Generation 512K, Heap 2M
 Heap Min Capacity: 100M
 Heap Initial Capacity: 100M
 Heap Max Capacity: 512M
 Pre-touch: Disabled
 Parallel Workers: 1

Heap:
 PSYoungGen      total 43008K, used 29183K [0x00000000f5580000, 0x00000000f9680000, 0x0000000100000000)
  eden space 29184K, 99% used [0x00000000f5580000,0x00000000f71ffff8,0x00000000f7200000)
  from space 13824K, 0% used [0x00000000f7200000,0x00000000f7200000,0x00000000f7f80000)
  to   space 16384K, 0% used [0x00000000f8680000,0x00000000f8680000,0x00000000f9680000)
 ParOldGen       total 349696K, used 349695K [0x00000000e0000000, 0x00000000f5580000, 0x00000000f5580000)
  object space 349696K, 99% used [0x00000000e0000000,0x00000000f557fff0,0x00000000f5580000)
 Metaspace       used 60217K, committed 61120K, reserved 1105920K
  class space    used 5967K, committed 6336K, reserved 1048576K

Card table byte_map: [0x00007f0eb5d43000,0x00007f0eb5e44000] _byte_map_base: 0x00007f0eb5643000

Marking Bits: (ParMarkBitMap*) 0x00007f0eb74934c0
 Begin Bits: [0x00007f0eb4b96000, 0x00007f0eb5396000)
 End Bits:   [0x00007f0eb5396000, 0x00007f0eb5b96000)

Polling page: 0x00007f0eb605d000

Metaspace:

Usage:
  Non-class:     52.98 MB used.
      Class:      5.83 MB used.
       Both:     58.81 MB used.

Virtual space:
  Non-class space:       56.00 MB reserved,      53.50 MB ( 96%) committed,  7 nodes.
      Class space:        1.00 GB reserved,       6.19 MB ( <1%) committed,  1 nodes.
             Both:        1.05 GB reserved,      59.69 MB (  6%) committed. 

Chunk freelists:
   Non-Class:  2.39 MB
       Class:  1.85 MB
        Both:  4.25 MB

MaxMetaspaceSize: unlimited
CompressedClassSpaceSize: 1.00 GB
Initial GC threshold: 21.00 MB
Current GC threshold: 99.38 MB
CDS: on
MetaspaceReclaimPolicy: balanced
 - commit_granule_bytes: 65536.
 - commit_granule_words: 8192.
 - virtual_space_node_default_size: 1048576.
 - enlarge_chunks_in_place: 1.
 - new_chunks_are_fully_committed: 0.
 - uncommit_free_chunks: 1.
 - use_allocation_guard: 0.
 - handle_deallocations: 1.


Internal statistics:

num_allocs_failed_limit: 6.
num_arena_births: 506.
num_arena_deaths: 148.
num_vsnodes_births: 8.
num_vsnodes_deaths: 0.
num_space_committed: 954.
num_space_uncommitted: 0.
num_chunks_returned_to_freelist: 210.
num_chunks_taken_from_freelist: 2901.
num_chunk_merges: 85.
num_chunk_splits: 1841.
num_chunks_enlarged: 1160.
num_purges: 16.
num_inconsistent_stats: 0.

CodeHeap 'non-profiled nmethods': size=120036Kb used=2574Kb max_used=2574Kb free=117461Kb
 bounds [0x00007f0e9ef7a000, 0x00007f0e9f20a000, 0x00007f0ea64b3000]
CodeHeap 'profiled nmethods': size=120032Kb used=15409Kb max_used=16906Kb free=104622Kb
 bounds [0x00007f0e97a42000, 0x00007f0e98ad2000, 0x00007f0e9ef7a000]
CodeHeap 'non-nmethods': size=5692Kb used=1407Kb max_used=1411Kb free=4285Kb
 bounds [0x00007f0e974b3000, 0x00007f0e97723000, 0x00007f0e97a42000]
 total_blobs=7837 nmethods=7091 adapters=632
 compilation: enabled
              stopped_count=0, restarted_count=0
 full_count=0

JVMCI Events (20 events):
Event: 1392.497 Thread 0x00007f0eb00b2480 compacted oop handles in JVMCI runtime 0 from 76 to 76
Event: 1392.497 Thread 0x00007f0eb00b2480 releasing handles for JVMCI runtime 0: oop handles=76, metadata handles={total=128, live=125, blocks=36}
Event: 1392.497 Thread 0x00007f0eb00b2480 detached from JVMCI runtime 0
Event: 1396.889 Thread 0x00007f0eb00b2480 attached to JVMCI runtime 0
Event: 1396.890 Thread 0x00007f0eb00b2480 created JavaVM[7]@0x00007f0e5c19e340 for JVMCI runtime 0
Event: 1402.756 Thread 0x00007f0eb00b2480 initializing JVMCI runtime 0
Event: 1402.756 Thread 0x00007f0eb00b2480 done waiting for JavaVM references initialization in JVMCI runtime 0
Event: 1450.716 Thread 0x00007f0eb00b2480 initialized JVMCI runtime 0
Event: 1507.258 Thread 0x00007f0eb00b2480 detaching from JVMCI runtime 0: releasing idle compiler thread (0 other threads still attached)
Event: 1507.258 Thread 0x00007f0eb00b2480 shutting down HotSpotJVMCIRuntime for JVMCI runtime 0
Event: 1508.679 Thread 0x00007f0eb00b2480 compacted oop handles in JVMCI runtime 0 from 107 to 69
Event: 1508.679 Thread 0x00007f0eb00b2480 shut down JVMCI runtime 0
Event: 1510.053 Thread 0x00007f0eb00b2480 destroyed JavaVM[7]@0x00007f0e5c19e340 for JVMCI runtime 0
Event: 1510.053 Thread 0x00007f0eb00b2480 compacted oop handles in JVMCI runtime 0 from 69 to 69
Event: 1510.053 Thread 0x00007f0eb00b2480 releasing handles for JVMCI runtime 0: oop handles=69, metadata handles={total=160, live=133, blocks=36}
Event: 1510.053 Thread 0x00007f0eb00b2480 detached from JVMCI runtime 0
Event: 1752.306 Thread 0x00007f0eb00b2480 attached to JVMCI runtime 0
Event: 1752.308 Thread 0x00007f0eb00b2480 created JavaVM[8]@0x00007f0e5c19e340 for JVMCI runtime 0
Event: 1752.308 Thread 0x00007f0eb00b2480 initializing JVMCI runtime 0
Event: 1752.308 Thread 0x00007f0eb00b2480 done waiting for JavaVM references initialization in JVMCI runtime 0

Compilation events (20 events):
Event: 1561.591 Thread 0x00007f0eb00b3990 nmethod 9201 0x00007f0e9826b690 code [0x00007f0e9826b840, 0x00007f0e9826b990]
Event: 1625.884 Thread 0x00007f0eb00b3990 9203       3       java.util.concurrent.ScheduledThreadPoolExecutor$ScheduledFutureTask::getDelay (16 bytes)
Event: 1625.884 Thread 0x00007f0eb00b3990 nmethod 9203 0x00007f0e982b6490 code [0x00007f0e982b6640, 0x00007f0e982b67c0]
Event: 1637.120 Thread 0x00007f0eb00b3990 9204       1       org.eclipse.osgi.internal.location.BasicLocation::isReadOnly (5 bytes)
Event: 1637.120 Thread 0x00007f0eb00b3990 nmethod 9204 0x00007f0e9f1fd510 code [0x00007f0e9f1fd6a0, 0x00007f0e9f1fd770]
Event: 1717.306 Thread 0x00007f0eb00b3990 9205       3       java.util.concurrent.locks.AbstractQueuedSynchronizer$Node::clearStatus (12 bytes)
Event: 1717.306 Thread 0x00007f0eb00b3990 nmethod 9205 0x00007f0e98372190 code [0x00007f0e98372340, 0x00007f0e983724a0]
Event: 1717.306 Thread 0x00007f0eb00b3990 9206       3       jdk.internal.misc.Unsafe::putIntOpaque (9 bytes)
Event: 1717.306 Thread 0x00007f0eb00b3990 nmethod 9206 0x00007f0e98524d90 code [0x00007f0e98524f20, 0x00007f0e98525030]
Event: 1752.306 Thread 0x00007f0eb00b2480 9207       4       java.util.AbstractCollection::isEmpty (13 bytes)
Event: 1761.811 Thread 0x00007f0eb00b3990 9208       3       java.util.concurrent.locks.LockSupport::parkNanos (29 bytes)
Event: 1764.128 Thread 0x00007f0eb00b3990 nmethod 9208 0x00007f0e98124410 code [0x00007f0e981245e0, 0x00007f0e981247e0]
Event: 1776.477 Thread 0x00007f0eb00b3990 9210   !   3       org.eclipse.jdt.internal.compiler.lookup.BinaryTypeBinding::superclass (207 bytes)
Event: 1776.478 Thread 0x00007f0eb00b3990 nmethod 9210 0x00007f0e97fd0590 code [0x00007f0e97fd07e0, 0x00007f0e97fd19a0]
Event: 1778.057 Thread 0x00007f0eb00b3990 9211       1       org.eclipse.jdt.internal.compiler.ast.MethodDeclaration::typeParameters (5 bytes)
Event: 1778.057 Thread 0x00007f0eb00b3990 nmethod 9211 0x00007f0e9f1fd810 code [0x00007f0e9f1fd9a0, 0x00007f0e9f1fda70]
Event: 1789.692 Thread 0x00007f0eb00b3990 9212       3       org.eclipse.jdt.internal.core.BinaryType::equals (15 bytes)
Event: 1789.692 Thread 0x00007f0eb00b3990 nmethod 9212 0x00007f0e97b52b90 code [0x00007f0e97b52d60, 0x00007f0e97b53740]
Event: 1789.692 Thread 0x00007f0eb00b3990 9213       3       org.eclipse.jdt.internal.core.util.LRUCache::updateTimestamp (36 bytes)
Event: 1789.692 Thread 0x00007f0eb00b3990 nmethod 9213 0x00007f0e98554390 code [0x00007f0e98554540, 0x00007f0e98554af0]

GC Heap History (20 events):
Event: 1847.458 GC heap before
{Heap before GC invocations=1052 (full 973):
 PSYoungGen      total 43008K, used 29184K [0x00000000f5580000, 0x00000000f9680000, 0x0000000100000000)
  eden space 29184K, 100% used [0x00000000f5580000,0x00000000f7200000,0x00000000f7200000)
  from space 13824K, 0% used [0x00000000f7200000,0x00000000f7200000,0x00000000f7f80000)
  to   space 16384K, 0% used [0x00000000f8680000,0x00000000f8680000,0x00000000f9680000)
 ParOldGen       total 349696K, used 349695K [0x00000000e0000000, 0x00000000f5580000, 0x00000000f5580000)
  object space 349696K, 99% used [0x00000000e0000000,0x00000000f557fff8,0x00000000f5580000)
 Metaspace       used 60217K, committed 61120K, reserved 1105920K
  class space    used 5967K, committed 6336K, reserved 1048576K
}
Event: 1848.877 GC heap after
{Heap after GC invocations=1052 (full 973):
 PSYoungGen      total 45568K, used 29184K [0x00000000f5580000, 0x00000000f9680000, 0x0000000100000000)
  eden space 29184K, 100% used [0x00000000f5580000,0x00000000f7200000,0x00000000f7200000)
  from space 16384K, 0% used [0x00000000f8680000,0x00000000f8680000,0x00000000f9680000)
  to   space 13824K, 0% used [0x00000000f7200000,0x00000000f7200000,0x00000000f7f80000)
 ParOldGen       total 349696K, used 349695K [0x00000000e0000000, 0x00000000f5580000, 0x00000000f5580000)
  object space 349696K, 99% used [0x00000000e0000000,0x00000000f557fff8,0x00000000f5580000)
 Metaspace       used 60217K, committed 61120K, reserved 1105920K
  class space    used 5967K, committed 6336K, reserved 1048576K
}
Event: 1848.877 GC heap before
{Heap before GC invocations=1053 (full 974):
 PSYoungGen      total 45568K, used 29184K [0x00000000f5580000, 0x00000000f9680000, 0x0000000100000000)
  eden space 29184K, 100% used [0x00000000f5580000,0x00000000f7200000,0x00000000f7200000)
  from space 16384K, 0% used [0x00000000f8680000,0x00000000f8680000,0x00000000f9680000)
  to   space 13824K, 0% used [0x00000000f7200000,0x00000000f7200000,0x00000000f7f80000)
 ParOldGen       total 349696K, used 349695K [0x00000000e0000000, 0x00000000f5580000, 0x00000000f5580000)
  object space 349696K, 99% used [0x00000000e0000000,0x00000000f557fff8,0x00000000f5580000)
 Metaspace       used 60217K, committed 61120K, reserved 1105920K
  class space    used 5967K, committed 6336K, reserved 1048576K
}
Event: 1850.258 GC heap after
{Heap after GC invocations=1053 (full 974):
 PSYoungGen      total 43008K, used 29183K [0x00000000f5580000, 0x00000000f9680000, 0x0000000100000000)
  eden space 29184K, 99% used [0x00000000f5580000,0x00000000f71ffff0,0x00000000f7200000)
  from space 13824K, 0% used [0x00000000f7200000,0x00000000f7200000,0x00000000f7f80000)
  to   space 16384K, 0% used [0x00000000f8680000,0x00000000f8680000,0x00000000f9680000)
 ParOldGen       total 349696K, used 349695K [0x00000000e0000000, 0x00000000f5580000, 0x00000000f5580000)
  object space 349696K, 99% used [0x00000000e0000000,0x00000000f557fe00,0x00000000f5580000)
 Metaspace       used 60217K, committed 61120K, reserved 1105920K
  class space    used 5967K, committed 6336K, reserved 1048576K
}
Event: 1850.258 GC heap before
{Heap before GC invocations=1054 (full 975):
 PSYoungGen      total 43008K, used 29183K [0x00000000f5580000, 0x00000000f9680000, 0x0000000100000000)
  eden space 29184K, 99% used [0x00000000f5580000,0x00000000f71ffff0,0x00000000f7200000)
  from space 13824K, 0% used [0x00000000f7200000,0x00000000f7200000,0x00000000f7f80000)
  to   space 16384K, 0% used [0x00000000f8680000,0x00000000f8680000,0x00000000f9680000)
 ParOldGen       total 349696K, used 349695K [0x00000000e0000000, 0x00000000f5580000, 0x00000000f5580000)
  object space 349696K, 99% used [0x00000000e0000000,0x00000000f557fed0,0x00000000f5580000)
 Metaspace       used 60217K, committed 61120K, reserved 1105920K
  class space    used 5967K, committed 6336K, reserved 1048576K
}
Event: 1851.676 GC heap after
{Heap after GC invocations=1054 (full 975):
 PSYoungGen      total 45568K, used 29183K [0x00000000f5580000, 0x00000000f9680000, 0x0000000100000000)
  eden space 29184K, 99% used [0x00000000f5580000,0x00000000f71fffa8,0x00000000f7200000)
  from space 16384K, 0% used [0x00000000f8680000,0x00000000f8680000,0x00000000f9680000)
  to   space 13824K, 0% used [0x00000000f7200000,0x00000000f7200000,0x00000000f7f80000)
 ParOldGen       total 349696K, used 349695K [0x00000000e0000000, 0x00000000f5580000, 0x00000000f5580000)
  object space 349696K, 99% used [0x00000000e0000000,0x00000000f557fea8,0x00000000f5580000)
 Metaspace       used 60217K, committed 61120K, reserved 1105920K
  class space    used 5967K, committed 6336K, reserved 1048576K
}
Event: 1851.677 GC heap before
{Heap before GC invocations=1055 (full 976):
 PSYoungGen      total 45568K, used 29183K [0x00000000f5580000, 0x00000000f9680000, 0x0000000100000000)
  eden space 29184K, 99% used [0x00000000f5580000,0x00000000f71ffff8,0x00000000f7200000)
  from space 16384K, 0% used [0x00000000f8680000,0x00000000f8680000,0x00000000f9680000)
  to   space 13824K, 0% used [0x00000000f7200000,0x00000000f7200000,0x00000000f7f80000)
 ParOldGen       total 349696K, used 349696K [0x00000000e0000000, 0x00000000f5580000, 0x00000000f5580000)
  object space 349696K, 100% used [0x00000000e0000000,0x00000000f5580000,0x00000000f5580000)
 Metaspace       used 60217K, committed 61120K, reserved 1105920K
  class space    used 5967K, committed 6336K, reserved 1048576K
}
Event: 1853.175 GC heap after
{Heap after GC invocations=1055 (full 976):
 PSYoungGen      total 43008K, used 29183K [0x00000000f5580000, 0x00000000f9680000, 0x0000000100000000)
  eden space 29184K, 99% used [0x00000000f5580000,0x00000000f71fffc8,0x00000000f7200000)
  from space 13824K, 0% used [0x00000000f7200000,0x00000000f7200000,0x00000000f7f80000)
  to   space 16384K, 0% used [0x00000000f8680000,0x00000000f8680000,0x00000000f9680000)
 ParOldGen       total 349696K, used 349695K [0x00000000e0000000, 0x00000000f5580000, 0x00000000f5580000)
  object space 349696K, 99% used [0x00000000e0000000,0x00000000f557ff68,0x00000000f5580000)
 Metaspace       used 60217K, committed 61120K, reserved 1105920K
  class space    used 5967K, committed 6336K, reserved 1048576K
}
Event: 1853.176 GC heap before
{Heap before GC invocations=1056 (full 977):
 PSYoungGen      total 43008K, used 29183K [0x00000000f5580000, 0x00000000f9680000, 0x0000000100000000)
  eden space 29184K, 99% used [0x00000000f5580000,0x00000000f71ffff8,0x00000000f7200000)
  from space 13824K, 0% used [0x00000000f7200000,0x00000000f7200000,0x00000000f7f80000)
  to   space 16384K, 0% used [0x00000000f8680000,0x00000000f8680000,0x00000000f9680000)
 ParOldGen       total 349696K, used 349695K [0x00000000e0000000, 0x00000000f5580000, 0x00000000f5580000)
  object space 349696K, 99% used [0x00000000e0000000,0x00000000f557ff68,0x00000000f5580000)
 Metaspace       used 60217K, committed 61120K, reserved 1105920K
  class space    used 5967K, committed 6336K, reserved 1048576K
}
Event: 1854.568 GC heap after
{Heap after GC invocations=1056 (full 977):
 PSYoungGen      total 45568K, used 29183K [0x00000000f5580000, 0x00000000f9680000, 0x0000000100000000)
  eden space 29184K, 99% used [0x00000000f5580000,0x00000000f71fffc8,0x00000000f7200000)
  from space 16384K, 0% used [0x00000000f8680000,0x00000000f8680000,0x00000000f9680000)
  to   space 13824K, 0% used [0x00000000f7200000,0x00000000f7200000,0x00000000f7f80000)
 ParOldGen       total 349696K, used 349695K [0x00000000e0000000, 0x00000000f5580000, 0x00000000f5580000)
  object space 349696K, 99% used [0x00000000e0000000,0x00000000f557ff68,0x00000000f5580000)
 Metaspace       used 60217K, committed 61120K, reserved 1105920K
  class space    used 5967K, committed 6336K, reserved 1048576K
}
Event: 1854.568 GC heap before
{Heap before GC invocations=1057 (full 978):
 PSYoungGen      total 45568K, used 29183K [0x00000000f5580000, 0x00000000f9680000, 0x0000000100000000)
  eden space 29184K, 99% used [0x00000000f5580000,0x00000000f71ffff8,0x00000000f7200000)
  from space 16384K, 0% used [0x00000000f8680000,0x00000000f8680000,0x00000000f9680000)
  to   space 13824K, 0% used [0x00000000f7200000,0x00000000f7200000,0x00000000f7f80000)
 ParOldGen       total 349696K, used 349695K [0x00000000e0000000, 0x00000000f5580000, 0x00000000f5580000)
  object space 349696K, 99% used [0x00000000e0000000,0x00000000f557ff68,0x00000000f5580000)
 Metaspace       used 60217K, committed 61120K, reserved 1105920K
  class space    used 5967K, committed 6336K, reserved 1048576K
}
Event: 1855.996 GC heap after
{Heap after GC invocations=1057 (full 978):
 PSYoungGen      total 43008K, used 29183K [0x00000000f5580000, 0x00000000f9680000, 0x0000000100000000)
  eden space 29184K, 99% used [0x00000000f5580000,0x00000000f71fffc8,0x00000000f7200000)
  from space 13824K, 0% used [0x00000000f7200000,0x00000000f7200000,0x00000000f7f80000)
  to   space 16384K, 0% used [0x00000000f8680000,0x00000000f8680000,0x00000000f9680000)
 ParOldGen       total 349696K, used 349695K [0x00000000e0000000, 0x00000000f5580000, 0x00000000f5580000)
  object space 349696K, 99% used [0x00000000e0000000,0x00000000f557ff68,0x00000000f5580000)
 Metaspace       used 60217K, committed 61120K, reserved 1105920K
  class space    used 5967K, committed 6336K, reserved 1048576K
}
Event: 1855.996 GC heap before
{Heap before GC invocations=1058 (full 979):
 PSYoungGen      total 43008K, used 29183K [0x00000000f5580000, 0x00000000f9680000, 0x0000000100000000)
  eden space 29184K, 99% used [0x00000000f5580000,0x00000000f71ffff8,0x00000000f7200000)
  from space 13824K, 0% used [0x00000000f7200000,0x00000000f7200000,0x00000000f7f80000)
  to   space 16384K, 0% used [0x00000000f8680000,0x00000000f8680000,0x00000000f9680000)
 ParOldGen       total 349696K, used 349695K [0x00000000e0000000, 0x00000000f5580000, 0x00000000f5580000)
  object space 349696K, 99% used [0x00000000e0000000,0x00000000f557ff68,0x00000000f5580000)
 Metaspace       used 60217K, committed 61120K, reserved 1105920K
  class space    used 5967K, committed 6336K, reserved 1048576K
}
Event: 1857.569 GC heap after
{Heap after GC invocations=1058 (full 979):
 PSYoungGen      total 45568K, used 29183K [0x00000000f5580000, 0x00000000f9680000, 0x0000000100000000)
  eden space 29184K, 99% used [0x00000000f5580000,0x00000000f71fffd8,0x00000000f7200000)
  from space 16384K, 0% used [0x00000000f8680000,0x00000000f8680000,0x00000000f9680000)
  to   space 13824K, 0% used [0x00000000f7200000,0x00000000f7200000,0x00000000f7f80000)
 ParOldGen       total 349696K, used 349695K [0x00000000e0000000, 0x00000000f5580000, 0x00000000f5580000)
  object space 349696K, 99% used [0x00000000e0000000,0x00000000f557ff68,0x00000000f5580000)
 Metaspace       used 60217K, committed 61120K, reserved 1105920K
  class space    used 5967K, committed 6336K, reserved 1048576K
}
Event: 1857.569 GC heap before
{Heap before GC invocations=1059 (full 980):
 PSYoungGen      total 45568K, used 29183K [0x00000000f5580000, 0x00000000f9680000, 0x0000000100000000)
  eden space 29184K, 99% used [0x00000000f5580000,0x00000000f71fffd8,0x00000000f7200000)
  from space 16384K, 0% used [0x00000000f8680000,0x00000000f8680000,0x00000000f9680000)
  to   space 13824K, 0% used [0x00000000f7200000,0x00000000f7200000,0x00000000f7f80000)
 ParOldGen       total 349696K, used 349695K [0x00000000e0000000, 0x00000000f5580000, 0x00000000f5580000)
  object space 349696K, 99% used [0x00000000e0000000,0x00000000f557ff68,0x00000000f5580000)
 Metaspace       used 60217K, committed 61120K, reserved 1105920K
  class space    used 5967K, committed 6336K, reserved 1048576K
}
Event: 1858.983 GC heap after
{Heap after GC invocations=1059 (full 980):
 PSYoungGen      total 43008K, used 29183K [0x00000000f5580000, 0x00000000f9680000, 0x0000000100000000)
  eden space 29184K, 99% used [0x00000000f5580000,0x00000000f71fffd8,0x00000000f7200000)
  from space 13824K, 0% used [0x00000000f7200000,0x00000000f7200000,0x00000000f7f80000)
  to   space 16384K, 0% used [0x00000000f8680000,0x00000000f8680000,0x00000000f9680000)
 ParOldGen       total 349696K, used 349695K [0x00000000e0000000, 0x00000000f5580000, 0x00000000f5580000)
  object space 349696K, 99% used [0x00000000e0000000,0x00000000f557ff68,0x00000000f5580000)
 Metaspace       used 60217K, committed 61120K, reserved 1105920K
  class space    used 5967K, committed 6336K, reserved 1048576K
}
Event: 1858.983 GC heap before
{Heap before GC invocations=1060 (full 981):
 PSYoungGen      total 43008K, used 29183K [0x00000000f5580000, 0x00000000f9680000, 0x0000000100000000)
  eden space 29184K, 99% used [0x00000000f5580000,0x00000000f71ffff8,0x00000000f7200000)
  from space 13824K, 0% used [0x00000000f7200000,0x00000000f7200000,0x00000000f7f80000)
  to   space 16384K, 0% used [0x00000000f8680000,0x00000000f8680000,0x00000000f9680000)
 ParOldGen       total 349696K, used 349695K [0x00000000e0000000, 0x00000000f5580000, 0x00000000f5580000)
  object space 349696K, 99% used [0x00000000e0000000,0x00000000f557ff68,0x00000000f5580000)
 Metaspace       used 60217K, committed 61120K, reserved 1105920K
  class space    used 5967K, committed 6336K, reserved 1048576K
}
Event: 1860.387 GC heap after
{Heap after GC invocations=1060 (full 981):
 PSYoungGen      total 45568K, used 29183K [0x00000000f5580000, 0x00000000f9680000, 0x0000000100000000)
  eden space 29184K, 99% used [0x00000000f5580000,0x00000000f71fffd8,0x00000000f7200000)
  from space 16384K, 0% used [0x00000000f8680000,0x00000000f8680000,0x00000000f9680000)
  to   space 13824K, 0% used [0x00000000f7200000,0x00000000f7200000,0x00000000f7f80000)
 ParOldGen       total 349696K, used 349695K [0x00000000e0000000, 0x00000000f5580000, 0x00000000f5580000)
  object space 349696K, 99% used [0x00000000e0000000,0x00000000f557ff68,0x00000000f5580000)
 Metaspace       used 60217K, committed 61120K, reserved 1105920K
  class space    used 5967K, committed 6336K, reserved 1048576K
}
Event: 1860.387 GC heap before
{Heap before GC invocations=1061 (full 982):
 PSYoungGen      total 45568K, used 29183K [0x00000000f5580000, 0x00000000f9680000, 0x0000000100000000)
  eden space 29184K, 99% used [0x00000000f5580000,0x00000000f71fffd8,0x00000000f7200000)
  from space 16384K, 0% used [0x00000000f8680000,0x00000000f8680000,0x00000000f9680000)
  to   space 13824K, 0% used [0x00000000f7200000,0x00000000f7200000,0x00000000f7f80000)
 ParOldGen       total 349696K, used 349695K [0x00000000e0000000, 0x00000000f5580000, 0x00000000f5580000)
  object space 349696K, 99% used [0x00000000e0000000,0x00000000f557ff68,0x00000000f5580000)
 Metaspace       used 60217K, committed 61120K, reserved 1105920K
  class space    used 5967K, committed 6336K, reserved 1048576K
}
Event: 1861.761 GC heap after
{Heap after GC invocations=1061 (full 982):
 PSYoungGen      total 43008K, used 29183K [0x00000000f5580000, 0x00000000f9680000, 0x0000000100000000)
  eden space 29184K, 99% used [0x00000000f5580000,0x00000000f71fffd8,0x00000000f7200000)
  from space 13824K, 0% used [0x00000000f7200000,0x00000000f7200000,0x00000000f7f80000)
  to   space 16384K, 0% used [0x00000000f8680000,0x00000000f8680000,0x00000000f9680000)
 ParOldGen       total 349696K, used 349695K [0x00000000e0000000, 0x00000000f5580000, 0x00000000f5580000)
  object space 349696K, 99% used [0x00000000e0000000,0x00000000f557ff68,0x00000000f5580000)
 Metaspace       used 60217K, committed 61120K, reserved 1105920K
  class space    used 5967K, committed 6336K, reserved 1048576K
}

Dll operation events (9 events):
Event: 0.002 Loaded shared library /nix/store/gpxl5qgg8kicmcvivwmybwjlpf7wh20l-graalvm17-ce-22.3.0/lib/libjava.so
Event: 0.009 Loaded shared library /nix/store/gpxl5qgg8kicmcvivwmybwjlpf7wh20l-graalvm17-ce-22.3.0/lib/libjsvml.so
Event: 0.204 Loaded shared library /nix/store/gpxl5qgg8kicmcvivwmybwjlpf7wh20l-graalvm17-ce-22.3.0/lib/libnio.so
Event: 0.207 Loaded shared library /nix/store/gpxl5qgg8kicmcvivwmybwjlpf7wh20l-graalvm17-ce-22.3.0/lib/libjvmcicompiler.so
Event: 0.272 Loaded shared library /nix/store/gpxl5qgg8kicmcvivwmybwjlpf7wh20l-graalvm17-ce-22.3.0/lib/libzip.so
Event: 0.793 Loaded shared library /nix/store/gpxl5qgg8kicmcvivwmybwjlpf7wh20l-graalvm17-ce-22.3.0/lib/libjimage.so
Event: 1.464 Loaded shared library /nix/store/gpxl5qgg8kicmcvivwmybwjlpf7wh20l-graalvm17-ce-22.3.0/lib/libnet.so
Event: 4.460 Loaded shared library /home/runner/.cache/jdt-language-server/config/org.eclipse.equinox.launcher/org.eclipse.equinox.launcher.gtk.linux.x86_64_1.2.400.v20211117-0650/eclipse_11600.so
Event: 12.957 Loaded shared library /nix/store/gpxl5qgg8kicmcvivwmybwjlpf7wh20l-graalvm17-ce-22.3.0/lib/libextnet.so

Deoptimization events (20 events):
Event: 1832.513 Thread 0x00007f0e44481fa0 Uncommon trap: trap_request=0xffffff8f fr.pc=0x00007f0e9f1d598c relative=0x000000000000104c
Event: 1832.513 Thread 0x00007f0e44481fa0 Uncommon trap: reason=constraint action=none pc=0x00007f0e9f1d598c method=org.eclipse.jdt.internal.core.index.DiskIndex.copyQueryResults(Lorg/eclipse/jdt/internal/compiler/util/HashtableOfObject;I)V @ 123 jvmci
Event: 1835.695 Thread 0x00007f0e14000ff0 Uncommon trap: trap_request=0xffffff8f fr.pc=0x00007f0e9f1de778 relative=0x00000000000001d8
Event: 1835.695 Thread 0x00007f0e14000ff0 Uncommon trap: reason=constraint action=none pc=0x00007f0e9f1de778 method=java.util.Collections$UnmodifiableCollection.iterator()Ljava/util/Iterator; @ 0 jvmci
Event: 1835.695 Thread 0x00007f0e14000ff0 DEOPT PACKING pc=0x00007f0e9f1de778 sp=0x00007f0e5ccfdcd0
Event: 1835.695 Thread 0x00007f0e14000ff0 DEOPT UNPACKING pc=0x00007f0e97505325 sp=0x00007f0e5ccfd170 mode 3
Event: 1835.695 Thread 0x00007f0e44481fa0 DEOPT PACKING pc=0x00007f0e9f1d598c sp=0x00007f0e5d5fe550
Event: 1835.696 Thread 0x00007f0e44481fa0 DEOPT UNPACKING pc=0x00007f0e97505325 sp=0x00007f0e5d5fda28 mode 3
Event: 1840.173 Thread 0x00007f0e14000ff0 Uncommon trap: trap_request=0xffffff8f fr.pc=0x00007f0e9f05cc77 relative=0x00000000000000d7
Event: 1840.173 Thread 0x00007f0e14000ff0 Uncommon trap: reason=constraint action=none pc=0x00007f0e9f05cc77 method=java.util.ArrayList.iterator()Ljava/util/Iterator; @ 0 jvmci
Event: 1840.173 Thread 0x00007f0e14000ff0 DEOPT PACKING pc=0x00007f0e9f05cc77 sp=0x00007f0e5ccfdc00
Event: 1840.173 Thread 0x00007f0e14000ff0 DEOPT UNPACKING pc=0x00007f0e97505325 sp=0x00007f0e5ccfd0a0 mode 3
Event: 1843.005 Thread 0x00007f0e443048a0 DEOPT PACKING pc=0x00007f0e9f1f64f4 sp=0x00007f0e5d9fd1f0
Event: 1843.005 Thread 0x00007f0e443048a0 DEOPT UNPACKING pc=0x00007f0e97505325 sp=0x00007f0e5d9fc698 mode 1
Event: 1843.005 Thread 0x00007f0e443048a0 DEOPT PACKING pc=0x00007f0e9f1f7664 sp=0x00007f0e5d9fd240
Event: 1843.005 Thread 0x00007f0e443048a0 DEOPT UNPACKING pc=0x00007f0e97505325 sp=0x00007f0e5d9fc570 mode 1
Event: 1858.983 Thread 0x00007f0eb00b2480 Uncommon trap: trap_request=0xffffff8f fr.pc=0x00007f0e9f1f99e8 relative=0x0000000000001088
Event: 1858.983 Thread 0x00007f0eb00b2480 Uncommon trap: reason=constraint action=none pc=0x00007f0e9f1f99e8 method=java.io.DataOutputStream.writeUTF(Ljava/lang/String;Ljava/io/DataOutput;)I @ 116 jvmci
Event: 1858.983 Thread 0x00007f0eb00b2480 DEOPT PACKING pc=0x00007f0e9f1f99e8 sp=0x00007f0e96517fa0
Event: 1858.983 Thread 0x00007f0eb00b2480 DEOPT UNPACKING pc=0x00007f0e97505325 sp=0x00007f0e96517458 mode 3

Classes unloaded (20 events):
Event: 181.087 Thread 0x00007f0eb00a1c10 Unloading class 0x0000000801125800 'jdk/internal/reflect/GeneratedSerializationConstructorAccessor13'
Event: 181.087 Thread 0x00007f0eb00a1c10 Unloading class 0x0000000801125400 'jdk/internal/reflect/GeneratedSerializationConstructorAccessor12'
Event: 181.087 Thread 0x00007f0eb00a1c10 Unloading class 0x0000000801125000 'jdk/internal/reflect/GeneratedMethodAccessor12'
Event: 181.087 Thread 0x00007f0eb00a1c10 Unloading class 0x0000000801124800 'jdk/internal/reflect/GeneratedSerializationConstructorAccessor11'
Event: 181.087 Thread 0x00007f0eb00a1c10 Unloading class 0x0000000801124400 'jdk/internal/reflect/GeneratedSerializationConstructorAccessor10'
Event: 181.087 Thread 0x00007f0eb00a1c10 Unloading class 0x0000000801124000 'jdk/internal/reflect/GeneratedSerializationConstructorAccessor9'
Event: 181.087 Thread 0x00007f0eb00a1c10 Unloading class 0x0000000801123400 'jdk/internal/reflect/GeneratedSerializationConstructorAccessor8'
Event: 181.087 Thread 0x00007f0eb00a1c10 Unloading class 0x0000000801118000 'jdk/internal/reflect/GeneratedSerializationConstructorAccessor7'
Event: 181.087 Thread 0x00007f0eb00a1c10 Unloading class 0x0000000801111c00 'jdk/internal/reflect/GeneratedSerializationConstructorAccessor6'
Event: 181.087 Thread 0x00007f0eb00a1c10 Unloading class 0x0000000801111800 'jdk/internal/reflect/GeneratedSerializationConstructorAccessor5'
Event: 181.087 Thread 0x00007f0eb00a1c10 Unloading class 0x0000000801111400 'jdk/internal/reflect/GeneratedSerializationConstructorAccessor4'
Event: 181.087 Thread 0x00007f0eb00a1c10 Unloading class 0x00000008010c4000 'jdk/internal/reflect/GeneratedSerializationConstructorAccessor3'
Event: 181.087 Thread 0x00007f0eb00a1c10 Unloading class 0x0000000801090400 'jdk/internal/reflect/GeneratedSerializationConstructorAccessor2'
Event: 181.087 Thread 0x00007f0eb00a1c10 Unloading class 0x0000000801090000 'jdk/internal/reflect/GeneratedSerializationConstructorAccessor1'
Event: 184.630 Thread 0x00007f0eb00a1c10 Unloading class 0x00000008010e8c00 'jdk/internal/reflect/GeneratedMethodAccessor10'
Event: 184.630 Thread 0x00007f0eb00a1c10 Unloading class 0x00000008010e8800 'jdk/internal/reflect/GeneratedMethodAccessor9'
Event: 184.630 Thread 0x00007f0eb00a1c10 Unloading class 0x00000008010e8400 'jdk/internal/reflect/GeneratedMethodAccessor8'
Event: 184.630 Thread 0x00007f0eb00a1c10 Unloading class 0x00000008010e8000 'jdk/internal/reflect/GeneratedMethodAccessor7'
Event: 195.065 Thread 0x00007f0eb00a1c10 Unloading class 0x0000000801124c00 'jdk/internal/reflect/GeneratedMethodAccessor11'
Event: 376.363 Thread 0x00007f0eb00a1c10 Unloading class 0x0000000801123000 'jdk/internal/reflect/GeneratedConstructorAccessor37'

Classes redefined (0 events):
No events

Internal exceptions (20 events):
Event: 48.458 Thread 0x00007f0e20155f90 Exception <a 'java/lang/NoSuchMethodError'{0x00000000f6908428}: 'void java.lang.invoke.DirectMethodHandle$Holder.invokeSpecial(java.lang.Object, java.lang.Object, int)'> (0x00000000f6908428) 
thrown [src/hotspot/share/interpreter/linkResolver.cpp, line 758]
Event: 49.389 Thread 0x00007f0e20156b50 Exception <a 'java/lang/NoSuchMethodError'{0x00000000f58029d0}: 'int java.lang.invoke.DirectMethodHandle$Holder.invokeSpecialIFC(java.lang.Object, java.lang.Object, java.lang.Object, java.lang.Object)'> (0x00000000f58029d0) 
thrown [src/hotspot/share/interpreter/linkResolver.cpp, line 758]
Event: 171.164 Thread 0x00007f0e2016cf80 Exception <a 'java/lang/ArrayIndexOutOfBoundsException'{0x00000000f71baa28}: Index 77 out of bounds for length 77> (0x00000000f71baa28) 
thrown [src/hotspot/share/interpreter/interpreterRuntime.cpp, line 428]
Event: 192.594 Thread 0x00007f0e2016cf80 Exception <a 'java/lang/ArrayIndexOutOfBoundsException'{0x00000000f7126808}: Index 77 out of bounds for length 77> (0x00000000f7126808) 
thrown [src/hotspot/share/interpreter/interpreterRuntime.cpp, line 428]
Event: 192.595 Thread 0x00007f0e2016cf80 Exception <a 'java/lang/ArrayIndexOutOfBoundsException'{0x00000000f71324f0}: Index 77 out of bounds for length 77> (0x00000000f71324f0) 
thrown [src/hotspot/share/interpreter/interpreterRuntime.cpp, line 428]
Event: 192.595 Thread 0x00007f0e2016cf80 Exception <a 'java/lang/ArrayIndexOutOfBoundsException'{0x00000000f7132810}: Index 78 out of bounds for length 77> (0x00000000f7132810) 
thrown [src/hotspot/share/interpreter/interpreterRuntime.cpp, line 428]
Event: 1813.996 Thread 0x00007f0e14000ff0 Exception <a 'java/lang/OutOfMemoryError'{0x00000000e0012980}> (0x00000000e0012980) 
thrown [src/hotspot/share/gc/shared/memAllocator.cpp, line 136]
Event: 1823.515 Thread 0x00007f0eb00b2480 Exception <a 'java/lang/OutOfMemoryError'{0x00000000e0012f20}> (0x00000000e0012f20) 
thrown [src/hotspot/share/gc/shared/memAllocator.cpp, line 138]
Event: 1823.516 Thread 0x00007f0eb00b2480 Implicit null exception at 0x00007f0e9f1f9244 to 0x00007f0e9f1f99cd
Event: 1832.513 Thread 0x00007f0e44481fa0 Exception <a 'java/lang/OutOfMemoryError'{0x00000000e0012c50}> (0x00000000e0012c50) 
thrown [src/hotspot/share/gc/shared/memAllocator.cpp, line 138]
Event: 1832.513 Thread 0x00007f0e44481fa0 Implicit null exception at 0x00007f0e9f1d53d3 to 0x00007f0e9f1d5971
Event: 1835.695 Thread 0x00007f0e14000ff0 Exception <a 'java/lang/OutOfMemoryError'{0x00000000e0012c50}> (0x00000000e0012c50) 
thrown [src/hotspot/share/gc/shared/memAllocator.cpp, line 138]
Event: 1835.695 Thread 0x00007f0e14000ff0 Implicit null exception at 0x00007f0e9f1de718 to 0x00007f0e9f1de75d
Event: 1840.173 Thread 0x00007f0e14000ff0 Exception <a 'java/lang/OutOfMemoryError'{0x00000000e0012c50}> (0x00000000e0012c50) 
thrown [src/hotspot/share/gc/shared/memAllocator.cpp, line 138]
Event: 1840.173 Thread 0x00007f0e14000ff0 Implicit null exception at 0x00007f0e9f05cc58 to 0x00007f0e9f05cc5c
Event: 1843.005 Thread 0x00007f0e443048a0 Exception <a 'java/lang/OutOfMemoryError'{0x00000000e0012f70}> (0x00000000e0012f70) 
thrown [src/hotspot/share/gc/shared/memAllocator.cpp, line 136]
Event: 1848.877 Thread 0x00007f0e443048a0 Exception <a 'java/lang/OutOfMemoryError'{0x00000000e0012f70}> (0x00000000e0012f70) 
thrown [src/hotspot/share/gc/shared/memAllocator.cpp, line 136]
Event: 1858.983 Thread 0x00007f0eb00b2480 Exception <a 'java/lang/OutOfMemoryError'{0x00000000e0012c50}> (0x00000000e0012c50) 
thrown [src/hotspot/share/gc/shared/memAllocator.cpp, line 138]
Event: 1858.983 Thread 0x00007f0eb00b2480 Implicit null exception at 0x00007f0e9f1f9244 to 0x00007f0e9f1f99cd
Event: 1861.761 Thread 0x00007f0eb00b2480 Exception <a 'java/lang/OutOfMemoryError'{0x00000000e0012f70}> (0x00000000e0012f70) 
thrown [src/hotspot/share/gc/shared/memAllocator.cpp, line 136]

VM Operations (20 events):
Event: 1843.007 Executing VM operation: ParallelGCFailedAllocation
Event: 1844.485 Executing VM operation: ParallelGCFailedAllocation done
Event: 1844.486 Executing VM operation: ParallelGCFailedAllocation
Event: 1845.901 Executing VM operation: ParallelGCFailedAllocation done
Event: 1845.901 Executing VM operation: ParallelGCFailedAllocation
Event: 1848.877 Executing VM operation: ParallelGCFailedAllocation done
Event: 1848.877 Executing VM operation: ParallelGCFailedAllocation
Event: 1850.258 Executing VM operation: ParallelGCFailedAllocation done
Event: 1850.258 Executing VM operation: ParallelGCFailedAllocation
Event: 1851.676 Executing VM operation: ParallelGCFailedAllocation done
Event: 1851.677 Executing VM operation: ParallelGCFailedAllocation
Event: 1853.175 Executing VM operation: ParallelGCFailedAllocation done
Event: 1853.175 Executing VM operation: ParallelGCFailedAllocation
Event: 1854.568 Executing VM operation: ParallelGCFailedAllocation done
Event: 1854.568 Executing VM operation: ParallelGCFailedAllocation
Event: 1855.996 Executing VM operation: ParallelGCFailedAllocation done
Event: 1855.996 Executing VM operation: ParallelGCFailedAllocation
Event: 1858.983 Executing VM operation: ParallelGCFailedAllocation done
Event: 1858.983 Executing VM operation: ParallelGCFailedAllocation
Event: 1861.761 Executing VM operation: ParallelGCFailedAllocation done

Events (20 events):
Event: 192.665 loading class java/util/Spliterators$IntArraySpliterator done
Event: 192.667 loading class java/util/stream/Nodes$IntSpinedNodeBuilder
Event: 192.668 loading class java/util/stream/Node$Builder$OfInt
Event: 192.668 loading class java/util/stream/Node$Builder$OfInt done
Event: 192.668 loading class java/util/stream/SpinedBuffer$OfInt
Event: 192.668 loading class java/util/stream/SpinedBuffer$OfPrimitive
Event: 192.668 loading class java/util/stream/SpinedBuffer$OfPrimitive done
Event: 192.669 loading class java/util/stream/SpinedBuffer$OfInt done
Event: 192.670 loading class java/util/stream/Nodes$IntSpinedNodeBuilder done
Event: 320.144 Thread 0x00007f0e0c015f30 Thread added: 0x00007f0e0c015f30
Event: 320.144 Protecting memory [0x00007f0e5c900000,0x00007f0e5c904000] with protection modes 0
Event: 382.520 loading class java/io/InterruptedIOException
Event: 396.184 loading class java/io/InterruptedIOException done
Event: 396.184 loading class javax/net/ssl/SSLException
Event: 404.875 loading class javax/net/ssl/SSLException done
Event: 412.472 loading class java/lang/AssertionError
Event: 412.473 loading class java/lang/AssertionError done
Event: 413.898 Thread 0x00007f0e14130e10 Thread exited: 0x00007f0e14130e10
Event: 448.689 Thread 0x00007f0e40004080 Thread exited: 0x00007f0e40004080
Event: 448.689 Thread 0x00007f0e14131650 Thread exited: 0x00007f0e14131650


Dynamic libraries:
e0000000-f5580000 rw-p 00000000 00:00 0 
f5580000-f9680000 rw-p 00000000 00:00 0 
f9680000-100000000 ---p 00000000 00:00 0 
800000000-800449000 rw-p 00001000 00:1287 4611686019135357769            /nix/store/gpxl5qgg8kicmcvivwmybwjlpf7wh20l-graalvm17-ce-22.3.0/lib/server/classes.jsa
800449000-800bc8000 r--p 0044a000 00:1287 4611686019135357769            /nix/store/gpxl5qgg8kicmcvivwmybwjlpf7wh20l-graalvm17-ce-22.3.0/lib/server/classes.jsa
800bc8000-800c00000 ---p 00000000 00:00 0 
800c00000-800c20000 rw-p 00000000 00:00 0 
800c20000-800c40000 rw-p 00000000 00:00 0 
800c40000-800cc0000 rw-p 00000000 00:00 0 
800cc0000-800d00000 rw-p 00000000 00:00 0 
800d00000-800dc0000 rw-p 00000000 00:00 0 
800dc0000-800e00000 rw-p 00000000 00:00 0 
800e00000-800f40000 rw-p 00000000 00:00 0 
800f40000-800fc0000 rw-p 00000000 00:00 0 
800fc0000-801000000 rw-p 00000000 00:00 0 
801000000-801230000 rw-p 00000000 00:00 0 
801230000-840c00000 ---p 00000000 00:00 0 
55e5601da000-55e5601db000 r-xp 00000000 00:1287 4611686019099417844      /nix/store/gpxl5qgg8kicmcvivwmybwjlpf7wh20l-graalvm17-ce-22.3.0/bin/.java-wrapped
55e5601dc000-55e5601dd000 r--p 00001000 00:1287 4611686019099417844      /nix/store/gpxl5qgg8kicmcvivwmybwjlpf7wh20l-graalvm17-ce-22.3.0/bin/.java-wrapped
55e5601dd000-55e5601de000 rw-p 00002000 00:1287 4611686019099417844      /nix/store/gpxl5qgg8kicmcvivwmybwjlpf7wh20l-graalvm17-ce-22.3.0/bin/.java-wrapped
55e5601de000-55e5601df000 rw-p 00004000 00:1287 4611686019099417844      /nix/store/gpxl5qgg8kicmcvivwmybwjlpf7wh20l-graalvm17-ce-22.3.0/bin/.java-wrapped
55e5601df000-55e5601e0000 rw-p 00005000 00:1287 4611686019099417844      /nix/store/gpxl5qgg8kicmcvivwmybwjlpf7wh20l-graalvm17-ce-22.3.0/bin/.java-wrapped
55e56040e000-55e560456000 rw-p 00000000 00:00 0                          [heap]
7f0de4000000-7f0de40a7000 rw-p 00000000 00:00 0 
7f0de40a7000-7f0de8000000 ---p 00000000 00:00 0 
7f0dec000000-7f0dec02a000 rw-p 00000000 00:00 0 
7f0dec02a000-7f0df0000000 ---p 00000000 00:00 0 
7f0df0000000-7f0df008c000 rw-p 00000000 00:00 0 
7f0df008c000-7f0df4000000 ---p 00000000 00:00 0 
7f0df4000000-7f0df4021000 rw-p 00000000 00:00 0 
7f0df4021000-7f0df8000000 ---p 00000000 00:00 0 
7f0df8000000-7f0df8021000 rw-p 00000000 00:00 0 
7f0df8021000-7f0dfc000000 ---p 00000000 00:00 0 
7f0dfc000000-7f0dfc021000 rw-p 00000000 00:00 0 
7f0dfc021000-7f0e00000000 ---p 00000000 00:00 0 
7f0e024b3000-7f0e0c000000 r--s 00000000 00:1287 4611686019135192581      /nix/store/gpxl5qgg8kicmcvivwmybwjlpf7wh20l-graalvm17-ce-22.3.0/lib/modules
7f0e0c000000-7f0e0c03f000 rw-p 00000000 00:00 0 
7f0e0c03f000-7f0e10000000 ---p 00000000 00:00 0 
7f0e11400000-7f0e119a0000 rw-p 00000000 00:00 0 
7f0e119a0000-7f0e11c00000 ---p 00000000 00:00 0 
7f0e11c00000-7f0e11d80000 rw-p 00000000 00:00 0 
7f0e11d80000-7f0e11e00000 rw-p 00000000 00:00 0 
7f0e11e00000-7f0e12180000 rw-p 00000000 00:00 0 
7f0e12180000-7f0e121e0000 rw-p 00000000 00:00 0 
7f0e121e0000-7f0e12200000 ---p 00000000 00:00 0 
7f0e12200000-7f0e12400000 rw-p 00000000 00:00 0 
7f0e13800000-7f0e13900000 rw-p 00000000 00:00 0 
7f0e13900000-7f0e13a00000 rw-p 00000000 00:00 0 
7f0e13a00000-7f0e14000000 rw-p 00000000 00:00 0 
7f0e14000000-7f0e14531000 rw-p 00000000 00:00 0 
7f0e14531000-7f0e18000000 ---p 00000000 00:00 0 
7f0e18000000-7f0e18021000 rw-p 00000000 00:00 0 
7f0e18021000-7f0e1c000000 ---p 00000000 00:00 0 
7f0e1c000000-7f0e1c0eb000 rw-p 00000000 00:00 0 
7f0e1c0eb000-7f0e20000000 ---p 00000000 00:00 0 
7f0e20000000-7f0e201cd000 rw-p 00000000 00:00 0 
7f0e201cd000-7f0e24000000 ---p 00000000 00:00 0 
7f0e24000000-7f0e24021000 rw-p 00000000 00:00 0 
7f0e24021000-7f0e28000000 ---p 00000000 00:00 0 
7f0e28000000-7f0e28021000 rw-p 00000000 00:00 0 
7f0e28021000-7f0e2c000000 ---p 00000000 00:00 0 
7f0e2c000000-7f0e2c052000 rw-p 00000000 00:00 0 
7f0e2c052000-7f0e30000000 ---p 00000000 00:00 0 
7f0e30000000-7f0e30069000 rw-p 00000000 00:00 0 
7f0e30069000-7f0e34000000 ---p 00000000 00:00 0 
7f0e34000000-7f0e34021000 rw-p 00000000 00:00 0 
7f0e34021000-7f0e38000000 ---p 00000000 00:00 0 
7f0e38000000-7f0e383f8000 rw-p 00000000 00:00 0 
7f0e383f8000-7f0e3c000000 ---p 00000000 00:00 0 
7f0e3c000000-7f0e3c021000 rw-p 00000000 00:00 0 
7f0e3c021000-7f0e40000000 ---p 00000000 00:00 0 
7f0e40000000-7f0e40021000 rw-p 00000000 00:00 0 
7f0e40021000-7f0e44000000 ---p 00000000 00:00 0 
7f0e44000000-7f0e448bb000 rw-p 00000000 00:00 0 
7f0e448bb000-7f0e48000000 ---p 00000000 00:00 0 
7f0e48000000-7f0e48026000 rw-p 00000000 00:00 0 
7f0e48026000-7f0e4c000000 ---p 00000000 00:00 0 
7f0e4c000000-7f0e4c021000 rw-p 00000000 00:00 0 
7f0e4c021000-7f0e50000000 ---p 00000000 00:00 0 
7f0e50000000-7f0e50021000 rw-p 00000000 00:00 0 
7f0e50021000-7f0e54000000 ---p 00000000 00:00 0 
7f0e54000000-7f0e54021000 rw-p 00000000 00:00 0 
7f0e54021000-7f0e58000000 ---p 00000000 00:00 0 
7f0e58400000-7f0e58500000 rw-p 00000000 00:00 0 
7f0e58500000-7f0e58580000 rw-p 00000000 00:00 0 
7f0e58580000-7f0e58700000 rw-p 00000000 00:00 0 
7f0e58700000-7f0e58900000 rw-p 00000000 00:00 0 
7f0e58900000-7f0e58a00000 rw-p 00000000 00:00 0 
7f0e58a00000-7f0e58c00000 rw-p 00000000 00:00 0 
7f0e58c00000-7f0e58d00000 rw-p 00000000 00:00 0 
7f0e58d00000-7f0e58e00000 rw-p 00000000 00:00 0 
7f0e58e00000-7f0e59380000 rw-p 00000000 00:00 0 
7f0e59380000-7f0e59400000 rw-p 00000000 00:00 0 
7f0e59400000-7f0e59500000 rw-p 00000000 00:00 0 
7f0e59500000-7f0e59600000 rw-p 00000000 00:00 0 
7f0e59600000-7f0e59900000 rw-p 00000000 00:00 0 
7f0e59900000-7f0e59a00000 rw-p 00000000 00:00 0 
7f0e59a00000-7f0e59c00000 rw-p 00000000 00:00 0 
7f0e5aa00000-7f0e5aa10000 r-xp 00000000 00:1271 356                      /home/runner/.cache/jdt-language-server/config/org.eclipse.equinox.launcher/org.eclipse.equinox.launcher.gtk.linux.x86_64_1.2.400.v20211117-0650/eclipse_11600.so
7f0e5aa10000-7f0e5ac0f000 ---p 00010000 00:1271 356                      /home/runner/.cache/jdt-language-server/config/org.eclipse.equinox.launcher/org.eclipse.equinox.launcher.gtk.linux.x86_64_1.2.400.v20211117-0650/eclipse_11600.so
7f0e5ac0f000-7f0e5ac10000 r--p 0000f000 00:1271 356                      /home/runner/.cache/jdt-language-server/config/org.eclipse.equinox.launcher/org.eclipse.equinox.launcher.gtk.linux.x86_64_1.2.400.v20211117-0650/eclipse_11600.so
7f0e5ac10000-7f0e5ac11000 rw-p 00010000 00:1271 356                      /home/runner/.cache/jdt-language-server/config/org.eclipse.equinox.launcher/org.eclipse.equinox.launcher.gtk.linux.x86_64_1.2.400.v20211117-0650/eclipse_11600.so
7f0e5b500000-7f0e5b600000 ---p 00000000 00:00 0 
7f0e5b600000-7f0e5bbaf000 r--p 01122000 00:1287 4611686019135190040      /nix/store/gpxl5qgg8kicmcvivwmybwjlpf7wh20l-graalvm17-ce-22.3.0/lib/libjvmcicompiler.so
7f0e5bbaf000-7f0e5bd00000 r--p 00000000 00:00 0 
7f0e5bd00000-7f0e5bd3d000 rw-p 00000000 00:00 0 
7f0e5bd3d000-7f0e5c25d000 rw-p 0185f000 00:1287 4611686019135190040      /nix/store/gpxl5qgg8kicmcvivwmybwjlpf7wh20l-graalvm17-ce-22.3.0/lib/libjvmcicompiler.so
7f0e5c25d000-7f0e5c644000 r--p 01d7f000 00:1287 4611686019135190040      /nix/store/gpxl5qgg8kicmcvivwmybwjlpf7wh20l-graalvm17-ce-22.3.0/lib/libjvmcicompiler.so
7f0e5c700000-7f0e5c704000 ---p 00000000 00:00 0 
7f0e5c704000-7f0e5c800000 rw-p 00000000 00:00 0 
7f0e5c900000-7f0e5c904000 ---p 00000000 00:00 0 
7f0e5c904000-7f0e5ca00000 rw-p 00000000 00:00 0 
7f0e5ca00000-7f0e5ca04000 ---p 00000000 00:00 0 
7f0e5ca04000-7f0e5cb00000 rw-p 00000000 00:00 0 
7f0e5cb00000-7f0e5cb04000 ---p 00000000 00:00 0 
7f0e5cb04000-7f0e5cc00000 rw-p 00000000 00:00 0 
7f0e5cc00000-7f0e5cc04000 ---p 00000000 00:00 0 
7f0e5cc04000-7f0e5cd00000 rw-p 00000000 00:00 0 
7f0e5cd00000-7f0e5cd04000 ---p 00000000 00:00 0 
7f0e5cd04000-7f0e5ce00000 rw-p 00000000 00:00 0 
7f0e5ce00000-7f0e5ce04000 ---p 00000000 00:00 0 
7f0e5ce04000-7f0e5cf00000 rw-p 00000000 00:00 0 
7f0e5cf00000-7f0e5cf04000 ---p 00000000 00:00 0 
7f0e5cf04000-7f0e5d000000 rw-p 00000000 00:00 0 
7f0e5d100000-7f0e5d104000 ---p 00000000 00:00 0 
7f0e5d104000-7f0e5d200000 rw-p 00000000 00:00 0 
7f0e5d300000-7f0e5d304000 ---p 00000000 00:00 0 
7f0e5d304000-7f0e5d400000 rw-p 00000000 00:00 0 
7f0e5d400000-7f0e5d404000 ---p 00000000 00:00 0 
7f0e5d404000-7f0e5d500000 rw-p 00000000 00:00 0 
7f0e5d500000-7f0e5d504000 ---p 00000000 00:00 0 
7f0e5d504000-7f0e5d600000 rw-p 00000000 00:00 0 
7f0e5d700000-7f0e5d704000 ---p 00000000 00:00 0 
7f0e5d704000-7f0e5d800000 rw-p 00000000 00:00 0 
7f0e5d900000-7f0e5d904000 ---p 00000000 00:00 0 
7f0e5d904000-7f0e5da00000 rw-p 00000000 00:00 0 
7f0e5db00000-7f0e5db04000 ---p 00000000 00:00 0 
7f0e5db04000-7f0e5dc00000 rw-p 00000000 00:00 0 
7f0e5dc00000-7f0e5fd6a000 r-xp 00000000 00:1287 4611686019135190040      /nix/store/gpxl5qgg8kicmcvivwmybwjlpf7wh20l-graalvm17-ce-22.3.0/lib/libjvmcicompiler.so
7f0e5fd6a000-7f0e5ff69000 ---p 0216a000 00:1287 4611686019135190040      /nix/store/gpxl5qgg8kicmcvivwmybwjlpf7wh20l-graalvm17-ce-22.3.0/lib/libjvmcicompiler.so
7f0e5ff69000-7f0e5ff6a000 r--p 02169000 00:1287 4611686019135190040      /nix/store/gpxl5qgg8kicmcvivwmybwjlpf7wh20l-graalvm17-ce-22.3.0/lib/libjvmcicompiler.so
7f0e5ff6a000-7f0e5ff6c000 rw-p 0216a000 00:1287 4611686019135190040      /nix/store/gpxl5qgg8kicmcvivwmybwjlpf7wh20l-graalvm17-ce-22.3.0/lib/libjvmcicompiler.so
7f0e5ff6c000-7f0e5ff6d000 rw-p 00000000 00:00 0 
7f0e5ff6d000-7f0e5ff72000 rw-p 023c3000 00:1287 4611686019135190040      /nix/store/gpxl5qgg8kicmcvivwmybwjlpf7wh20l-graalvm17-ce-22.3.0/lib/libjvmcicompiler.so
7f0e60000000-7f0e60021000 rw-p 00000000 00:00 0 
7f0e60021000-7f0e64000000 ---p 00000000 00:00 0 
7f0e64000000-7f0e64021000 rw-p 00000000 00:00 0 
7f0e64021000-7f0e68000000 ---p 00000000 00:00 0 
7f0e68000000-7f0e68021000 rw-p 00000000 00:00 0 
7f0e68021000-7f0e6c000000 ---p 00000000 00:00 0 
7f0e6c000000-7f0e6c021000 rw-p 00000000 00:00 0 
7f0e6c021000-7f0e70000000 ---p 00000000 00:00 0 
7f0e70000000-7f0e700ed000 rw-p 00000000 00:00 0 
7f0e700ed000-7f0e74000000 ---p 00000000 00:00 0 
7f0e74000000-7f0e74bc2000 rw-p 00000000 00:00 0 
7f0e74bc2000-7f0e78000000 ---p 00000000 00:00 0 
7f0e78000000-7f0e78021000 rw-p 00000000 00:00 0 
7f0e78021000-7f0e7c000000 ---p 00000000 00:00 0 
7f0e7c000000-7f0e7c021000 rw-p 00000000 00:00 0 
7f0e7c021000-7f0e80000000 ---p 00000000 00:00 0 
7f0e80000000-7f0e80021000 rw-p 00000000 00:00 0 
7f0e80021000-7f0e84000000 ---p 00000000 00:00 0 
7f0e84000000-7f0e84021000 rw-p 00000000 00:00 0 
7f0e84021000-7f0e88000000 ---p 00000000 00:00 0 
7f0e88000000-7f0e88021000 rw-p 00000000 00:00 0 
7f0e88021000-7f0e8c000000 ---p 00000000 00:00 0 
7f0e8c000000-7f0e8c021000 rw-p 00000000 00:00 0 
7f0e8c021000-7f0e90000000 ---p 00000000 00:00 0 
7f0e90000000-7f0e90109000 rw-p 00000000 00:00 0 
7f0e90109000-7f0e94004000 ---p 00000000 00:00 0 
7f0e94004000-7f0e94100000 rw-p 00000000 00:00 0 
7f0e94100000-7f0e94104000 ---p 00000000 00:00 0 
7f0e94104000-7f0e94200000 rw-p 00000000 00:00 0 
7f0e94200000-7f0e94204000 ---p 00000000 00:00 0 
7f0e94204000-7f0e94300000 rw-p 00000000 00:00 0 
7f0e94400000-7f0e94404000 ---p 00000000 00:00 0 
7f0e94404000-7f0e94500000 rw-p 00000000 00:00 0 
7f0e94500000-7f0e94504000 ---p 00000000 00:00 0 
7f0e94504000-7f0e94600000 rw-p 00000000 00:00 0 
7f0e94600000-7f0e94604000 ---p 00000000 00:00 0 
7f0e94604000-7f0e94700000 rw-p 00000000 00:00 0 
7f0e94800000-7f0e94804000 ---p 00000000 00:00 0 
7f0e94804000-7f0e94900000 rw-p 00000000 00:00 0 
7f0e94a00000-7f0e94a04000 ---p 00000000 00:00 0 
7f0e94a04000-7f0e94b00000 rw-p 00000000 00:00 0 
7f0e95868000-7f0e95d00000 rw-p 00000000 00:00 0 
7f0e95d18000-7f0e95d19000 ---p 00000000 00:00 0 
7f0e95d19000-7f0e95e1a000 rw-p 00000000 00:00 0 
7f0e95e1a000-7f0e95e1e000 ---p 00000000 00:00 0 
7f0e95e1e000-7f0e95f1a000 rw-p 00000000 00:00 0 
7f0e95f1a000-7f0e95f1e000 ---p 00000000 00:00 0 
7f0e95f1e000-7f0e9601a000 rw-p 00000000 00:00 0 
7f0e9601a000-7f0e9601e000 ---p 00000000 00:00 0 
7f0e9601e000-7f0e9611a000 rw-p 00000000 00:00 0 
7f0e9611a000-7f0e9611e000 ---p 00000000 00:00 0 
7f0e9611e000-7f0e9631a000 rw-p 00000000 00:00 0 
7f0e9631a000-7f0e9631e000 ---p 00000000 00:00 0 
7f0e9631e000-7f0e9651a000 rw-p 00000000 00:00 0 
7f0e9651a000-7f0e9651e000 ---p 00000000 00:00 0 
7f0e9651e000-7f0e9661a000 rw-p 00000000 00:00 0 
7f0e9661a000-7f0e9661e000 ---p 00000000 00:00 0 
7f0e9661e000-7f0e9671a000 rw-p 00000000 00:00 0 
7f0e9671a000-7f0e9671e000 ---p 00000000 00:00 0 
7f0e9671e000-7f0e9681a000 rw-p 00000000 00:00 0 
7f0e9681a000-7f0e96b00000 r--p 00000000 00:11df 28444448                 /usr/lib/locale/locale-archive
7f0e96b00000-7f0e96b04000 ---p 00000000 00:00 0 
7f0e96b04000-7f0e97000000 rw-p 00000000 00:00 0 
7f0e97000000-7f0e97300000 rw-p 00000000 00:00 0 
7f0e97300000-7f0e97400000 rw-p 00000000 00:00 0 
7f0e974b3000-7f0e97723000 rwxp 00000000 00:00 0 
7f0e97723000-7f0e97a42000 ---p 00000000 00:00 0 
7f0e97a42000-7f0e98ad2000 rwxp 00000000 00:00 0 
7f0e98ad2000-7f0e9ef7a000 ---p 00000000 00:00 0 
7f0e9ef7a000-7f0e9f20a000 rwxp 00000000 00:00 0 
7f0e9f20a000-7f0ea64b3000 ---p 00000000 00:00 0 
7f0ea64b3000-7f0eb0000000 r--s 00000000 00:1287 4611686019135192581      /nix/store/gpxl5qgg8kicmcvivwmybwjlpf7wh20l-graalvm17-ce-22.3.0/lib/modules
7f0eb0000000-7f0eb0621000 rw-p 00000000 00:00 0 
7f0eb0621000-7f0eb4000000 ---p 00000000 00:00 0 
7f0eb402f000-7f0eb4031000 r-xp 00000000 00:1287 4611686019135190017      /nix/store/gpxl5qgg8kicmcvivwmybwjlpf7wh20l-graalvm17-ce-22.3.0/lib/libextnet.so
7f0eb4031000-7f0eb4032000 r--p 00001000 00:1287 4611686019135190017      /nix/store/gpxl5qgg8kicmcvivwmybwjlpf7wh20l-graalvm17-ce-22.3.0/lib/libextnet.so
7f0eb4032000-7f0eb4033000 rw-p 00002000 00:1287 4611686019135190017      /nix/store/gpxl5qgg8kicmcvivwmybwjlpf7wh20l-graalvm17-ce-22.3.0/lib/libextnet.so
7f0eb4033000-7f0eb4034000 rw-p 00004000 00:1287 4611686019135190017      /nix/store/gpxl5qgg8kicmcvivwmybwjlpf7wh20l-graalvm17-ce-22.3.0/lib/libextnet.so
7f0eb4034000-7f0eb4038000 ---p 00000000 00:00 0 
7f0eb4038000-7f0eb4056000 rw-p 00000000 00:00 0 
7f0eb4056000-7f0eb405d000 r-xp 00000000 00:1287 4611686019135192580      /nix/store/gpxl5qgg8kicmcvivwmybwjlpf7wh20l-graalvm17-ce-22.3.0/lib/libzip.so
7f0eb405d000-7f0eb405e000 ---p 00007000 00:1287 4611686019135192580      /nix/store/gpxl5qgg8kicmcvivwmybwjlpf7wh20l-graalvm17-ce-22.3.0/lib/libzip.so
7f0eb405e000-7f0eb405f000 r--p 00007000 00:1287 4611686019135192580      /nix/store/gpxl5qgg8kicmcvivwmybwjlpf7wh20l-graalvm17-ce-22.3.0/lib/libzip.so
7f0eb405f000-7f0eb4060000 rw-p 00008000 00:1287 4611686019135192580      /nix/store/gpxl5qgg8kicmcvivwmybwjlpf7wh20l-graalvm17-ce-22.3.0/lib/libzip.so
7f0eb4060000-7f0eb4062000 rw-p 0000b000 00:1287 4611686019135192580      /nix/store/gpxl5qgg8kicmcvivwmybwjlpf7wh20l-graalvm17-ce-22.3.0/lib/libzip.so
7f0eb4062000-7f0eb4077000 r-xp 00000000 00:1287 4611686019135192570      /nix/store/gpxl5qgg8kicmcvivwmybwjlpf7wh20l-graalvm17-ce-22.3.0/lib/libnet.so
7f0eb4077000-7f0eb4078000 ---p 00015000 00:1287 4611686019135192570      /nix/store/gpxl5qgg8kicmcvivwmybwjlpf7wh20l-graalvm17-ce-22.3.0/lib/libnet.so
7f0eb4078000-7f0eb4079000 r--p 00015000 00:1287 4611686019135192570      /nix/store/gpxl5qgg8kicmcvivwmybwjlpf7wh20l-graalvm17-ce-22.3.0/lib/libnet.so
7f0eb4079000-7f0eb407a000 rw-p 00016000 00:1287 4611686019135192570      /nix/store/gpxl5qgg8kicmcvivwmybwjlpf7wh20l-graalvm17-ce-22.3.0/lib/libnet.so
7f0eb407a000-7f0eb407d000 rw-p 0001b000 00:1287 4611686019135192570      /nix/store/gpxl5qgg8kicmcvivwmybwjlpf7wh20l-graalvm17-ce-22.3.0/lib/libnet.so
7f0eb407d000-7f0eb4090000 r-xp 00000000 00:1287 4611686019135192571      /nix/store/gpxl5qgg8kicmcvivwmybwjlpf7wh20l-graalvm17-ce-22.3.0/lib/libnio.so
7f0eb4090000-7f0eb4091000 r--p 00012000 00:1287 4611686019135192571      /nix/store/gpxl5qgg8kicmcvivwmybwjlpf7wh20l-graalvm17-ce-22.3.0/lib/libnio.so
7f0eb4091000-7f0eb4092000 rw-p 00013000 00:1287 4611686019135192571      /nix/store/gpxl5qgg8kicmcvivwmybwjlpf7wh20l-graalvm17-ce-22.3.0/lib/libnio.so
7f0eb4092000-7f0eb4097000 rw-p 00019000 00:1287 4611686019135192571      /nix/store/gpxl5qgg8kicmcvivwmybwjlpf7wh20l-graalvm17-ce-22.3.0/lib/libnio.so
7f0eb4097000-7f0eb409b000 ---p 00000000 00:00 0 
7f0eb409b000-7f0eb4197000 rw-p 00000000 00:00 0 
7f0eb4197000-7f0eb4198000 ---p 00000000 00:00 0 
7f0eb4198000-7f0eb4299000 rw-p 00000000 00:00 0 
7f0eb4299000-7f0eb4367000 r-xp 00000000 00:1287 4611686019135190036      /nix/store/gpxl5qgg8kicmcvivwmybwjlpf7wh20l-graalvm17-ce-22.3.0/lib/libjsvml.so
7f0eb4367000-7f0eb4368000 r--p 000cd000 00:1287 4611686019135190036      /nix/store/gpxl5qgg8kicmcvivwmybwjlpf7wh20l-graalvm17-ce-22.3.0/lib/libjsvml.so
7f0eb4368000-7f0eb4369000 rw-p 000ce000 00:1287 4611686019135190036      /nix/store/gpxl5qgg8kicmcvivwmybwjlpf7wh20l-graalvm17-ce-22.3.0/lib/libjsvml.so
7f0eb4369000-7f0eb5c41000 rw-p 00000000 00:00 0 
7f0eb5c41000-7f0eb5c42000 ---p 00000000 00:00 0 
7f0eb5c42000-7f0eb5ded000 rw-p 00000000 00:00 0 
7f0eb5ded000-7f0eb5e0f000 rw-p 00000000 00:00 0 
7f0eb5e0f000-7f0eb5e43000 ---p 00000000 00:00 0 
7f0eb5e43000-7f0eb5e4a000 rw-p 00000000 00:00 0 
7f0eb5e4a000-7f0eb5f2f000 ---p 00000000 00:00 0 
7f0eb5f2f000-7f0eb5f51000 rw-p 00000000 00:00 0 
7f0eb5f51000-7f0eb601a000 ---p 00000000 00:00 0 
7f0eb601a000-7f0eb601f000 rw-p 00000000 00:00 0 
7f0eb601f000-7f0eb6026000 ---p 00000000 00:00 0 
7f0eb6026000-7f0eb604a000 r-xp 00000000 00:1287 4611686019135190028      /nix/store/gpxl5qgg8kicmcvivwmybwjlpf7wh20l-graalvm17-ce-22.3.0/lib/libjava.so
7f0eb604a000-7f0eb604b000 ---p 00024000 00:1287 4611686019135190028      /nix/store/gpxl5qgg8kicmcvivwmybwjlpf7wh20l-graalvm17-ce-22.3.0/lib/libjava.so
7f0eb604b000-7f0eb604c000 r--p 00024000 00:1287 4611686019135190028      /nix/store/gpxl5qgg8kicmcvivwmybwjlpf7wh20l-graalvm17-ce-22.3.0/lib/libjava.so
7f0eb604c000-7f0eb604d000 rw-p 00025000 00:1287 4611686019135190028      /nix/store/gpxl5qgg8kicmcvivwmybwjlpf7wh20l-graalvm17-ce-22.3.0/lib/libjava.so
7f0eb604d000-7f0eb604e000 rw-p 00000000 00:00 0 
7f0eb604e000-7f0eb6055000 rw-p 0002f000 00:1287 4611686019135190028      /nix/store/gpxl5qgg8kicmcvivwmybwjlpf7wh20l-graalvm17-ce-22.3.0/lib/libjava.so
7f0eb6055000-7f0eb605d000 rw-s 00000000 00:754 351                       /tmp/hsperfdata_runner/41
7f0eb605d000-7f0eb605e000 ---p 00000000 00:00 0 
7f0eb605e000-7f0eb605f000 r--p 00000000 00:00 0 
7f0eb605f000-7f0eb6060000 rwxp 00000000 00:00 0 
7f0eb6060000-7f0eb607b000 r-xp 00000000 00:1287 4611686019135190032      /nix/store/gpxl5qgg8kicmcvivwmybwjlpf7wh20l-graalvm17-ce-22.3.0/lib/libjimage.so
7f0eb607b000-7f0eb607c000 ---p 0001b000 00:1287 4611686019135190032      /nix/store/gpxl5qgg8kicmcvivwmybwjlpf7wh20l-graalvm17-ce-22.3.0/lib/libjimage.so
7f0eb607c000-7f0eb607e000 r--p 0001b000 00:1287 4611686019135190032      /nix/store/gpxl5qgg8kicmcvivwmybwjlpf7wh20l-graalvm17-ce-22.3.0/lib/libjimage.so
7f0eb607e000-7f0eb607f000 rw-p 0001d000 00:1287 4611686019135190032      /nix/store/gpxl5qgg8kicmcvivwmybwjlpf7wh20l-graalvm17-ce-22.3.0/lib/libjimage.so
7f0eb607f000-7f0eb6080000 rw-p 00024000 00:1287 4611686019135190032      /nix/store/gpxl5qgg8kicmcvivwmybwjlpf7wh20l-graalvm17-ce-22.3.0/lib/libjimage.so
7f0eb6080000-7f0eb6084000 ---p 00000000 00:00 0 
7f0eb6084000-7f0eb6180000 rw-p 00000000 00:00 0 
7f0eb6180000-7f0eb618e000 r--p 00000000 00:1287 4611686019027979927      /nix/store/4nlgxhb09sdr51nc9hdm8az5b08vzkgx-glibc-2.35-163/lib/libm.so.6
7f0eb618e000-7f0eb6201000 r-xp 0000e000 00:1287 4611686019027979927      /nix/store/4nlgxhb09sdr51nc9hdm8az5b08vzkgx-glibc-2.35-163/lib/libm.so.6
7f0eb6201000-7f0eb625e000 r--p 00081000 00:1287 4611686019027979927      /nix/store/4nlgxhb09sdr51nc9hdm8az5b08vzkgx-glibc-2.35-163/lib/libm.so.6
7f0eb625e000-7f0eb625f000 r--p 000dd000 00:1287 4611686019027979927      /nix/store/4nlgxhb09sdr51nc9hdm8az5b08vzkgx-glibc-2.35-163/lib/libm.so.6
7f0eb625f000-7f0eb6260000 rw-p 000de000 00:1287 4611686019027979927      /nix/store/4nlgxhb09sdr51nc9hdm8az5b08vzkgx-glibc-2.35-163/lib/libm.so.6
7f0eb6260000-7f0eb6261000 r--p 00000000 00:1287 4611686019027979946      /nix/store/4nlgxhb09sdr51nc9hdm8az5b08vzkgx-glibc-2.35-163/lib/librt.so.1
7f0eb6261000-7f0eb6262000 r-xp 00001000 00:1287 4611686019027979946      /nix/store/4nlgxhb09sdr51nc9hdm8az5b08vzkgx-glibc-2.35-163/lib/librt.so.1
7f0eb6262000-7f0eb6263000 r--p 00002000 00:1287 4611686019027979946      /nix/store/4nlgxhb09sdr51nc9hdm8az5b08vzkgx-glibc-2.35-163/lib/librt.so.1
7f0eb6263000-7f0eb6264000 r--p 00002000 00:1287 4611686019027979946      /nix/store/4nlgxhb09sdr51nc9hdm8az5b08vzkgx-glibc-2.35-163/lib/librt.so.1
7f0eb6264000-7f0eb6265000 rw-p 00003000 00:1287 4611686019027979946      /nix/store/4nlgxhb09sdr51nc9hdm8az5b08vzkgx-glibc-2.35-163/lib/librt.so.1
7f0eb6265000-7f0eb7378000 r-xp 00000000 00:1287 4611686019135360866      /nix/store/gpxl5qgg8kicmcvivwmybwjlpf7wh20l-graalvm17-ce-22.3.0/lib/server/libjvm.so
7f0eb7378000-7f0eb7379000 ---p 01113000 00:1287 4611686019135360866      /nix/store/gpxl5qgg8kicmcvivwmybwjlpf7wh20l-graalvm17-ce-22.3.0/lib/server/libjvm.so
7f0eb7379000-7f0eb742e000 r--p 01113000 00:1287 4611686019135360866      /nix/store/gpxl5qgg8kicmcvivwmybwjlpf7wh20l-graalvm17-ce-22.3.0/lib/server/libjvm.so
7f0eb742e000-7f0eb7462000 rw-p 011c8000 00:1287 4611686019135360866      /nix/store/gpxl5qgg8kicmcvivwmybwjlpf7wh20l-graalvm17-ce-22.3.0/lib/server/libjvm.so
7f0eb7462000-7f0eb74be000 rw-p 00000000 00:00 0 
7f0eb74be000-7f0eb74e6000 r--p 00000000 00:1287 4611686019027979918      /nix/store/4nlgxhb09sdr51nc9hdm8az5b08vzkgx-glibc-2.35-163/lib/libc.so.6
7f0eb74e6000-7f0eb765c000 r-xp 00028000 00:1287 4611686019027979918      /nix/store/4nlgxhb09sdr51nc9hdm8az5b08vzkgx-glibc-2.35-163/lib/libc.so.6
7f0eb765c000-7f0eb76b4000 r--p 0019e000 00:1287 4611686019027979918      /nix/store/4nlgxhb09sdr51nc9hdm8az5b08vzkgx-glibc-2.35-163/lib/libc.so.6
7f0eb76b4000-7f0eb76b8000 r--p 001f6000 00:1287 4611686019027979918      /nix/store/4nlgxhb09sdr51nc9hdm8az5b08vzkgx-glibc-2.35-163/lib/libc.so.6
7f0eb76b8000-7f0eb76ba000 rw-p 001fa000 00:1287 4611686019027979918      /nix/store/4nlgxhb09sdr51nc9hdm8az5b08vzkgx-glibc-2.35-163/lib/libc.so.6
7f0eb76ba000-7f0eb76c9000 rw-p 00000000 00:00 0 
7f0eb76c9000-7f0eb76ca000 r--p 00000000 00:1287 4611686019027979923      /nix/store/4nlgxhb09sdr51nc9hdm8az5b08vzkgx-glibc-2.35-163/lib/libdl.so.2
7f0eb76ca000-7f0eb76cb000 r-xp 00001000 00:1287 4611686019027979923      /nix/store/4nlgxhb09sdr51nc9hdm8az5b08vzkgx-glibc-2.35-163/lib/libdl.so.2
7f0eb76cb000-7f0eb76cc000 r--p 00002000 00:1287 4611686019027979923      /nix/store/4nlgxhb09sdr51nc9hdm8az5b08vzkgx-glibc-2.35-163/lib/libdl.so.2
7f0eb76cc000-7f0eb76cd000 r--p 00002000 00:1287 4611686019027979923      /nix/store/4nlgxhb09sdr51nc9hdm8az5b08vzkgx-glibc-2.35-163/lib/libdl.so.2
7f0eb76cd000-7f0eb76ce000 rw-p 00003000 00:1287 4611686019027979923      /nix/store/4nlgxhb09sdr51nc9hdm8az5b08vzkgx-glibc-2.35-163/lib/libdl.so.2
7f0eb76ce000-7f0eb76cf000 r--p 00000000 00:1287 4611686019027979942      /nix/store/4nlgxhb09sdr51nc9hdm8az5b08vzkgx-glibc-2.35-163/lib/libpthread.so.0
7f0eb76cf000-7f0eb76d0000 r-xp 00001000 00:1287 4611686019027979942      /nix/store/4nlgxhb09sdr51nc9hdm8az5b08vzkgx-glibc-2.35-163/lib/libpthread.so.0
7f0eb76d0000-7f0eb76d1000 r--p 00002000 00:1287 4611686019027979942      /nix/store/4nlgxhb09sdr51nc9hdm8az5b08vzkgx-glibc-2.35-163/lib/libpthread.so.0
7f0eb76d1000-7f0eb76d2000 r--p 00002000 00:1287 4611686019027979942      /nix/store/4nlgxhb09sdr51nc9hdm8az5b08vzkgx-glibc-2.35-163/lib/libpthread.so.0
7f0eb76d2000-7f0eb76d3000 rw-p 00003000 00:1287 4611686019027979942      /nix/store/4nlgxhb09sdr51nc9hdm8az5b08vzkgx-glibc-2.35-163/lib/libpthread.so.0
7f0eb76d3000-7f0eb76e1000 r-xp 00000000 00:1287 4611686019135190033      /nix/store/gpxl5qgg8kicmcvivwmybwjlpf7wh20l-graalvm17-ce-22.3.0/lib/libjli.so
7f0eb76e1000-7f0eb76e2000 ---p 0000e000 00:1287 4611686019135190033      /nix/store/gpxl5qgg8kicmcvivwmybwjlpf7wh20l-graalvm17-ce-22.3.0/lib/libjli.so
7f0eb76e2000-7f0eb76e3000 r--p 0000e000 00:1287 4611686019135190033      /nix/store/gpxl5qgg8kicmcvivwmybwjlpf7wh20l-graalvm17-ce-22.3.0/lib/libjli.so
7f0eb76e3000-7f0eb76e4000 rw-p 0000f000 00:1287 4611686019135190033      /nix/store/gpxl5qgg8kicmcvivwmybwjlpf7wh20l-graalvm17-ce-22.3.0/lib/libjli.so
7f0eb76e4000-7f0eb76e5000 rw-p 00012000 00:1287 4611686019135190033      /nix/store/gpxl5qgg8kicmcvivwmybwjlpf7wh20l-graalvm17-ce-22.3.0/lib/libjli.so
7f0eb76e5000-7f0eb76e8000 r--p 00000000 00:1287 4611686019106210071      /nix/store/026hln0aq1hyshaxsdvhg0kmcm6yf45r-zlib-1.2.13/lib/libz.so.1.2.13
7f0eb76e8000-7f0eb76fa000 r-xp 00003000 00:1287 4611686019106210071      /nix/store/026hln0aq1hyshaxsdvhg0kmcm6yf45r-zlib-1.2.13/lib/libz.so.1.2.13
7f0eb76fa000-7f0eb7701000 r--p 00015000 00:1287 4611686019106210071      /nix/store/026hln0aq1hyshaxsdvhg0kmcm6yf45r-zlib-1.2.13/lib/libz.so.1.2.13
7f0eb7701000-7f0eb7702000 r--p 0001b000 00:1287 4611686019106210071      /nix/store/026hln0aq1hyshaxsdvhg0kmcm6yf45r-zlib-1.2.13/lib/libz.so.1.2.13
7f0eb7702000-7f0eb7703000 rw-p 0001c000 00:1287 4611686019106210071      /nix/store/026hln0aq1hyshaxsdvhg0kmcm6yf45r-zlib-1.2.13/lib/libz.so.1.2.13
7f0eb7703000-7f0eb7705000 rw-p 00000000 00:00 0 
7f0eb7705000-7f0eb7707000 r--p 00000000 00:1287 4611686019027979912      /nix/store/4nlgxhb09sdr51nc9hdm8az5b08vzkgx-glibc-2.35-163/lib/ld-linux-x86-64.so.2
7f0eb7707000-7f0eb772e000 r-xp 00002000 00:1287 4611686019027979912      /nix/store/4nlgxhb09sdr51nc9hdm8az5b08vzkgx-glibc-2.35-163/lib/ld-linux-x86-64.so.2
7f0eb772e000-7f0eb773a000 r--p 00029000 00:1287 4611686019027979912      /nix/store/4nlgxhb09sdr51nc9hdm8az5b08vzkgx-glibc-2.35-163/lib/ld-linux-x86-64.so.2
7f0eb773a000-7f0eb773c000 r--p 00034000 00:1287 4611686019027979912      /nix/store/4nlgxhb09sdr51nc9hdm8az5b08vzkgx-glibc-2.35-163/lib/ld-linux-x86-64.so.2
7f0eb773c000-7f0eb773e000 rw-p 00036000 00:1287 4611686019027979912      /nix/store/4nlgxhb09sdr51nc9hdm8az5b08vzkgx-glibc-2.35-163/lib/ld-linux-x86-64.so.2
7ffd20529000-7ffd2054e000 rw-p 00000000 00:00 0                          [stack]
7ffd20578000-7ffd2057c000 r--p 00000000 00:00 0                          [vvar]
7ffd2057c000-7ffd2057e000 r-xp 00000000 00:00 0                          [vdso]
ffffffffff600000-ffffffffff601000 --xp 00000000 00:00 0                  [vsyscall]


VM Arguments:
jvm_args: -XX:ThreadPriorityPolicy=1 -XX:+UnlockExperimentalVMOptions -XX:+EnableJVMCIProduct -XX:JVMCIThreadsPerNativeLibraryRuntime=1 -XX:-UnlockExperimentalVMOptions -Declipse.application=org.eclipse.jdt.ls.core.id1 -Dosgi.bundles.defaultStartLevel=4 -Declipse.product=org.eclipse.jdt.ls.core.product -Dlog.level=ALL -Xverify:none -XX:+UseParallelGC -XX:GCTimeRatio=4 -XX:AdaptiveSizePolicyWeight=90 -Dsun.zip.disableMemoryMapping=true -Xmx512m -Xms100m 
java_command: /nix/store/m6gcpi1ii6rghy04cjwjddcavv7i90df-jdt-language-server-1.9.0/share/java/plugins/org.eclipse.equinox.launcher_1.6.400.v20210924-0641.jar --add-modules=ALL-SYSTEM --add-opens java.base/java.util=ALL-UNNAMED --add-opens java.base/java.lang=ALL-UNNAMED -configuration /home/runner/.cache/jdt-language-server/config -data /home/runner/.cache/jdt-language-server/data/home/runner/Java-Trail
java_class_path (initial): /nix/store/m6gcpi1ii6rghy04cjwjddcavv7i90df-jdt-language-server-1.9.0/share/java/plugins/org.eclipse.equinox.launcher_1.6.400.v20210924-0641.jar
Launcher Type: SUN_STANDARD

[Global flags]
    uintx AdaptiveSizePolicyWeight                 = 90                                        {product} {command line}
     intx CICompilerCount                          = 2                                         {product} {ergonomic}
     bool EnableJVMCIProduct                       = true                                {JVMCI product} {jimage}
    uintx GCTimeRatio                              = 4                                         {product} {command line}
   size_t InitialHeapSize                          = 104857600                                 {product} {command line}
     uint JVMCIThreadsPerNativeLibraryRuntime      = 1                                   {JVMCI product} {jimage}
   size_t MaxHeapSize                              = 536870912                                 {product} {command line}
   size_t MaxNewSize                               = 178782208                                 {product} {ergonomic}
   size_t MinHeapDeltaBytes                        = 524288                                    {product} {ergonomic}
   size_t MinHeapSize                              = 104857600                                 {product} {command line}
   size_t NewSize                                  = 34603008                                  {product} {ergonomic}
    uintx NonNMethodCodeHeapSize                   = 5826188                                {pd product} {ergonomic}
    uintx NonProfiledCodeHeapSize                  = 122916026                              {pd product} {ergonomic}
   size_t OldSize                                  = 70254592                                  {product} {ergonomic}
    uintx ProfiledCodeHeapSize                     = 122916026                              {pd product} {ergonomic}
    uintx ReservedCodeCacheSize                    = 251658240                              {pd product} {ergonomic}
     bool SegmentedCodeCache                       = true                                      {product} {ergonomic}
   size_t SoftMaxHeapSize                          = 536870912                              {manageable} {ergonomic}
     intx ThreadPriorityPolicy                     = 1                                         {product} {jimage}
     bool UseCompressedClassPointers               = true                           {product lp64_product} {ergonomic}
     bool UseCompressedOops                        = true                           {product lp64_product} {ergonomic}
     bool UseParallelGC                            = true                                      {product} {command line}

Logging:
Log output configuration:
 #0: stdout all=warning uptime,level,tags
 #1: stderr all=off uptime,level,tags

Environment Variables:
JAVA_HOME=/nix/store/gpxl5qgg8kicmcvivwmybwjlpf7wh20l-graalvm17-ce-22.3.0
PATH=/nix/store/1d6ian3r8kdzspw8hacjhl3xkp40g1lj-binutils-wrapper-2.39/bin:/nix/store/dq0xwmsk1g0i2ayg6pb7y87na2knzylh-gcc-wrapper-11.3.0/bin:/nix/store/bap4d0lpcrhpwmpb8ayjcgkmvfj62lnq-bash-interactive-5.1-p16/bin:/nix/store/pr5n59mb4jzmfx6kanwxly0l07p861fg-patchelf-0.15.0/bin:/nix/store/1gf2flfqnpqbr1b4p4qz2f72y42bs56r-gcc-11.3.0/bin:/nix/store/57xv61c5zi8pphjbcwxxjlgc34p61ic9-glibc-2.35-163-bin/bin:/nix/store/a7gvj343m05j2s32xcnwr35v31ynlypr-coreutils-9.1/bin:/nix/store/039g378vc3pc3dvi9dzdlrd0i4q93qwf-binutils-2.39/bin:/nix/store/gpxl5qgg8kicmcvivwmybwjlpf7wh20l-graalvm17-ce-22.3.0/bin:/nix/store/6z9ag3ihc8mq2hzsw48lhbznvzny65nz-apache-maven-3.8.6/bin:/nix/store/m6gcpi1ii6rghy04cjwjddcavv7i90df-jdt-language-server-1.9.0/bin:/nix/store/84xs5alhs01zrbr4ywm05kxbjbp5590l-java-debug/bin:/nix/store/mydc6f4k2z73xlcz7ilif3v2lcaiqvza-findutils-4.9.0/bin:/nix/store/j9p3g8472iijd50vhdprx0nmk2fqn5gv-diffutils-3.8/bin:/nix/store/89zs7rms6x00xfq4dq6m7mjnhkr8a6r4-gnused-4.8/bin:/nix/store/86bp03jkmsl6f92w0yzg4s59g5mhxwmy-gnugrep-3.7/bin:/nix/store/hwcdqw4jrjnd37wxqgsd47hd0j8bnj09-gawk-5.1.1/bin:/nix/store/cfbhw8r8ags41vwqaz47r583d0p4h4a1-gnutar-1.34/bin:/nix/store/p3m1ndl1lapwrlh698bnb5lvvxh67378-gzip-1.12/bin:/nix/store/a8mhcagrsly7c7mpjrpsnaahk4aax056-bzip2-1.0.8-bin/bin:/nix/store/mblgz65m3zv9x548a3d5m96fj2pbwr09-gnumake-4.3/bin:/nix/store/dsd5gz46hdbdk2rfdimqddhq6m8m8fqs-bash-5.1-p16/bin:/nix/store/v7ljksji50mg3w61dykaa3n3y79n6nil-patch-2.7.6/bin:/nix/store/zlcnmqq14jz5x9439jf937mvayyl63da-xz-5.2.7-bin/bin:/nix/store/y6aj732zm9m87c82fpvf103a1xb22blp-file-5.43/bin:/nix/store/i4kzir3m7mrisxmf5xvlnkw01x4qaqr4-prybar-elisp-0.0.0-e0d9a52/bin:/nix/store/lwwivxf6h7x3cvxp9zv8sj0mv7dak99r-prybar-lua-0.0.0-e0d9a52/bin:/nix/store/gxj28g1cg4hq3qanmjv07156h800qr58-prybar-python3-0.0.0-e0d9a52/bin:/nix/store/hshkjnxrgidigf8x75vg6lqng2xlx9i3-prybar-sqlite-0.0.0-e0d9a52/bin:/nix/store/c4w01bpjgyy5ixmwdk8m1pw87zq4sl26-prybar-tcl-0.0.0-e0d9a52/bin:/nix/store/hpbvrlwd5viqmvcaisb3x0118i913a9n-st
LD_LIBRARY_PATH=/nix/store/a4pff549sk2idnkpzk5nsfps3mdkdnvm-cups-2.4.2-lib/lib:/nix/store/72mqxxhh3cy5yifh92wh2yb8cl2hikyy-cairo-1.16.0/lib:/nix/store/2k366jrbsra97gjfxwvrhvixjfxdach5-glib-2.74.1/lib:/nix/store/2j2znigd8ak37rlwh9khz0ry3clqlw1l-gtk+3-3.24.34/lib:/nix/store/hisqvx32cd57apbpcsnkpx6k3549wql1-libglvnd-1.4.0/lib:/nix/store/p36pgcv991mq5srvg765b78yqpxvk3qs-mesa-21.3.3-drivers/lib:/nix/store/mav4251if1ahjq5vkpwycyyvnmy459c4-pulseaudio-14.2/lib
DISPLAY=:0
LANG=en_US.UTF-8

Signal Handlers:
   SIGSEGV: crash_handler in libjvm.so, mask=11100100010111111101111111111110, flags=SA_RESTART|SA_SIGINFO
    SIGBUS: crash_handler in libjvm.so, mask=11100100010111111101111111111110, flags=SA_RESTART|SA_SIGINFO
    SIGFPE: crash_handler in libjvm.so, mask=11100100010111111101111111111110, flags=SA_RESTART|SA_SIGINFO
   SIGPIPE: IsolateEnterStub_IgnoreSIGPIPEStartupHook_noopSignalHandler_8f19bff2f35b5f630d83b364d6b2339320d4ec70_216e8361c6bc87a8f89f58cc10d3b2fd4415bf87 in libjvmcicompiler.so, mask=00000000000000000000000000000000, flags=SA_RESTART
  *** Handler was modified!
  *** Expected: javaSignalHandler in libjvm.so, mask=11100100110111111111111111111110, flags=SA_RESTART|SA_SIGINFO
   SIGXFSZ: javaSignalHandler in libjvm.so, mask=11100100010111111101111111111110, flags=SA_RESTART|SA_SIGINFO
    SIGILL: crash_handler in libjvm.so, mask=11100100010111111101111111111110, flags=SA_RESTART|SA_SIGINFO
   SIGUSR2: SR_handler in libjvm.so, mask=00000000000000000000000000000000, flags=SA_RESTART|SA_SIGINFO
    SIGHUP: UserHandler in libjvm.so, mask=11100100010111111101111111111110, flags=SA_RESTART|SA_SIGINFO
    SIGINT: UserHandler in libjvm.so, mask=11100100010111111101111111111110, flags=SA_RESTART|SA_SIGINFO
   SIGTERM: UserHandler in libjvm.so, mask=11100100010111111101111111111110, flags=SA_RESTART|SA_SIGINFO
   SIGQUIT: UserHandler in libjvm.so, mask=11100100010111111101111111111110, flags=SA_RESTART|SA_SIGINFO
  *** Handler was modified!
  *** Expected: javaSignalHandler in libjvm.so, mask=11100100110111111111111111111110, flags=SA_RESTART|SA_SIGINFO
   SIGTRAP: crash_handler in libjvm.so, mask=11100100010111111101111111111110, flags=SA_RESTART|SA_SIGINFO


---------------  S Y S T E M  ---------------

OS:
DISTRIB_ID=Ubuntu
DISTRIB_RELEASE=20.04
DISTRIB_CODENAME=focal
DISTRIB_DESCRIPTION="Ubuntu 20.04.2 LTS"
uname: Linux 5.19.0-1022-gcp #24~22.04.1-Ubuntu SMP Sun Apr 23 09:51:08 UTC 2023 x86_64
OS uptime: 0 days 3:16 hours
libc: glibc 2.35 NPTL 2.35 
rlimit (soft/hard): STACK 8192k/infinity , CORE infinity/infinity , NPROC infinity/infinity , NOFILE 5242/5242 , AS infinity/infinity , CPU infinity/infinity , DATA infinity/infinity , FSIZE infinity/infinity , MEMLOCK 8192k/8192k
load average: 16.84 16.75 15.37

/proc/meminfo:
MemTotal:       65852256 kB
MemFree:        25226860 kB
MemAvailable:   47064924 kB
Buffers:         2162896 kB
Cached:         18814884 kB
SwapCached:            0 kB
Active:          8785240 kB
Inactive:       28399524 kB
Active(anon):      15988 kB
Inactive(anon): 16057264 kB
Active(file):    8769252 kB
Inactive(file): 12342260 kB
Unevictable:       55716 kB
Mlocked:           55716 kB
SwapTotal:             0 kB
SwapFree:              0 kB
Zswap:                 0 kB
Zswapped:              0 kB
Dirty:              2044 kB
Writeback:             0 kB
AnonPages:      15954472 kB
Mapped:          1978068 kB
Shmem:            140540 kB
KReclaimable:    1453152 kB
Slab:            2412584 kB
SReclaimable:    1453152 kB
SUnreclaim:       959432 kB
KernelStack:      415840 kB
PageTables:       175932 kB
NFS_Unstable:          0 kB
Bounce:                0 kB
WritebackTmp:          0 kB
CommitLimit:    32926128 kB
Committed_AS:   53871476 kB
VmallocTotal:   34359738367 kB
VmallocUsed:      453304 kB
VmallocChunk:          0 kB
Percpu:            48000 kB
HardwareCorrupted:     0 kB
AnonHugePages:   2867200 kB
ShmemHugePages:        0 kB
ShmemPmdMapped:        0 kB
FileHugePages:         0 kB
FilePmdMapped:         0 kB
HugePages_Total:       0
HugePages_Free:        0
HugePages_Rsvd:        0
HugePages_Surp:        0
Hugepagesize:       2048 kB
Hugetlb:               0 kB
DirectMap4k:     3367736 kB
DirectMap2M:    41717760 kB
DirectMap1G:    24117248 kB

/sys/kernel/mm/transparent_hugepage/enabled: always [madvise] never
/sys/kernel/mm/transparent_hugepage/defrag (defrag/compaction efforts parameter): always defer defer+madvise [madvise] never

Process Memory:
Virtual Size: 4854876K (peak: 4949824K)
Resident Set Size: 763520K (peak: 817876K) (anon: 567692K, file: 195828K, shmem: 0K)
Swapped out: 0K
C-Heap outstanding allocations: 43916K, retained: 13071K
glibc malloc tunables: (default)

/proc/sys/kernel/threads-max (system-wide limit on the number of threads): 514406
/proc/sys/vm/max_map_count (maximum number of memory map areas a process may have): 65530
/proc/sys/kernel/pid_max (system-wide limit on number of process identifiers): 4194304

container (cgroup) information:
container_type: cgroupv1
cpu_cpuset_cpus: 2-7
cpu_memory_nodes: 0
active_processor_count: 1
cpu_quota: 50000
cpu_period: 100000
cpu_shares: 512
memory_limit_in_bytes: 1048576 k
memory_and_swap_limit_in_bytes: 1048576 k
memory_soft_limit_in_bytes: 524288 k
memory_usage_in_bytes: 619592 k
memory_max_usage_in_bytes: 706768 k
maximum number of tasks: 1000
current number of tasks: 49

KVM virtualization detected
Steal ticks since vm start: 0
Steal ticks percentage since vm start:  0.000

CPU: total 8 (initial active 1) (8 cores per cpu, 2 threads per core) family 23 model 49 stepping 0 microcode 0xffffffff, cx8, cmov, fxsr, ht, mmx, 3dnowpref, sse, sse2, sse3, ssse3, sse4a, sse4.1, sse4.2, popcnt, lzcnt, tsc, tscinvbit, avx, avx2, aes, clmul, bmi1, bmi2, adx, sha, fma, vzeroupper, clflush, clflushopt, hv
CPU Model and flags from /proc/cpuinfo:
model name	: AMD EPYC 7B12
flags		: fpu vme de pse tsc msr pae mce cx8 apic sep mtrr pge mca cmov pat pse36 clflush mmx fxsr sse sse2 ht syscall nx mmxext fxsr_opt pdpe1gb rdtscp lm constant_tsc rep_good nopl nonstop_tsc cpuid extd_apicid tsc_known_freq pni pclmulqdq ssse3 fma cx16 sse4_1 sse4_2 movbe popcnt aes xsave avx f16c rdrand hypervisor lahf_lm cmp_legacy cr8_legacy abm sse4a misalignsse 3dnowprefetch osvw topoext ssbd ibrs ibpb stibp vmmcall fsgsbase tsc_adjust bmi1 avx2 smep bmi2 rdseed adx smap clflushopt clwb sha_ni xsaveopt xsavec xgetbv1 clzero xsaveerptr arat npt nrip_save umip rdpid

Online cpus: 0-7
Offline cpus: 
BIOS frequency limitation: <Not Available>
Frequency switch latency (ns): <Not Available>
Available cpu frequencies: <Not Available>
Current governor: <Not Available>
Core performance/turbo boost: <Not Available>

Memory: 4k page, physical 1048576k(428972k free), swap 0k(0k free)
Page Sizes: 4k

vm_info: OpenJDK 64-Bit Server VM (17.0.5+8-jvmci-22.3-b08) for linux-amd64 JRE (17.0.5+8-jvmci-22.3-b08), built on Oct 19 2022 09:01:27 by "buildslave" with gcc 10.3.0

END.
