#
# A fatal error has been detected by the Java Runtime Environment:
#
#  Internal Error (jvmciRuntime.cpp:1609), pid=42, tid=56
#  fatal error: Fatal exception in JVMCI: Error calling jdk.vm.ci.services.Services.serializeSavedProperties
#
# JRE version: OpenJDK Runtime Environment GraalVM CE 22.3.0 (17.0.5+8) (build 17.0.5+8-jvmci-22.3-b08)
# Java VM: OpenJDK 64-Bit Server VM GraalVM CE 22.3.0 (17.0.5+8-jvmci-22.3-b08, mixed mode, sharing, tiered, jvmci, jvmci compiler, compressed oops, compressed class ptrs, parallel gc, linux-amd64)
# Problematic frame:
# V  [libjvm.so+0x972714]  JVMCIRuntime::fatal_exception(JVMCIEnv*, char const*)+0x74
#
# Core dump will be written. Default location: Core dumps may be processed with "/usr/share/apport/apport -p%p -s%s -c%c -d%d -P%P -u%u -g%g -- %E" (or dumping to /home/runner/Java-Trail/core.42)
#
# If you would like to submit a bug report, please visit:
#   https://github.com/oracle/graal/issues
#

---------------  S U M M A R Y ------------

Command Line: -XX:ThreadPriorityPolicy=1 -XX:+UnlockExperimentalVMOptions -XX:+EnableJVMCIProduct -XX:JVMCIThreadsPerNativeLibraryRuntime=1 -XX:-UnlockExperimentalVMOptions -Declipse.application=org.eclipse.jdt.ls.core.id1 -Dosgi.bundles.defaultStartLevel=4 -Declipse.product=org.eclipse.jdt.ls.core.product -Dlog.level=ALL -Xverify:none -XX:+UseParallelGC -XX:GCTimeRatio=4 -XX:AdaptiveSizePolicyWeight=90 -Dsun.zip.disableMemoryMapping=true -Xmx512m -Xms100m /nix/store/m6gcpi1ii6rghy04cjwjddcavv7i90df-jdt-language-server-1.9.0/share/java/plugins/org.eclipse.equinox.launcher_1.6.400.v20210924-0641.jar --add-modules=ALL-SYSTEM --add-opens java.base/java.util=ALL-UNNAMED --add-opens java.base/java.lang=ALL-UNNAMED -configuration /home/runner/.cache/jdt-language-server/config -data /home/runner/.cache/jdt-language-server/data/home/runner/Java-Trail

Host: AMD EPYC 7B12, 8 cores, 1G, Ubuntu 20.04.2 LTS
Time: Thu May 11 16:19:12 2023 UTC elapsed time: 1115.984100 seconds (0d 0h 18m 35s)

---------------  T H R E A D  ---------------

Current thread (0x00007f95440b2200):  JavaThread "JVMCI-native CompilerThread0" daemon [_thread_in_vm, id=56, stack(0x00007f9528f1a000,0x00007f952911a000)]


Current CompileTask:
JVMCI-native:1115984 9587       4       sun.security.provider.ByteArrayAccess::b2iBig64 (231 bytes)

Stack: [0x00007f9528f1a000,0x00007f952911a000],  sp=0x00007f9529118380,  free space=2040k
Native frames: (J=compiled Java code, j=interpreted, Vv=VM code, C=native code)
V  [libjvm.so+0x972714]  JVMCIRuntime::fatal_exception(JVMCIEnv*, char const*)+0x74
V  [libjvm.so+0x93e2fe]  JVMCIEnv::copy_saved_properties()+0x14e
V  [libjvm.so+0x9732a9]  JVMCIRuntime::initialize(JVMCIEnv*)+0xb19
V  [libjvm.so+0x9738a2]  JVMCIRuntime::get_HotSpotJVMCIRuntime(JVMCIEnv*)+0x12
V  [libjvm.so+0x9749f2]  JVMCIRuntime::compile_method(JVMCIEnv*, JVMCICompiler*, methodHandle const&, int)+0xd2
V  [libjvm.so+0x5b0d20]  CompileBroker::invoke_compiler_on_method(CompileTask*)+0x1470
V  [libjvm.so+0x5b12e8]  CompileBroker::compiler_thread_loop()+0x528
V  [libjvm.so+0xd82460]  JavaThread::thread_main_inner()+0xd0
V  [libjvm.so+0xd85a40]  Thread::call_run()+0xc0
V  [libjvm.so+0xbdb1e1]  thread_native_entry(Thread*)+0xe1

Register to memory mapping:

RAX=0x00007f9548c26000 points into unknown readable memory: 0x0000000000000058 | 58 00 00 00 00 00 00 00
RBX=0x00007f9549d21398: <offset 0x0000000000ef5398> in /nix/store/gpxl5qgg8kicmcvivwmybwjlpf7wh20l-graalvm17-ce-22.3.0/lib/server/libjvm.so at 0x00007f9548e2c000
RCX=0x00007f9549cd91e8: <offset 0x0000000000ead1e8> in /nix/store/gpxl5qgg8kicmcvivwmybwjlpf7wh20l-graalvm17-ce-22.3.0/lib/server/libjvm.so at 0x00007f9548e2c000
RDX=0x0000000000000649 is an unknown value
RSP=0x00007f9529118380 is pointing into the stack for thread: 0x00007f95440b2200
RBP=0x00007f95291183a0 is pointing into the stack for thread: 0x00007f95440b2200
RSI=0x00007f9549d21c48: <offset 0x0000000000ef5c48> in /nix/store/gpxl5qgg8kicmcvivwmybwjlpf7wh20l-graalvm17-ce-22.3.0/lib/server/libjvm.so at 0x00007f9548e2c000
RDI=0x00000000e0000000 is an oop: [B 
{0x00000000e0000000} - klass: {type array byte}
 - length: 42
R8 =0x00007f9549d21398: <offset 0x0000000000ef5398> in /nix/store/gpxl5qgg8kicmcvivwmybwjlpf7wh20l-graalvm17-ce-22.3.0/lib/server/libjvm.so at 0x00007f9548e2c000
R9 =0x00007f9529118330 is pointing into the stack for thread: 0x00007f95440b2200
R10=0x00007f9529119948 is pointing into the stack for thread: 0x00007f95440b2200
R11=0x0000000000000293 is an unknown value
R12=0x0 is NULL
R13=0x00007f95440b2200 is a thread
R14=0x00007f9544000b80 points into unknown readable memory: 0x00007f9549f52a38 | 38 2a f5 49 95 7f 00 00
R15=0x00007f954a060e40: <offset 0x0000000001234e40> in /nix/store/gpxl5qgg8kicmcvivwmybwjlpf7wh20l-graalvm17-ce-22.3.0/lib/server/libjvm.so at 0x00007f9548e2c000


Registers:
RAX=0x00007f9548c26000, RBX=0x00007f9549d21398, RCX=0x00007f9549cd91e8, RDX=0x0000000000000649
RSP=0x00007f9529118380, RBP=0x00007f95291183a0, RSI=0x00007f9549d21c48, RDI=0x00000000e0000000
R8 =0x00007f9549d21398, R9 =0x00007f9529118330, R10=0x00007f9529119948, R11=0x0000000000000293
R12=0x0000000000000000, R13=0x00007f95440b2200, R14=0x00007f9544000b80, R15=0x00007f954a060e40
RIP=0x00007f954979e714, EFLAGS=0x0000000000010206, CSGSFS=0x002b000000000033, ERR=0x0000000000000006
  TRAPNO=0x000000000000000e

Top of Stack: (sp=0x00007f9529118380)
0x00007f9529118380:   00007f9529118940 00007f95440b2200
0x00007f9529118390:   00007f95485b78c8 0000000800c417a0
0x00007f95291183a0:   00007f9529118500 00007f954976a2fe
0x00007f95291183b0:   00007f95291183e0 00007f9529118440 

Instructions: (pc=0x00007f954979e714)
0x00007f954979e614:   30 e8 f6 cf e8 ff 4c 89 e7 e8 2e 48 d1 ff 84 db
0x00007f954979e624:   75 2a 4d 85 ed 74 04 4d 8b 6d 00 48 83 c4 08 44
0x00007f954979e634:   89 f9 4c 89 f2 4c 89 ee 5b 4c 89 e7 41 5c 41 5d
0x00007f954979e644:   41 5e 41 5f 5d e9 e2 47 d1 ff 66 90 48 83 c4 08
0x00007f954979e654:   5b 41 5c 41 5d 41 5e 41 5f 5d c3 90 31 d2 be 08
0x00007f954979e664:   00 00 00 4c 89 ff e8 b1 78 a3 ff 49 89 c5 e9 37
0x00007f954979e674:   ff ff ff 66 0f 1f 84 00 00 00 00 00 48 8b 7a 08
0x00007f954979e684:   e9 6d ff ff ff 0f 1f 80 00 00 00 00 e8 5b 48 0a
0x00007f954979e694:   00 84 c0 75 89 e9 6a ff ff ff 66 90 55 48 89 e5
0x00007f954979e6a4:   41 56 41 55 41 54 49 89 fc 53 48 89 f3 66 48 8d
0x00007f954979e6b4:   3d 27 5e 85 00 66 66 48 e8 df 43 8d ff 4c 8b 28
0x00007f954979e6c4:   8b 05 be 72 8a 00 85 c0 75 14 ba 01 00 00 00 48
0x00007f954979e6d4:   8d 0d ae 72 8a 00 f0 0f b1 11 85 c0 74 4e be c8
0x00007f954979e6e4:   00 00 00 4c 89 ef e8 01 0b 41 00 48 8d 05 12 ac
0x00007f954979e6f4:   85 00 49 89 d8 48 8d 0d e8 aa 53 00 ba 49 06 00
0x00007f954979e704:   00 48 8d 35 3c 35 58 00 bf 00 00 00 e0 48 8b 00
0x00007f954979e714:   c6 00 58 31 c0 e8 e2 91 c6 ff 5b 41 5c 41 5d 41
0x00007f954979e724:   5e 5d e9 55 34 26 00 0f 1f 44 00 00 48 8d 05 81
0x00007f954979e734:   a3 8b 00 48 89 df 4c 8b 30 e8 9e 43 8d ff 48 89
0x00007f954979e744:   de 48 89 c2 49 8b 06 4c 89 f7 ff 50 08 4c 89 f7
0x00007f954979e754:   e8 a7 5c 27 00 4d 85 e4 74 12 be 01 00 00 00 4c
0x00007f954979e764:   89 e7 e8 35 43 fc ff eb 82 0f 1f 00 be 01 00 00
0x00007f954979e774:   00 4c 89 ef e8 d3 fd ff ff e9 6d ff ff ff 66 66
0x00007f954979e784:   2e 0f 1f 84 00 00 00 00 00 0f 1f 00 55 48 89 e5
0x00007f954979e794:   41 57 41 56 41 55 41 54 53 48 81 ec 08 02 00 00
0x00007f954979e7a4:   64 48 8b 04 25 28 00 00 00 48 89 45 c8 8b 07 83
0x00007f954979e7b4:   f8 02 0f 84 11 04 00 00 4c 8b 6f 18 49 89 ff 49
0x00007f954979e7c4:   89 f4 4d 85 ed 74 14 4c 89 ef e8 5d 57 22 00 41
0x00007f954979e7d4:   8b 07 83 f8 02 0f 84 19 04 00 00 48 8d 1d 9a 06
0x00007f954979e7e4:   8a 00 4c 8d 35 0b 3c 58 00 eb 38 90 48 85 d2 7f
0x00007f954979e7f4:   0d 48 8d 05 b4 c0 85 00 48 83 38 00 7e 0e 41 8b
0x00007f954979e804:   77 2c 4c 89 f7 31 c0 e8 a0 b2 f7 ff 49 8b 7f 18 


Stack slot to memory mapping:
stack at sp + 0 slots: 0x00007f9529118940 is pointing into the stack for thread: 0x00007f95440b2200
stack at sp + 1 slots: 0x00007f95440b2200 is a thread
stack at sp + 2 slots: 0x00007f95485b78c8 points into unknown readable memory: 0x65730018052dffff | ff ff 2d 05 18 00 73 65
stack at sp + 3 slots: 0x0000000800c417a0 is a pointer to class: 
jdk.vm.ci.services.Services {0x0000000800c417a0}
 - instance size:     2
 - klass size:        65
 - access:            public final synchronized 
 - state:             fully_initialized
 - name:              'jdk/vm/ci/services/Services'
 - super:             'java/lang/Object'
 - sub:               
 - arrays:            NULL
 - methods:           Array<T>(0x00007f9529843eb8)
 - method ordering:   Array<T>(0x0000000800928960)
 - default_methods:   Array<T>(0x0000000000000000)
 - local interfaces:  Array<T>(0x00000008005ce810)
 - trans. interfaces: Array<T>(0x00000008005ce810)
 - constants:         constant pool [427] {0x00007f9529842f98} for 'jdk/vm/ci/services/Services' cache=0x00007f9529845188
 - class loader data:  loader data: 0x00007f95440283f0 of 'bootstrap'
 - source file:       'Services.java'
 - class annotations:       Array<T>(0x0000000000000000)
 - class type annotations:  Array<T>(0x0000000000000000)
 - field annotations:       Array<T>(0x0000000000000000)
 - field type annotations:  Array<T>(0x0000000000000000)
 - inner classes:     Array<T>(0x00007f9529845158)
 - nest members:     Array<T>(0x00007f9529845178)
 - permitted subclasses:     Array<T>(0x00000008005ce7a0)
 - java mirror:       a 'java/lang/Class'{0x00000000e017a908} = 'jdk/vm/ci/services/Services'
 - vtable length      5  (start addr: 0x0000000800c41970)
 - itable length      2 (start addr: 0x0000000800c41998)
 - ---- static fields (3 words):
 - public static final 'IS_BUILDING_NATIVE_IMAGE' 'Z' @128 
 - public static final 'IS_IN_NATIVE_IMAGE' 'Z' @129 
 - private static volatile 'savedProperties' 'Ljava/util/Map;' @112 
 - static final 'JVMCI_ENABLED' 'Z' @130 
 - private static final 'servicesCache' 'Ljava/util/Map;' @116 
 - private static final 'MAX_UNICODE_IN_UTF8_LENGTH' 'I' @120 
 - private static final 'MAX_UTF8_PROPERTY_STRING_LENGTH' 'I' @124 
 - ---- non-static fields (0 words):
 - non-static oop maps: 
stack at sp + 4 slots: 0x00007f9529118500 is pointing into the stack for thread: 0x00007f95440b2200
stack at sp + 5 slots: 0x00007f954976a2fe: <offset 0x000000000093e2fe> in /nix/store/gpxl5qgg8kicmcvivwmybwjlpf7wh20l-graalvm17-ce-22.3.0/lib/server/libjvm.so at 0x00007f9548e2c000
stack at sp + 6 slots: 0x00007f95291183e0 is pointing into the stack for thread: 0x00007f95440b2200
stack at sp + 7 slots: 0x00007f9529118440 is pointing into the stack for thread: 0x00007f95440b2200


---------------  P R O C E S S  ---------------

Threads class SMR info:
_java_thread_list=0x00007f94c0034960, length=25, elements={
0x00007f9544026690, 0x00007f95440a64d0, 0x00007f95440a7910, 0x00007f95440ae070,
0x00007f95440af420, 0x00007f95440b0810, 0x00007f95440b2200, 0x00007f95440b3710,
0x00007f95440b4b60, 0x00007f95440e03d0, 0x00007f9544127bd0, 0x00007f95443227b0,
0x00007f9544355820, 0x00007f95443581f0, 0x00007f95443709a0, 0x00007f94d801a700,
0x00007f94d82a1390, 0x00007f94cc0010d0, 0x00007f94d847fc20, 0x00007f94d85ef830,
0x00007f954448ccd0, 0x00007f94cc007280, 0x00007f95444bad30, 0x00007f94ac3cec30,
0x00007f94c0033580
}

Java Threads: ( => current thread )
  0x00007f9544026690 JavaThread "main" [_thread_blocked, id=48, stack(0x00007f9548c47000,0x00007f9548d47000)]
  0x00007f95440a64d0 JavaThread "Reference Handler" daemon [_thread_blocked, id=51, stack(0x00007f952a0e0000,0x00007f952a1e0000)]
  0x00007f95440a7910 JavaThread "Finalizer" daemon [_thread_blocked, id=52, stack(0x00007f9529700000,0x00007f9529800000)]
  0x00007f95440ae070 JavaThread "Signal Dispatcher" daemon [_thread_blocked, id=53, stack(0x00007f952931a000,0x00007f952941a000)]
  0x00007f95440af420 JavaThread "Service Thread" daemon [_thread_blocked, id=54, stack(0x00007f952921a000,0x00007f952931a000)]
  0x00007f95440b0810 JavaThread "Monitor Deflation Thread" daemon [_thread_blocked, id=55, stack(0x00007f952911a000,0x00007f952921a000)]
=>0x00007f95440b2200 JavaThread "JVMCI-native CompilerThread0" daemon [_thread_in_vm, id=56, stack(0x00007f9528f1a000,0x00007f952911a000)]
  0x00007f95440b3710 JavaThread "C1 CompilerThread0" daemon [_thread_blocked, id=57, stack(0x00007f9528d1a000,0x00007f9528f1a000)]
  0x00007f95440b4b60 JavaThread "Sweeper thread" daemon [_thread_blocked, id=58, stack(0x00007f9528c1a000,0x00007f9528d1a000)]
  0x00007f95440e03d0 JavaThread "Common-Cleaner" daemon [_thread_blocked, id=60, stack(0x00007f9528b1a000,0x00007f9528c1a000)]
  0x00007f9544127bd0 JavaThread "Notification Thread" daemon [_thread_blocked, id=64, stack(0x00007f9528a1a000,0x00007f9528b1a000)]
  0x00007f95443227b0 JavaThread "Active Thread: Equinox Container: 1ba37bf4-713b-48db-b2f3-d432647e6d60" [_thread_blocked, id=88, stack(0x00007f9528700000,0x00007f9528800000)]
  0x00007f9544355820 JavaThread "Framework Event Dispatcher: Equinox Container: 1ba37bf4-713b-48db-b2f3-d432647e6d60" daemon [_thread_blocked, id=89, stack(0x00007f9528500000,0x00007f9528600000)]
  0x00007f95443581f0 JavaThread "Start Level: Equinox Container: 1ba37bf4-713b-48db-b2f3-d432647e6d60" daemon [_thread_blocked, id=90, stack(0x00007f9528300000,0x00007f9528400000)]
  0x00007f95443709a0 JavaThread "Refresh Thread: Equinox Container: 1ba37bf4-713b-48db-b2f3-d432647e6d60" daemon [_thread_blocked, id=99, stack(0x00007f9528100000,0x00007f9528200000)]
  0x00007f94d801a700 JavaThread "SCR Component Actor" daemon [_thread_blocked, id=100, stack(0x00007f94f0900000,0x00007f94f0a00000)]
  0x00007f94d82a1390 JavaThread "Worker-JM" [_thread_blocked, id=111, stack(0x00007f94f0500000,0x00007f94f0600000)]
  0x00007f94cc0010d0 JavaThread "Worker-1: Validate documents" [_thread_blocked, id=113, stack(0x00007f94f0100000,0x00007f94f0200000)]
  0x00007f94d847fc20 JavaThread "Java indexing" daemon [_thread_blocked, id=120, stack(0x00007f94eff00000,0x00007f94f0000000)]
  0x00007f94d85ef830 JavaThread "Bundle File Closer" daemon [_thread_blocked, id=123, stack(0x00007f94efd00000,0x00007f94efe00000)]
  0x00007f954448ccd0 JavaThread "pool-3-thread-1" [_thread_blocked, id=124, stack(0x00007f94efb00000,0x00007f94efc00000)]
  0x00007f94cc007280 JavaThread "Worker-2: Periodic workspace save." [_thread_blocked, id=125, stack(0x00007f94ef900000,0x00007f94efa00000)]
  0x00007f95444bad30 JavaThread "pool-2-thread-1" [_thread_blocked, id=133, stack(0x00007f94ef700000,0x00007f94ef800000)]
  0x00007f94ac3cec30 JavaThread "Okio Watchdog" daemon [_thread_blocked, id=207, stack(0x00007f94efa00000,0x00007f94efb00000)]
  0x00007f94c0033580 JavaThread "Worker-7" [_thread_blocked, id=3413, stack(0x00007f9528818000,0x00007f9528918000)]

Other Threads:
  0x00007f95440a1c10 VMThread "VM Thread" [stack: 0x00007f952a1e2000,0x00007f952a2e2000] [id=50] _threads_hazard_ptr=0x00007f94c0034960
  0x00007f9544129570 WatcherThread [stack: 0x00007f952891a000,0x00007f9528a1a000] [id=65]
  0x00007f954403df30 GCTaskThread "GC Thread#0" [stack: 0x00007f954880a000,0x00007f954890a000] [id=49]

Threads with active compile tasks:
JVMCI-native CompilerThread0  1116049 9587       4       sun.security.provider.ByteArrayAccess::b2iBig64 (231 bytes)

VM state: synchronizing (normal execution)

VM Mutex/Monitor currently owned by a thread:  ([mutex/lock_event])
[0x00007f9544023840] Threads_lock - owner thread: 0x00007f95440a1c10
[0x00007f9544023ff0] Heap_lock - owner thread: 0x00007f94cc0010d0

OutOfMemory and StackOverflow Exception counts:
OutOfMemoryError java_heap_errors=11
LinkageErrors=77

Heap address: 0x00000000e0000000, size: 512 MB, Compressed Oops mode: 32-bit

CDS archive(s) mapped at: [0x0000000800000000-0x0000000800bc8000-0x0000000800bc8000), size 12353536, SharedBaseAddress: 0x0000000800000000, ArchiveRelocationMode: 0.
Compressed class space mapped at: 0x0000000800c00000-0x0000000840c00000, reserved size: 1073741824
Narrow klass base: 0x0000000800000000, Narrow klass shift: 0, Narrow klass range: 0x100000000

GC Precious Log:
 CPUs: 8 total, 1 available
 Memory: 1024M
 Large Page Support: Disabled
 NUMA Support: Disabled
 Compressed Oops: Enabled (32-bit)
 Alignments: Space 512K, Generation 512K, Heap 2M
 Heap Min Capacity: 100M
 Heap Initial Capacity: 100M
 Heap Max Capacity: 512M
 Pre-touch: Disabled
 Parallel Workers: 1

Heap:
 PSYoungGen      total 53760K, used 35839K [0x00000000f5580000, 0x00000000fa100000, 0x0000000100000000)
  eden space 35840K, 99% used [0x00000000f5580000,0x00000000f787fff0,0x00000000f7880000)
  from space 17920K, 0% used [0x00000000f8f80000,0x00000000f8f80000,0x00000000fa100000)
  to   space 12800K, 0% used [0x00000000f7880000,0x00000000f7880000,0x00000000f8500000)
 ParOldGen       total 349696K, used 349695K [0x00000000e0000000, 0x00000000f5580000, 0x00000000f5580000)
  object space 349696K, 99% used [0x00000000e0000000,0x00000000f557fff8,0x00000000f5580000)
 Metaspace       used 62077K, committed 62976K, reserved 1105920K
  class space    used 6114K, committed 6528K, reserved 1048576K

Card table byte_map: [0x00007f954890a000,0x00007f9548a0b000] _byte_map_base: 0x00007f954820a000

Marking Bits: (ParMarkBitMap*) 0x00007f954a05a4c0
 Begin Bits: [0x00007f952a4b3000, 0x00007f952acb3000)
 End Bits:   [0x00007f952acb3000, 0x00007f952b4b3000)

Polling page: 0x00007f9548c24000

Metaspace:

Usage:
  Non-class:     54.65 MB used.
      Class:      5.97 MB used.
       Both:     60.62 MB used.

Virtual space:
  Non-class space:       56.00 MB reserved,      55.12 MB ( 98%) committed,  7 nodes.
      Class space:        1.00 GB reserved,       6.38 MB ( <1%) committed,  1 nodes.
             Both:        1.05 GB reserved,      61.50 MB (  6%) committed. 

Chunk freelists:
   Non-Class:  420.00 KB
       Class:  1.70 MB
        Both:  2.11 MB

MaxMetaspaceSize: unlimited
CompressedClassSpaceSize: 1.00 GB
Initial GC threshold: 21.00 MB
Current GC threshold: 102.31 MB
CDS: on
MetaspaceReclaimPolicy: balanced
 - commit_granule_bytes: 65536.
 - commit_granule_words: 8192.
 - virtual_space_node_default_size: 1048576.
 - enlarge_chunks_in_place: 1.
 - new_chunks_are_fully_committed: 0.
 - uncommit_free_chunks: 1.
 - use_allocation_guard: 0.
 - handle_deallocations: 1.


Internal statistics:

num_allocs_failed_limit: 6.
num_arena_births: 552.
num_arena_deaths: 174.
num_vsnodes_births: 8.
num_vsnodes_deaths: 0.
num_space_committed: 983.
num_space_uncommitted: 0.
num_chunks_returned_to_freelist: 247.
num_chunks_taken_from_freelist: 3012.
num_chunk_merges: 82.
num_chunk_splits: 1921.
num_chunks_enlarged: 1209.
num_purges: 12.
num_inconsistent_stats: 0.

CodeHeap 'non-profiled nmethods': size=120036Kb used=2643Kb max_used=2643Kb free=117392Kb
 bounds [0x00007f9532f7a000, 0x00007f953321a000, 0x00007f953a4b3000]
CodeHeap 'profiled nmethods': size=120032Kb used=16181Kb max_used=17513Kb free=103850Kb
 bounds [0x00007f952ba42000, 0x00007f952cb62000, 0x00007f9532f7a000]
CodeHeap 'non-nmethods': size=5692Kb used=1411Kb max_used=1412Kb free=4280Kb
 bounds [0x00007f952b4b3000, 0x00007f952b723000, 0x00007f952ba42000]
 total_blobs=8230 nmethods=7478 adapters=637
 compilation: enabled
              stopped_count=0, restarted_count=0
 full_count=0

JVMCI Events (20 events):
Event: 917.790 Thread 0x00007f95440b2200 destroyed JavaVM[9]@0x00007f94eeb9e340 for JVMCI runtime 0
Event: 917.790 Thread 0x00007f95440b2200 compacted oop handles in JVMCI runtime 0 from 47 to 47
Event: 917.790 Thread 0x00007f95440b2200 releasing handles for JVMCI runtime 0: oop handles=47, metadata handles={total=99, live=97, blocks=30}
Event: 917.790 Thread 0x00007f95440b2200 detached from JVMCI runtime 0
Event: 963.947 Thread 0x00007f95440b2200 attached to JVMCI runtime 0
Event: 963.948 Thread 0x00007f95440b2200 created JavaVM[10]@0x00007f94eeb9e340 for JVMCI runtime 0
Event: 965.267 Thread 0x00007f95440b2200 initializing JVMCI runtime 0
Event: 965.267 Thread 0x00007f95440b2200 done waiting for JavaVM references initialization in JVMCI runtime 0
Event: 973.078 Thread 0x00007f95440b2200 initialized JVMCI runtime 0
Event: 983.164 Thread 0x00007f95440b2200 detaching from JVMCI runtime 0: releasing idle compiler thread (0 other threads still attached)
Event: 983.164 Thread 0x00007f95440b2200 shutting down HotSpotJVMCIRuntime for JVMCI runtime 0
Event: 983.164 Thread 0x00007f95440b2200 shut down JVMCI runtime 0
Event: 983.167 Thread 0x00007f95440b2200 destroyed JavaVM[10]@0x00007f94eeb9e340 for JVMCI runtime 0
Event: 983.167 Thread 0x00007f95440b2200 compacted oop handles in JVMCI runtime 0 from 42 to 42
Event: 983.167 Thread 0x00007f95440b2200 releasing handles for JVMCI runtime 0: oop handles=42, metadata handles={total=88, live=77, blocks=30}
Event: 983.167 Thread 0x00007f95440b2200 detached from JVMCI runtime 0
Event: 1096.484 Thread 0x00007f95440b2200 attached to JVMCI runtime 0
Event: 1096.486 Thread 0x00007f95440b2200 created JavaVM[11]@0x00007f94eeb9e340 for JVMCI runtime 0
Event: 1096.486 Thread 0x00007f95440b2200 initializing JVMCI runtime 0
Event: 1096.486 Thread 0x00007f95440b2200 done waiting for JavaVM references initialization in JVMCI runtime 0

Compilation events (20 events):
Event: 869.888 Thread 0x00007f95440b3710 9578       3       java.util.logging.LogManager::getProperty (9 bytes)
Event: 871.073 Thread 0x00007f95440b3710 nmethod 9578 0x00007f952c62c690 code [0x00007f952c62c840, 0x00007f952c62cb60]
Event: 872.155 Thread 0x00007f95440b3710 9579       3       java.lang.invoke.MethodType::dropParameterTypes (162 bytes)
Event: 872.156 Thread 0x00007f95440b3710 nmethod 9579 0x00007f952ba57590 code [0x00007f952ba578a0, 0x00007f952ba58c00]
Event: 872.156 Thread 0x00007f95440b3710 9580       3       java.lang.invoke.LambdaForm$MH/0x0000000800d93000::invoke (25 bytes)
Event: 872.156 Thread 0x00007f95440b3710 nmethod 9580 0x00007f952c9d5010 code [0x00007f952c9d51e0, 0x00007f952c9d57d0]
Event: 890.268 Thread 0x00007f95440b2200 nmethod 9575 0x00007f953320d390 code [0x00007f953320d520, 0x00007f953320da98]
Event: 896.458 Thread 0x00007f95440b2200 9581       4       java.lang.Class::getPackageName (81 bytes)
Event: 916.296 Thread 0x00007f95440b2200 nmethod 9581 0x00007f953320dc90 code [0x00007f953320de40, 0x00007f953320e2c0]
Event: 963.947 Thread 0x00007f95440b2200 9582       4       java.lang.Thread::interrupted (23 bytes)
Event: 981.576 Thread 0x00007f95440b2200 nmethod 9582 0x00007f953320e690 code [0x00007f953320e820, 0x00007f953320e8b0]
Event: 1024.169 Thread 0x00007f95440b3710 9583       3       java.util.concurrent.ThreadPoolExecutor::workerCountOf (5 bytes)
Event: 1025.753 Thread 0x00007f95440b3710 nmethod 9583 0x00007f952c55c010 code [0x00007f952c55c1a0, 0x00007f952c55c290]
Event: 1042.664 Thread 0x00007f95440b3710 9584       3       java.lang.invoke.MemberName$Factory::resolveOrNull (54 bytes)
Event: 1042.664 Thread 0x00007f95440b3710 nmethod 9584 0x00007f952c62bf90 code [0x00007f952c62c160, 0x00007f952c62c420]
Event: 1052.946 Thread 0x00007f95440b3710 9585       3       java.util.concurrent.locks.AbstractQueuedSynchronizer::acquire (20 bytes)
Event: 1054.628 Thread 0x00007f95440b3710 nmethod 9585 0x00007f952ca5d210 code [0x00007f952ca5d3c0, 0x00007f952ca5d790]
Event: 1094.986 Thread 0x00007f95440b3710 9586       1       org.eclipse.core.internal.resources.Rules::buildRule (5 bytes)
Event: 1096.484 Thread 0x00007f95440b3710 nmethod 9586 0x00007f953320e990 code [0x00007f953320eb20, 0x00007f953320ebf0]
Event: 1096.484 Thread 0x00007f95440b2200 9587       4       sun.security.provider.ByteArrayAccess::b2iBig64 (231 bytes)

GC Heap History (20 events):
Event: 1102.179 GC heap before
{Heap before GC invocations=908 (full 788):
 PSYoungGen      total 53760K, used 35837K [0x00000000f5580000, 0x00000000fa100000, 0x0000000100000000)
  eden space 35840K, 99% used [0x00000000f5580000,0x00000000f787f7b0,0x00000000f7880000)
  from space 17920K, 0% used [0x00000000f8f80000,0x00000000f8f80000,0x00000000fa100000)
  to   space 12800K, 0% used [0x00000000f7880000,0x00000000f7880000,0x00000000f8500000)
 ParOldGen       total 349696K, used 349693K [0x00000000e0000000, 0x00000000f5580000, 0x00000000f5580000)
  object space 349696K, 99% used [0x00000000e0000000,0x00000000f557f4d8,0x00000000f5580000)
 Metaspace       used 62077K, committed 62976K, reserved 1105920K
  class space    used 6114K, committed 6528K, reserved 1048576K
}
Event: 1103.564 GC heap after
{Heap after GC invocations=908 (full 788):
 PSYoungGen      total 48640K, used 35837K [0x00000000f5580000, 0x00000000fa100000, 0x0000000100000000)
  eden space 35840K, 99% used [0x00000000f5580000,0x00000000f787f7b0,0x00000000f7880000)
  from space 12800K, 0% used [0x00000000f7880000,0x00000000f7880000,0x00000000f8500000)
  to   space 17920K, 0% used [0x00000000f8f80000,0x00000000f8f80000,0x00000000fa100000)
 ParOldGen       total 349696K, used 349693K [0x00000000e0000000, 0x00000000f5580000, 0x00000000f5580000)
  object space 349696K, 99% used [0x00000000e0000000,0x00000000f557f4d8,0x00000000f5580000)
 Metaspace       used 62077K, committed 62976K, reserved 1105920K
  class space    used 6114K, committed 6528K, reserved 1048576K
}
Event: 1103.575 GC heap before
{Heap before GC invocations=909 (full 789):
 PSYoungGen      total 48640K, used 35840K [0x00000000f5580000, 0x00000000fa100000, 0x0000000100000000)
  eden space 35840K, 100% used [0x00000000f5580000,0x00000000f7880000,0x00000000f7880000)
  from space 12800K, 0% used [0x00000000f7880000,0x00000000f7880000,0x00000000f8500000)
  to   space 17920K, 0% used [0x00000000f8f80000,0x00000000f8f80000,0x00000000fa100000)
 ParOldGen       total 349696K, used 349694K [0x00000000e0000000, 0x00000000f5580000, 0x00000000f5580000)
  object space 349696K, 99% used [0x00000000e0000000,0x00000000f557f8f8,0x00000000f5580000)
 Metaspace       used 62077K, committed 62976K, reserved 1105920K
  class space    used 6114K, committed 6528K, reserved 1048576K
}
Event: 1104.992 GC heap after
{Heap after GC invocations=909 (full 789):
 PSYoungGen      total 53760K, used 35837K [0x00000000f5580000, 0x00000000fa100000, 0x0000000100000000)
  eden space 35840K, 99% used [0x00000000f5580000,0x00000000f787f7f8,0x00000000f7880000)
  from space 17920K, 0% used [0x00000000f8f80000,0x00000000f8f80000,0x00000000fa100000)
  to   space 12800K, 0% used [0x00000000f7880000,0x00000000f7880000,0x00000000f8500000)
 ParOldGen       total 349696K, used 349694K [0x00000000e0000000, 0x00000000f5580000, 0x00000000f5580000)
  object space 349696K, 99% used [0x00000000e0000000,0x00000000f557f8f8,0x00000000f5580000)
 Metaspace       used 62077K, committed 62976K, reserved 1105920K
  class space    used 6114K, committed 6528K, reserved 1048576K
}
Event: 1105.043 GC heap before
{Heap before GC invocations=910 (full 790):
 PSYoungGen      total 53760K, used 35840K [0x00000000f5580000, 0x00000000fa100000, 0x0000000100000000)
  eden space 35840K, 100% used [0x00000000f5580000,0x00000000f7880000,0x00000000f7880000)
  from space 17920K, 0% used [0x00000000f8f80000,0x00000000f8f80000,0x00000000fa100000)
  to   space 12800K, 0% used [0x00000000f7880000,0x00000000f7880000,0x00000000f8500000)
 ParOldGen       total 349696K, used 349694K [0x00000000e0000000, 0x00000000f5580000, 0x00000000f5580000)
  object space 349696K, 99% used [0x00000000e0000000,0x00000000f557f8f8,0x00000000f5580000)
 Metaspace       used 62077K, committed 62976K, reserved 1105920K
  class space    used 6114K, committed 6528K, reserved 1048576K
}
Event: 1106.394 GC heap after
{Heap after GC invocations=910 (full 790):
 PSYoungGen      total 48640K, used 35839K [0x00000000f5580000, 0x00000000fa100000, 0x0000000100000000)
  eden space 35840K, 99% used [0x00000000f5580000,0x00000000f787fd50,0x00000000f7880000)
  from space 12800K, 0% used [0x00000000f7880000,0x00000000f7880000,0x00000000f8500000)
  to   space 17920K, 0% used [0x00000000f8f80000,0x00000000f8f80000,0x00000000fa100000)
 ParOldGen       total 349696K, used 349694K [0x00000000e0000000, 0x00000000f5580000, 0x00000000f5580000)
  object space 349696K, 99% used [0x00000000e0000000,0x00000000f557f8f8,0x00000000f5580000)
 Metaspace       used 62077K, committed 62976K, reserved 1105920K
  class space    used 6114K, committed 6528K, reserved 1048576K
}
Event: 1106.394 GC heap before
{Heap before GC invocations=911 (full 791):
 PSYoungGen      total 48640K, used 35839K [0x00000000f5580000, 0x00000000fa100000, 0x0000000100000000)
  eden space 35840K, 99% used [0x00000000f5580000,0x00000000f787fff0,0x00000000f7880000)
  from space 12800K, 0% used [0x00000000f7880000,0x00000000f7880000,0x00000000f8500000)
  to   space 17920K, 0% used [0x00000000f8f80000,0x00000000f8f80000,0x00000000fa100000)
 ParOldGen       total 349696K, used 349694K [0x00000000e0000000, 0x00000000f5580000, 0x00000000f5580000)
  object space 349696K, 99% used [0x00000000e0000000,0x00000000f557f8f8,0x00000000f5580000)
 Metaspace       used 62077K, committed 62976K, reserved 1105920K
  class space    used 6114K, committed 6528K, reserved 1048576K
}
Event: 1108.045 GC heap after
{Heap after GC invocations=911 (full 791):
 PSYoungGen      total 53760K, used 35839K [0x00000000f5580000, 0x00000000fa100000, 0x0000000100000000)
  eden space 35840K, 99% used [0x00000000f5580000,0x00000000f787fff0,0x00000000f7880000)
  from space 17920K, 0% used [0x00000000f8f80000,0x00000000f8f80000,0x00000000fa100000)
  to   space 12800K, 0% used [0x00000000f7880000,0x00000000f7880000,0x00000000f8500000)
 ParOldGen       total 349696K, used 349694K [0x00000000e0000000, 0x00000000f5580000, 0x00000000f5580000)
  object space 349696K, 99% used [0x00000000e0000000,0x00000000f557f8f8,0x00000000f5580000)
 Metaspace       used 62077K, committed 62976K, reserved 1105920K
  class space    used 6114K, committed 6528K, reserved 1048576K
}
Event: 1108.045 GC heap before
{Heap before GC invocations=912 (full 792):
 PSYoungGen      total 53760K, used 35839K [0x00000000f5580000, 0x00000000fa100000, 0x0000000100000000)
  eden space 35840K, 99% used [0x00000000f5580000,0x00000000f787fff0,0x00000000f7880000)
  from space 17920K, 0% used [0x00000000f8f80000,0x00000000f8f80000,0x00000000fa100000)
  to   space 12800K, 0% used [0x00000000f7880000,0x00000000f7880000,0x00000000f8500000)
 ParOldGen       total 349696K, used 349695K [0x00000000e0000000, 0x00000000f5580000, 0x00000000f5580000)
  object space 349696K, 99% used [0x00000000e0000000,0x00000000f557fff8,0x00000000f5580000)
 Metaspace       used 62077K, committed 62976K, reserved 1105920K
  class space    used 6114K, committed 6528K, reserved 1048576K
}
Event: 1109.376 GC heap after
{Heap after GC invocations=912 (full 792):
 PSYoungGen      total 48640K, used 35839K [0x00000000f5580000, 0x00000000fa100000, 0x0000000100000000)
  eden space 35840K, 99% used [0x00000000f5580000,0x00000000f787fff0,0x00000000f7880000)
  from space 12800K, 0% used [0x00000000f7880000,0x00000000f7880000,0x00000000f8500000)
  to   space 17920K, 0% used [0x00000000f8f80000,0x00000000f8f80000,0x00000000fa100000)
 ParOldGen       total 349696K, used 349695K [0x00000000e0000000, 0x00000000f5580000, 0x00000000f5580000)
  object space 349696K, 99% used [0x00000000e0000000,0x00000000f557fff8,0x00000000f5580000)
 Metaspace       used 62077K, committed 62976K, reserved 1105920K
  class space    used 6114K, committed 6528K, reserved 1048576K
}
Event: 1109.376 GC heap before
{Heap before GC invocations=913 (full 793):
 PSYoungGen      total 48640K, used 35839K [0x00000000f5580000, 0x00000000fa100000, 0x0000000100000000)
  eden space 35840K, 99% used [0x00000000f5580000,0x00000000f787fff0,0x00000000f7880000)
  from space 12800K, 0% used [0x00000000f7880000,0x00000000f7880000,0x00000000f8500000)
  to   space 17920K, 0% used [0x00000000f8f80000,0x00000000f8f80000,0x00000000fa100000)
 ParOldGen       total 349696K, used 349695K [0x00000000e0000000, 0x00000000f5580000, 0x00000000f5580000)
  object space 349696K, 99% used [0x00000000e0000000,0x00000000f557fff8,0x00000000f5580000)
 Metaspace       used 62077K, committed 62976K, reserved 1105920K
  class space    used 6114K, committed 6528K, reserved 1048576K
}
Event: 1110.750 GC heap after
{Heap after GC invocations=913 (full 793):
 PSYoungGen      total 53760K, used 35839K [0x00000000f5580000, 0x00000000fa100000, 0x0000000100000000)
  eden space 35840K, 99% used [0x00000000f5580000,0x00000000f787fff0,0x00000000f7880000)
  from space 17920K, 0% used [0x00000000f8f80000,0x00000000f8f80000,0x00000000fa100000)
  to   space 12800K, 0% used [0x00000000f7880000,0x00000000f7880000,0x00000000f8500000)
 ParOldGen       total 349696K, used 349695K [0x00000000e0000000, 0x00000000f5580000, 0x00000000f5580000)
  object space 349696K, 99% used [0x00000000e0000000,0x00000000f557fff8,0x00000000f5580000)
 Metaspace       used 62077K, committed 62976K, reserved 1105920K
  class space    used 6114K, committed 6528K, reserved 1048576K
}
Event: 1110.751 GC heap before
{Heap before GC invocations=914 (full 794):
 PSYoungGen      total 53760K, used 35839K [0x00000000f5580000, 0x00000000fa100000, 0x0000000100000000)
  eden space 35840K, 99% used [0x00000000f5580000,0x00000000f787fff0,0x00000000f7880000)
  from space 17920K, 0% used [0x00000000f8f80000,0x00000000f8f80000,0x00000000fa100000)
  to   space 12800K, 0% used [0x00000000f7880000,0x00000000f7880000,0x00000000f8500000)
 ParOldGen       total 349696K, used 349695K [0x00000000e0000000, 0x00000000f5580000, 0x00000000f5580000)
  object space 349696K, 99% used [0x00000000e0000000,0x00000000f557fff8,0x00000000f5580000)
 Metaspace       used 62077K, committed 62976K, reserved 1105920K
  class space    used 6114K, committed 6528K, reserved 1048576K
}
Event: 1111.985 GC heap after
{Heap after GC invocations=914 (full 794):
 PSYoungGen      total 48640K, used 35839K [0x00000000f5580000, 0x00000000fa100000, 0x0000000100000000)
  eden space 35840K, 99% used [0x00000000f5580000,0x00000000f787fff0,0x00000000f7880000)
  from space 12800K, 0% used [0x00000000f7880000,0x00000000f7880000,0x00000000f8500000)
  to   space 17920K, 0% used [0x00000000f8f80000,0x00000000f8f80000,0x00000000fa100000)
 ParOldGen       total 349696K, used 349695K [0x00000000e0000000, 0x00000000f5580000, 0x00000000f5580000)
  object space 349696K, 99% used [0x00000000e0000000,0x00000000f557fff8,0x00000000f5580000)
 Metaspace       used 62077K, committed 62976K, reserved 1105920K
  class space    used 6114K, committed 6528K, reserved 1048576K
}
Event: 1111.985 GC heap before
{Heap before GC invocations=915 (full 795):
 PSYoungGen      total 48640K, used 35839K [0x00000000f5580000, 0x00000000fa100000, 0x0000000100000000)
  eden space 35840K, 99% used [0x00000000f5580000,0x00000000f787fff0,0x00000000f7880000)
  from space 12800K, 0% used [0x00000000f7880000,0x00000000f7880000,0x00000000f8500000)
  to   space 17920K, 0% used [0x00000000f8f80000,0x00000000f8f80000,0x00000000fa100000)
 ParOldGen       total 349696K, used 349695K [0x00000000e0000000, 0x00000000f5580000, 0x00000000f5580000)
  object space 349696K, 99% used [0x00000000e0000000,0x00000000f557fff8,0x00000000f5580000)
 Metaspace       used 62077K, committed 62976K, reserved 1105920K
  class space    used 6114K, committed 6528K, reserved 1048576K
}
Event: 1113.374 GC heap after
{Heap after GC invocations=915 (full 795):
 PSYoungGen      total 53760K, used 35839K [0x00000000f5580000, 0x00000000fa100000, 0x0000000100000000)
  eden space 35840K, 99% used [0x00000000f5580000,0x00000000f787fff0,0x00000000f7880000)
  from space 17920K, 0% used [0x00000000f8f80000,0x00000000f8f80000,0x00000000fa100000)
  to   space 12800K, 0% used [0x00000000f7880000,0x00000000f7880000,0x00000000f8500000)
 ParOldGen       total 349696K, used 349695K [0x00000000e0000000, 0x00000000f5580000, 0x00000000f5580000)
  object space 349696K, 99% used [0x00000000e0000000,0x00000000f557fff8,0x00000000f5580000)
 Metaspace       used 62077K, committed 62976K, reserved 1105920K
  class space    used 6114K, committed 6528K, reserved 1048576K
}
Event: 1113.374 GC heap before
{Heap before GC invocations=916 (full 796):
 PSYoungGen      total 53760K, used 35839K [0x00000000f5580000, 0x00000000fa100000, 0x0000000100000000)
  eden space 35840K, 99% used [0x00000000f5580000,0x00000000f787fff0,0x00000000f7880000)
  from space 17920K, 0% used [0x00000000f8f80000,0x00000000f8f80000,0x00000000fa100000)
  to   space 12800K, 0% used [0x00000000f7880000,0x00000000f7880000,0x00000000f8500000)
 ParOldGen       total 349696K, used 349695K [0x00000000e0000000, 0x00000000f5580000, 0x00000000f5580000)
  object space 349696K, 99% used [0x00000000e0000000,0x00000000f557fff8,0x00000000f5580000)
 Metaspace       used 62077K, committed 62976K, reserved 1105920K
  class space    used 6114K, committed 6528K, reserved 1048576K
}
Event: 1114.795 GC heap after
{Heap after GC invocations=916 (full 796):
 PSYoungGen      total 48640K, used 35839K [0x00000000f5580000, 0x00000000fa100000, 0x0000000100000000)
  eden space 35840K, 99% used [0x00000000f5580000,0x00000000f787fff0,0x00000000f7880000)
  from space 12800K, 0% used [0x00000000f7880000,0x00000000f7880000,0x00000000f8500000)
  to   space 17920K, 0% used [0x00000000f8f80000,0x00000000f8f80000,0x00000000fa100000)
 ParOldGen       total 349696K, used 349695K [0x00000000e0000000, 0x00000000f5580000, 0x00000000f5580000)
  object space 349696K, 99% used [0x00000000e0000000,0x00000000f557fff8,0x00000000f5580000)
 Metaspace       used 62077K, committed 62976K, reserved 1105920K
  class space    used 6114K, committed 6528K, reserved 1048576K
}
Event: 1114.795 GC heap before
{Heap before GC invocations=917 (full 797):
 PSYoungGen      total 48640K, used 35839K [0x00000000f5580000, 0x00000000fa100000, 0x0000000100000000)
  eden space 35840K, 99% used [0x00000000f5580000,0x00000000f787fff0,0x00000000f7880000)
  from space 12800K, 0% used [0x00000000f7880000,0x00000000f7880000,0x00000000f8500000)
  to   space 17920K, 0% used [0x00000000f8f80000,0x00000000f8f80000,0x00000000fa100000)
 ParOldGen       total 349696K, used 349695K [0x00000000e0000000, 0x00000000f5580000, 0x00000000f5580000)
  object space 349696K, 99% used [0x00000000e0000000,0x00000000f557fff8,0x00000000f5580000)
 Metaspace       used 62077K, committed 62976K, reserved 1105920K
  class space    used 6114K, committed 6528K, reserved 1048576K
}
Event: 1115.968 GC heap after
{Heap after GC invocations=917 (full 797):
 PSYoungGen      total 53760K, used 35839K [0x00000000f5580000, 0x00000000fa100000, 0x0000000100000000)
  eden space 35840K, 99% used [0x00000000f5580000,0x00000000f787fff0,0x00000000f7880000)
  from space 17920K, 0% used [0x00000000f8f80000,0x00000000f8f80000,0x00000000fa100000)
  to   space 12800K, 0% used [0x00000000f7880000,0x00000000f7880000,0x00000000f8500000)
 ParOldGen       total 349696K, used 349695K [0x00000000e0000000, 0x00000000f5580000, 0x00000000f5580000)
  object space 349696K, 99% used [0x00000000e0000000,0x00000000f557fff8,0x00000000f5580000)
 Metaspace       used 62077K, committed 62976K, reserved 1105920K
  class space    used 6114K, committed 6528K, reserved 1048576K
}

Dll operation events (9 events):
Event: 0.010 Loaded shared library /nix/store/gpxl5qgg8kicmcvivwmybwjlpf7wh20l-graalvm17-ce-22.3.0/lib/libjava.so
Event: 0.031 Loaded shared library /nix/store/gpxl5qgg8kicmcvivwmybwjlpf7wh20l-graalvm17-ce-22.3.0/lib/libjsvml.so
Event: 0.512 Loaded shared library /nix/store/gpxl5qgg8kicmcvivwmybwjlpf7wh20l-graalvm17-ce-22.3.0/lib/libnio.so
Event: 0.528 Loaded shared library /nix/store/gpxl5qgg8kicmcvivwmybwjlpf7wh20l-graalvm17-ce-22.3.0/lib/libzip.so
Event: 0.537 Loaded shared library /nix/store/gpxl5qgg8kicmcvivwmybwjlpf7wh20l-graalvm17-ce-22.3.0/lib/libjvmcicompiler.so
Event: 1.246 Loaded shared library /nix/store/gpxl5qgg8kicmcvivwmybwjlpf7wh20l-graalvm17-ce-22.3.0/lib/libjimage.so
Event: 1.686 Loaded shared library /nix/store/gpxl5qgg8kicmcvivwmybwjlpf7wh20l-graalvm17-ce-22.3.0/lib/libnet.so
Event: 5.151 Loaded shared library /home/runner/.cache/jdt-language-server/config/org.eclipse.equinox.launcher/org.eclipse.equinox.launcher.gtk.linux.x86_64_1.2.400.v20211117-0650/eclipse_11600.so
Event: 13.489 Loaded shared library /nix/store/gpxl5qgg8kicmcvivwmybwjlpf7wh20l-graalvm17-ce-22.3.0/lib/libextnet.so

Deoptimization events (20 events):
Event: 1067.463 Thread 0x00007f94d847fc20 Uncommon trap: trap_request=0xffffff8f fr.pc=0x00007f95331f6528 relative=0x00000000000011e8
Event: 1067.463 Thread 0x00007f94d847fc20 Uncommon trap: reason=constraint action=none pc=0x00007f95331f6528 method=org.eclipse.jdt.internal.core.index.DiskIndex.copyQueryResults(Lorg/eclipse/jdt/internal/compiler/util/HashtableOfObject;I)V @ 123 jvmci
Event: 1067.463 Thread 0x00007f94d847fc20 DEOPT PACKING pc=0x00007f95331f6528 sp=0x00007f94efffe530
Event: 1067.463 Thread 0x00007f94d847fc20 DEOPT UNPACKING pc=0x00007f952b505325 sp=0x00007f94efffda28 mode 3
Event: 1070.588 Thread 0x00007f94d847fc20 Uncommon trap: trap_request=0xffffff8f fr.pc=0x00007f95331f4514 relative=0x0000000000000274
Event: 1070.588 Thread 0x00007f94d847fc20 Uncommon trap: reason=constraint action=none pc=0x00007f95331f4514 method=org.eclipse.jdt.internal.core.index.DiskIndex$IntList.add(I)V @ 0 jvmci
Event: 1070.588 Thread 0x00007f94d847fc20 DEOPT PACKING pc=0x00007f95331f4514 sp=0x00007f94efffe500
Event: 1070.588 Thread 0x00007f94d847fc20 DEOPT UNPACKING pc=0x00007f952b505325 sp=0x00007f94efffd9b0 mode 3
Event: 1100.656 Thread 0x00007f94d847fc20 Uncommon trap: trap_request=0xffffff8f fr.pc=0x00007f95331f6528 relative=0x00000000000011e8
Event: 1100.656 Thread 0x00007f94d847fc20 Uncommon trap: reason=constraint action=none pc=0x00007f95331f6528 method=org.eclipse.jdt.internal.core.index.DiskIndex.copyQueryResults(Lorg/eclipse/jdt/internal/compiler/util/HashtableOfObject;I)V @ 123 jvmci
Event: 1100.656 Thread 0x00007f94d847fc20 DEOPT PACKING pc=0x00007f95331f6528 sp=0x00007f94efffe530
Event: 1100.656 Thread 0x00007f94d847fc20 DEOPT UNPACKING pc=0x00007f952b505325 sp=0x00007f94efffda28 mode 3
Event: 1103.574 Thread 0x00007f94d847fc20 Uncommon trap: trap_request=0xffffff8f fr.pc=0x00007f95331f4514 relative=0x0000000000000274
Event: 1103.574 Thread 0x00007f94d847fc20 Uncommon trap: reason=constraint action=none pc=0x00007f95331f4514 method=org.eclipse.jdt.internal.core.index.DiskIndex$IntList.add(I)V @ 0 jvmci
Event: 1103.574 Thread 0x00007f94d847fc20 DEOPT PACKING pc=0x00007f95331f4514 sp=0x00007f94efffe500
Event: 1103.574 Thread 0x00007f94d847fc20 DEOPT UNPACKING pc=0x00007f952b505325 sp=0x00007f94efffd9b0 mode 3
Event: 1110.751 Thread 0x00007f94cc0010d0 Uncommon trap: trap_request=0xffffff8f fr.pc=0x00007f95330aa598 relative=0x00000000000009d8
Event: 1110.751 Thread 0x00007f94cc0010d0 Uncommon trap: reason=constraint action=none pc=0x00007f95330aa598 method=java.util.Hashtable.addEntry(ILjava/lang/Object;Ljava/lang/Object;I)V @ 42 jvmci
Event: 1113.374 Thread 0x00007f94cc0010d0 DEOPT PACKING pc=0x00007f95330aa598 sp=0x00007f94f01fdf50
Event: 1113.374 Thread 0x00007f94cc0010d0 DEOPT UNPACKING pc=0x00007f952b505325 sp=0x00007f94f01fd378 mode 3

Classes unloaded (20 events):
Event: 73.348 Thread 0x00007f95440a1c10 Unloading class 0x0000000800d04800 'java/lang/invoke/LambdaForm$MH+0x0000000800d04800'
Event: 73.348 Thread 0x00007f95440a1c10 Unloading class 0x0000000800d04000 'java/lang/invoke/LambdaForm$MH+0x0000000800d04000'
Event: 73.348 Thread 0x00007f95440a1c10 Unloading class 0x0000000800c1d000 'jdk/internal/reflect/GeneratedMethodAccessor5'
Event: 73.348 Thread 0x00007f95440a1c10 Unloading class 0x0000000800c1cc00 'jdk/internal/reflect/GeneratedMethodAccessor4'
Event: 73.348 Thread 0x00007f95440a1c10 Unloading class 0x0000000800c1c800 'jdk/internal/reflect/GeneratedMethodAccessor3'
Event: 73.348 Thread 0x00007f95440a1c10 Unloading class 0x0000000800c1c400 'jdk/internal/reflect/GeneratedMethodAccessor2'
Event: 73.348 Thread 0x00007f95440a1c10 Unloading class 0x0000000800c1c000 'jdk/internal/reflect/GeneratedMethodAccessor1'
Event: 73.348 Thread 0x00007f95440a1c10 Unloading class 0x0000000800c01c00 'java/lang/invoke/LambdaForm$DMH+0x0000000800c01c00'
Event: 740.187 Thread 0x00007f95440a1c10 Unloading class 0x0000000801130400 'jdk/internal/reflect/GeneratedSerializationConstructorAccessor38'
Event: 846.153 Thread 0x00007f95440a1c10 Unloading class 0x0000000801130400 'jdk/internal/reflect/GeneratedSerializationConstructorAccessor41'
Event: 1081.760 Thread 0x00007f95440a1c10 Unloading class 0x00000008010cc000 'jdk/internal/reflect/GeneratedSerializationConstructorAccessor47'
Event: 1089.156 Thread 0x00007f95440a1c10 Unloading class 0x00000008010ec800 'jdk/internal/reflect/GeneratedSerializationConstructorAccessor45'
Event: 1089.156 Thread 0x00007f95440a1c10 Unloading class 0x0000000801108c00 'jdk/internal/reflect/GeneratedSerializationConstructorAccessor44'
Event: 1089.156 Thread 0x00007f95440a1c10 Unloading class 0x0000000801119400 'jdk/internal/reflect/GeneratedSerializationConstructorAccessor43'
Event: 1089.156 Thread 0x00007f95440a1c10 Unloading class 0x0000000801130400 'jdk/internal/reflect/GeneratedSerializationConstructorAccessor42'
Event: 1089.156 Thread 0x00007f95440a1c10 Unloading class 0x000000080111c000 'jdk/internal/reflect/GeneratedSerializationConstructorAccessor40'
Event: 1089.156 Thread 0x00007f95440a1c10 Unloading class 0x0000000801129800 'jdk/internal/reflect/GeneratedSerializationConstructorAccessor39'
Event: 1089.156 Thread 0x00007f95440a1c10 Unloading class 0x0000000801139800 'jdk/internal/reflect/GeneratedSerializationConstructorAccessor37'
Event: 1089.156 Thread 0x00007f95440a1c10 Unloading class 0x0000000801258400 'jdk/internal/reflect/GeneratedSerializationConstructorAccessor36'
Event: 1100.269 Thread 0x00007f95440a1c10 Unloading class 0x00000008010e5c00 'jdk/internal/reflect/GeneratedSerializationConstructorAccessor46'

Classes redefined (0 events):
No events

Internal exceptions (20 events):
Event: 392.754 Thread 0x00007f94a8165e10 Exception <a 'java/lang/ArrayIndexOutOfBoundsException'{0x00000000f786ad00}: Index 897 out of bounds for length 897> (0x00000000f786ad00) 
thrown [src/hotspot/share/interpreter/interpreterRuntime.cpp, line 428]
Event: 804.271 Thread 0x00007f94a8165e10 Exception <a 'java/lang/OutOfMemoryError'{0x00000000e0011b08}> (0x00000000e0011b08) 
thrown [src/hotspot/share/gc/shared/memAllocator.cpp, line 136]
Event: 864.752 Thread 0x00007f94a8165e10 Exception <a 'java/lang/OutOfMemoryError'{0x00000000e0011dd8}> (0x00000000e0011dd8) 
thrown [src/hotspot/share/gc/shared/memAllocator.cpp, line 136]
Event: 866.787 Thread 0x00007f95444bad30 Exception <a 'java/lang/reflect/InvocationTargetException'{0x00000000f787ef88}> (0x00000000f787ef88) 
thrown [src/hotspot/share/runtime/reflection.cpp, line 1119]
Event: 1067.463 Thread 0x00007f94d847fc20 Exception <a 'java/lang/OutOfMemoryError'{0x00000000e0011dd8}> (0x00000000e0011dd8) 
thrown [src/hotspot/share/gc/shared/memAllocator.cpp, line 138]
Event: 1067.463 Thread 0x00007f94d847fc20 Implicit null exception at 0x00007f95331f5f8e to 0x00007f95331f650d
Event: 1070.588 Thread 0x00007f94d847fc20 Exception <a 'java/lang/OutOfMemoryError'{0x00000000e0011dd8}> (0x00000000e0011dd8) 
thrown [src/hotspot/share/gc/shared/memAllocator.cpp, line 138]
Event: 1070.588 Thread 0x00007f94d847fc20 Implicit null exception at 0x00007f95331f446d to 0x00007f95331f44f9
Event: 1073.579 Thread 0x00007f95444bad30 Exception <a 'java/lang/OutOfMemoryError'{0x00000000e00120f8}> (0x00000000e00120f8) 
thrown [src/hotspot/share/gc/shared/memAllocator.cpp, line 136]
Event: 1080.673 Thread 0x00007f94cc007280 Exception <a 'java/lang/OutOfMemoryError'{0x00000000e0011e28}> (0x00000000e0011e28) 
thrown [src/hotspot/share/gc/shared/memAllocator.cpp, line 136]
Event: 1088.191 Thread 0x00007f94cc007280 Exception <a 'java/lang/reflect/InvocationTargetException'{0x00000000f557c258}> (0x00000000f557c258) 
thrown [src/hotspot/share/runtime/reflection.cpp, line 1119]
Event: 1088.191 Thread 0x00007f94cc007280 Exception <a 'java/lang/reflect/InvocationTargetException'{0x00000000f557c8f8}> (0x00000000f557c8f8) 
thrown [src/hotspot/share/runtime/reflection.cpp, line 1119]
Event: 1100.656 Thread 0x00007f94d847fc20 Exception <a 'java/lang/OutOfMemoryError'{0x00000000e0011b08}> (0x00000000e0011b08) 
thrown [src/hotspot/share/gc/shared/memAllocator.cpp, line 138]
Event: 1100.656 Thread 0x00007f94d847fc20 Implicit null exception at 0x00007f95331f5f8e to 0x00007f95331f650d
Event: 1103.574 Thread 0x00007f94d847fc20 Exception <a 'java/lang/OutOfMemoryError'{0x00000000e0011b08}> (0x00000000e0011b08) 
thrown [src/hotspot/share/gc/shared/memAllocator.cpp, line 138]
Event: 1103.574 Thread 0x00007f94d847fc20 Implicit null exception at 0x00007f95331f446d to 0x00007f95331f44f9
Event: 1110.750 Thread 0x00007f94cc0010d0 Exception <a 'java/lang/OutOfMemoryError'{0x00000000e0011b08}> (0x00000000e0011b08) 
thrown [src/hotspot/share/gc/shared/memAllocator.cpp, line 138]
Event: 1110.751 Thread 0x00007f94cc0010d0 Implicit null exception at 0x00007f95330aa178 to 0x00007f95330aa57d
Event: 1113.374 Thread 0x00007f94cc007280 Exception <a 'java/lang/OutOfMemoryError'{0x00000000e0011e28}> (0x00000000e0011e28) 
thrown [src/hotspot/share/gc/shared/memAllocator.cpp, line 136]
Event: 1115.968 Thread 0x00007f95440b2200 Exception <a 'java/lang/OutOfMemoryError'{0x00000000e0011e28}> (0x00000000e0011e28) 
thrown [src/hotspot/share/gc/shared/memAllocator.cpp, line 136]

VM Operations (20 events):
Event: 1096.486 Executing VM operation: ParallelGCFailedAllocation done
Event: 1096.486 Executing VM operation: ParallelGCFailedAllocation
Event: 1097.852 Executing VM operation: ParallelGCFailedAllocation done
Event: 1097.853 Executing VM operation: ParallelGCFailedAllocation
Event: 1100.656 Executing VM operation: ParallelGCFailedAllocation done
Event: 1100.656 Executing VM operation: ParallelGCFailedAllocation
Event: 1103.574 Executing VM operation: ParallelGCFailedAllocation done
Event: 1103.574 Executing VM operation: ParallelGCFailedAllocation
Event: 1104.993 Executing VM operation: ParallelGCFailedAllocation done
Event: 1105.043 Executing VM operation: ParallelGCFailedAllocation
Event: 1106.394 Executing VM operation: ParallelGCFailedAllocation done
Event: 1106.394 Executing VM operation: ParallelGCFailedAllocation
Event: 1108.045 Executing VM operation: ParallelGCFailedAllocation done
Event: 1108.045 Executing VM operation: ParallelGCFailedAllocation
Event: 1110.750 Executing VM operation: ParallelGCFailedAllocation done
Event: 1110.751 Executing VM operation: ParallelGCFailedAllocation
Event: 1113.374 Executing VM operation: ParallelGCFailedAllocation done
Event: 1113.374 Executing VM operation: ParallelGCFailedAllocation
Event: 1115.968 Executing VM operation: ParallelGCFailedAllocation done
Event: 1115.969 Executing VM operation: ParallelGCFailedAllocation

Events (20 events):
Event: 891.652 loading class java/time/chrono/ChronoZonedDateTime done
Event: 891.653 loading class java/time/ZonedDateTime done
Event: 927.181 loading class java/util/logging/LogRecord$CallerFinder
Event: 930.153 loading class java/util/logging/LogRecord$CallerFinder done
Event: 1044.252 loading class java/lang/StackStreamFactory
Event: 1045.947 loading class java/lang/StackStreamFactory done
Event: 1045.947 loading class java/lang/StackWalker$ExtendedOption
Event: 1045.947 loading class java/lang/StackWalker$ExtendedOption done
Event: 1045.947 loading class java/lang/StackStreamFactory$StackFrameTraverser
Event: 1045.947 loading class java/lang/StackStreamFactory$StackFrameTraverser done
Event: 1045.948 loading class java/lang/StackStreamFactory$WalkerState
Event: 1049.192 loading class java/lang/StackStreamFactory$WalkerState done
Event: 1049.192 loading class java/lang/StackStreamFactory$1
Event: 1049.192 loading class java/lang/StackStreamFactory$1 done
Event: 1051.085 loading class java/lang/StackStreamFactory$StackFrameTraverser$StackFrameBuffer
Event: 1051.085 loading class java/lang/StackStreamFactory$FrameBuffer
Event: 1054.628 loading class java/lang/StackStreamFactory$FrameBuffer done
Event: 1054.628 loading class java/lang/StackStreamFactory$StackFrameTraverser$StackFrameBuffer done
Event: 1094.986 Thread 0x00007f94c0033580 Thread added: 0x00007f94c0033580
Event: 1094.986 Protecting memory [0x00007f9528818000,0x00007f952881c000] with protection modes 0


Dynamic libraries:
e0000000-f5580000 rw-p 00000000 00:00 0 
f5580000-fa100000 rw-p 00000000 00:00 0 
fa100000-100000000 ---p 00000000 00:00 0 
800000000-800449000 rw-p 00001000 00:1196 4611686019135357769            /nix/store/gpxl5qgg8kicmcvivwmybwjlpf7wh20l-graalvm17-ce-22.3.0/lib/server/classes.jsa
800449000-800bc8000 r--p 0044a000 00:1196 4611686019135357769            /nix/store/gpxl5qgg8kicmcvivwmybwjlpf7wh20l-graalvm17-ce-22.3.0/lib/server/classes.jsa
800bc8000-800c00000 ---p 00000000 00:00 0 
800c00000-800c20000 rw-p 00000000 00:00 0 
800c20000-800c40000 rw-p 00000000 00:00 0 
800c40000-800cc0000 rw-p 00000000 00:00 0 
800cc0000-800d00000 rw-p 00000000 00:00 0 
800d00000-800dc0000 rw-p 00000000 00:00 0 
800dc0000-800e00000 rw-p 00000000 00:00 0 
800e00000-800f40000 rw-p 00000000 00:00 0 
800f40000-800fc0000 rw-p 00000000 00:00 0 
800fc0000-801000000 rw-p 00000000 00:00 0 
801000000-801260000 rw-p 00000000 00:00 0 
801260000-840c00000 ---p 00000000 00:00 0 
5607f02ca000-5607f02cb000 r-xp 00000000 00:1196 4611686019099417844      /nix/store/gpxl5qgg8kicmcvivwmybwjlpf7wh20l-graalvm17-ce-22.3.0/bin/.java-wrapped
5607f02cc000-5607f02cd000 r--p 00001000 00:1196 4611686019099417844      /nix/store/gpxl5qgg8kicmcvivwmybwjlpf7wh20l-graalvm17-ce-22.3.0/bin/.java-wrapped
5607f02cd000-5607f02ce000 rw-p 00002000 00:1196 4611686019099417844      /nix/store/gpxl5qgg8kicmcvivwmybwjlpf7wh20l-graalvm17-ce-22.3.0/bin/.java-wrapped
5607f02ce000-5607f02cf000 rw-p 00004000 00:1196 4611686019099417844      /nix/store/gpxl5qgg8kicmcvivwmybwjlpf7wh20l-graalvm17-ce-22.3.0/bin/.java-wrapped
5607f02cf000-5607f02d0000 rw-p 00005000 00:1196 4611686019099417844      /nix/store/gpxl5qgg8kicmcvivwmybwjlpf7wh20l-graalvm17-ce-22.3.0/bin/.java-wrapped
5607f0dbf000-5607f0e07000 rw-p 00000000 00:00 0                          [heap]
7f9478000000-7f947817a000 rw-p 00000000 00:00 0 
7f947817a000-7f947c000000 ---p 00000000 00:00 0 
7f947c000000-7f947c09a000 rw-p 00000000 00:00 0 
7f947c09a000-7f9480000000 ---p 00000000 00:00 0 
7f9480000000-7f9480021000 rw-p 00000000 00:00 0 
7f9480021000-7f9484000000 ---p 00000000 00:00 0 
7f9484000000-7f948402d000 rw-p 00000000 00:00 0 
7f948402d000-7f9488000000 ---p 00000000 00:00 0 
7f9488000000-7f9488021000 rw-p 00000000 00:00 0 
7f9488021000-7f948c000000 ---p 00000000 00:00 0 
7f948c000000-7f948c021000 rw-p 00000000 00:00 0 
7f948c021000-7f9490000000 ---p 00000000 00:00 0 
7f9490000000-7f9490021000 rw-p 00000000 00:00 0 
7f9490021000-7f9494000000 ---p 00000000 00:00 0 
7f9495c00000-7f9495f00000 rw-p 00000000 00:00 0 
7f9495f00000-7f9495f80000 rw-p 00000000 00:00 0 
7f9495f80000-7f9496000000 ---p 00000000 00:00 0 
7f9496000000-7f94963a0000 rw-p 00000000 00:00 0 
7f94963a0000-7f9496400000 ---p 00000000 00:00 0 
7f94964b3000-7f94a0000000 r--s 00000000 00:1196 4611686019135192581      /nix/store/gpxl5qgg8kicmcvivwmybwjlpf7wh20l-graalvm17-ce-22.3.0/lib/modules
7f94a0000000-7f94a0023000 rw-p 00000000 00:00 0 
7f94a0023000-7f94a4000000 ---p 00000000 00:00 0 
7f94a4000000-7f94a4021000 rw-p 00000000 00:00 0 
7f94a4021000-7f94a8000000 ---p 00000000 00:00 0 
7f94a8000000-7f94a81a2000 rw-p 00000000 00:00 0 
7f94a81a2000-7f94ac000000 ---p 00000000 00:00 0 
7f94ac000000-7f94ac5b3000 rw-p 00000000 00:00 0 
7f94ac5b3000-7f94b0000000 ---p 00000000 00:00 0 
7f94b0000000-7f94b0021000 rw-p 00000000 00:00 0 
7f94b0021000-7f94b4000000 ---p 00000000 00:00 0 
7f94b4000000-7f94b40f3000 rw-p 00000000 00:00 0 
7f94b40f3000-7f94b8000000 ---p 00000000 00:00 0 
7f94b8000000-7f94b8021000 rw-p 00000000 00:00 0 
7f94b8021000-7f94bc000000 ---p 00000000 00:00 0 
7f94bd800000-7f94bdda0000 rw-p 00000000 00:00 0 
7f94bdda0000-7f94be000000 rw-p 00000000 00:00 0 
7f94be800000-7f94bea00000 rw-p 00000000 00:00 0 
7f94bea00000-7f94bed00000 rw-p 00000000 00:00 0 
7f94bed00000-7f94bee00000 rw-p 00000000 00:00 0 
7f94bee00000-7f94bf000000 rw-p 00000000 00:00 0 
7f94bf000000-7f94bf100000 rw-p 00000000 00:00 0 
7f94bf100000-7f94bf200000 rw-p 00000000 00:00 0 
7f94bf200000-7f94bf2e0000 rw-p 00000000 00:00 0 
7f94bf2e0000-7f94bf300000 rw-p 00000000 00:00 0 
7f94bf300000-7f94bf500000 rw-p 00000000 00:00 0 
7f94bf500000-7f94bf600000 rw-p 00000000 00:00 0 
7f94bf600000-7f94bf800000 rw-p 00000000 00:00 0 
7f94bf800000-7f94bf900000 rw-p 00000000 00:00 0 
7f94bf900000-7f94bfa00000 rw-p 00000000 00:00 0 
7f94bfa00000-7f94bff00000 rw-p 00000000 00:00 0 
7f94bff00000-7f94c0000000 rw-p 00000000 00:00 0 
7f94c0000000-7f94c00f6000 rw-p 00000000 00:00 0 
7f94c00f6000-7f94c4000000 ---p 00000000 00:00 0 
7f94c4000000-7f94c4069000 rw-p 00000000 00:00 0 
7f94c4069000-7f94c8000000 ---p 00000000 00:00 0 
7f94c8000000-7f94c8021000 rw-p 00000000 00:00 0 
7f94c8021000-7f94cc000000 ---p 00000000 00:00 0 
7f94cc000000-7f94cc2f8000 rw-p 00000000 00:00 0 
7f94cc2f8000-7f94d0000000 ---p 00000000 00:00 0 
7f94d0000000-7f94d0021000 rw-p 00000000 00:00 0 
7f94d0021000-7f94d4000000 ---p 00000000 00:00 0 
7f94d4000000-7f94d4021000 rw-p 00000000 00:00 0 
7f94d4021000-7f94d8000000 ---p 00000000 00:00 0 
7f94d8000000-7f94d88ba000 rw-p 00000000 00:00 0 
7f94d88ba000-7f94dc000000 ---p 00000000 00:00 0 
7f94dc000000-7f94dc025000 rw-p 00000000 00:00 0 
7f94dc025000-7f94e0000000 ---p 00000000 00:00 0 
7f94e0000000-7f94e0021000 rw-p 00000000 00:00 0 
7f94e0021000-7f94e4000000 ---p 00000000 00:00 0 
7f94e4000000-7f94e4021000 rw-p 00000000 00:00 0 
7f94e4021000-7f94e8000000 ---p 00000000 00:00 0 
7f94e8000000-7f94e8021000 rw-p 00000000 00:00 0 
7f94e8021000-7f94ec000000 ---p 00000000 00:00 0 
7f94ec400000-7f94ec500000 rw-p 00000000 00:00 0 
7f94ec500000-7f94ec600000 rw-p 00000000 00:00 0 
7f94ec600000-7f94ec900000 rw-p 00000000 00:00 0 
7f94ec900000-7f94eca00000 rw-p 00000000 00:00 0 
7f94eca00000-7f94ecc00000 rw-p 00000000 00:00 0 
7f94ecc00000-7f94ecc10000 r-xp 00000000 00:1177 358                      /home/runner/.cache/jdt-language-server/config/org.eclipse.equinox.launcher/org.eclipse.equinox.launcher.gtk.linux.x86_64_1.2.400.v20211117-0650/eclipse_11600.so
7f94ecc10000-7f94ece0f000 ---p 00010000 00:1177 358                      /home/runner/.cache/jdt-language-server/config/org.eclipse.equinox.launcher/org.eclipse.equinox.launcher.gtk.linux.x86_64_1.2.400.v20211117-0650/eclipse_11600.so
7f94ece0f000-7f94ece10000 r--p 0000f000 00:1177 358                      /home/runner/.cache/jdt-language-server/config/org.eclipse.equinox.launcher/org.eclipse.equinox.launcher.gtk.linux.x86_64_1.2.400.v20211117-0650/eclipse_11600.so
7f94ece10000-7f94ece11000 rw-p 00010000 00:1177 358                      /home/runner/.cache/jdt-language-server/config/org.eclipse.equinox.launcher/org.eclipse.equinox.launcher.gtk.linux.x86_64_1.2.400.v20211117-0650/eclipse_11600.so
7f94edf00000-7f94ee000000 ---p 00000000 00:00 0 
7f94ee000000-7f94ee5af000 r--p 01122000 00:1196 4611686019135190040      /nix/store/gpxl5qgg8kicmcvivwmybwjlpf7wh20l-graalvm17-ce-22.3.0/lib/libjvmcicompiler.so
7f94ee5af000-7f94ee700000 r--p 00000000 00:00 0 
7f94ee700000-7f94ee73d000 rw-p 00000000 00:00 0 
7f94ee73d000-7f94eec5d000 rw-p 0185f000 00:1196 4611686019135190040      /nix/store/gpxl5qgg8kicmcvivwmybwjlpf7wh20l-graalvm17-ce-22.3.0/lib/libjvmcicompiler.so
7f94eec5d000-7f94ef044000 r--p 01d7f000 00:1196 4611686019135190040      /nix/store/gpxl5qgg8kicmcvivwmybwjlpf7wh20l-graalvm17-ce-22.3.0/lib/libjvmcicompiler.so
7f94ef100000-7f94ef104000 ---p 00000000 00:00 0 
7f94ef104000-7f94ef200000 rw-p 00000000 00:00 0 
7f94ef300000-7f94ef304000 ---p 00000000 00:00 0 
7f94ef304000-7f94ef400000 rw-p 00000000 00:00 0 
7f94ef400000-7f94ef404000 ---p 00000000 00:00 0 
7f94ef404000-7f94ef500000 rw-p 00000000 00:00 0 
7f94ef500000-7f94ef504000 ---p 00000000 00:00 0 
7f94ef504000-7f94ef600000 rw-p 00000000 00:00 0 
7f94ef700000-7f94ef704000 ---p 00000000 00:00 0 
7f94ef704000-7f94ef800000 rw-p 00000000 00:00 0 
7f94ef900000-7f94ef904000 ---p 00000000 00:00 0 
7f94ef904000-7f94efa00000 rw-p 00000000 00:00 0 
7f94efa00000-7f94efa04000 ---p 00000000 00:00 0 
7f94efa04000-7f94efb00000 rw-p 00000000 00:00 0 
7f94efb00000-7f94efb04000 ---p 00000000 00:00 0 
7f94efb04000-7f94efc00000 rw-p 00000000 00:00 0 
7f94efd00000-7f94efd04000 ---p 00000000 00:00 0 
7f94efd04000-7f94efe00000 rw-p 00000000 00:00 0 
7f94efe00000-7f94efe04000 ---p 00000000 00:00 0 
7f94efe04000-7f94eff00000 rw-p 00000000 00:00 0 
7f94eff00000-7f94eff04000 ---p 00000000 00:00 0 
7f94eff04000-7f94f0000000 rw-p 00000000 00:00 0 
7f94f0000000-7f94f0004000 ---p 00000000 00:00 0 
7f94f0004000-7f94f0100000 rw-p 00000000 00:00 0 
7f94f0100000-7f94f0104000 ---p 00000000 00:00 0 
7f94f0104000-7f94f0200000 rw-p 00000000 00:00 0 
7f94f0300000-7f94f0304000 ---p 00000000 00:00 0 
7f94f0304000-7f94f0400000 rw-p 00000000 00:00 0 
7f94f0500000-7f94f0504000 ---p 00000000 00:00 0 
7f94f0504000-7f94f0600000 rw-p 00000000 00:00 0 
7f94f0700000-7f94f0704000 ---p 00000000 00:00 0 
7f94f0704000-7f94f0800000 rw-p 00000000 00:00 0 
7f94f0800000-7f94f0804000 ---p 00000000 00:00 0 
7f94f0804000-7f94f0900000 rw-p 00000000 00:00 0 
7f94f0900000-7f94f0904000 ---p 00000000 00:00 0 
7f94f0904000-7f94f0a00000 rw-p 00000000 00:00 0 
7f94f1668000-7f94f1b00000 rw-p 00000000 00:00 0 
7f94f1c00000-7f94f3d6a000 r-xp 00000000 00:1196 4611686019135190040      /nix/store/gpxl5qgg8kicmcvivwmybwjlpf7wh20l-graalvm17-ce-22.3.0/lib/libjvmcicompiler.so
7f94f3d6a000-7f94f3f69000 ---p 0216a000 00:1196 4611686019135190040      /nix/store/gpxl5qgg8kicmcvivwmybwjlpf7wh20l-graalvm17-ce-22.3.0/lib/libjvmcicompiler.so
7f94f3f69000-7f94f3f6a000 r--p 02169000 00:1196 4611686019135190040      /nix/store/gpxl5qgg8kicmcvivwmybwjlpf7wh20l-graalvm17-ce-22.3.0/lib/libjvmcicompiler.so
7f94f3f6a000-7f94f3f6c000 rw-p 0216a000 00:1196 4611686019135190040      /nix/store/gpxl5qgg8kicmcvivwmybwjlpf7wh20l-graalvm17-ce-22.3.0/lib/libjvmcicompiler.so
7f94f3f6c000-7f94f3f6d000 rw-p 00000000 00:00 0 
7f94f3f6d000-7f94f3f72000 rw-p 023c3000 00:1196 4611686019135190040      /nix/store/gpxl5qgg8kicmcvivwmybwjlpf7wh20l-graalvm17-ce-22.3.0/lib/libjvmcicompiler.so
7f94f4000000-7f94f4021000 rw-p 00000000 00:00 0 
7f94f4021000-7f94f8000000 ---p 00000000 00:00 0 
7f94f8000000-7f94f8021000 rw-p 00000000 00:00 0 
7f94f8021000-7f94fc000000 ---p 00000000 00:00 0 
7f94fc000000-7f94fc039000 rw-p 00000000 00:00 0 
7f94fc039000-7f9500000000 ---p 00000000 00:00 0 
7f9500000000-7f9500021000 rw-p 00000000 00:00 0 
7f9500021000-7f9504000000 ---p 00000000 00:00 0 
7f9504000000-7f95040d3000 rw-p 00000000 00:00 0 
7f95040d3000-7f9508000000 ---p 00000000 00:00 0 
7f9508000000-7f9508b89000 rw-p 00000000 00:00 0 
7f9508b89000-7f950c000000 ---p 00000000 00:00 0 
7f950c000000-7f950c021000 rw-p 00000000 00:00 0 
7f950c021000-7f9510000000 ---p 00000000 00:00 0 
7f9510000000-7f9510021000 rw-p 00000000 00:00 0 
7f9510021000-7f9514000000 ---p 00000000 00:00 0 
7f9514000000-7f9514021000 rw-p 00000000 00:00 0 
7f9514021000-7f9518000000 ---p 00000000 00:00 0 
7f9518000000-7f9518021000 rw-p 00000000 00:00 0 
7f9518021000-7f951c000000 ---p 00000000 00:00 0 
7f951c000000-7f951c021000 rw-p 00000000 00:00 0 
7f951c021000-7f9520000000 ---p 00000000 00:00 0 
7f9520000000-7f9520021000 rw-p 00000000 00:00 0 
7f9520021000-7f9524000000 ---p 00000000 00:00 0 
7f9524000000-7f952407e000 rw-p 00000000 00:00 0 
7f952407e000-7f9528004000 ---p 00000000 00:00 0 
7f9528004000-7f9528100000 rw-p 00000000 00:00 0 
7f9528100000-7f9528104000 ---p 00000000 00:00 0 
7f9528104000-7f9528200000 rw-p 00000000 00:00 0 
7f9528300000-7f9528304000 ---p 00000000 00:00 0 
7f9528304000-7f9528400000 rw-p 00000000 00:00 0 
7f9528500000-7f9528504000 ---p 00000000 00:00 0 
7f9528504000-7f9528600000 rw-p 00000000 00:00 0 
7f9528700000-7f9528704000 ---p 00000000 00:00 0 
7f9528704000-7f9528800000 rw-p 00000000 00:00 0 
7f9528818000-7f952881c000 ---p 00000000 00:00 0 
7f952881c000-7f9528918000 rw-p 00000000 00:00 0 
7f9528918000-7f9528919000 ---p 00000000 00:00 0 
7f9528919000-7f9528a1a000 rw-p 00000000 00:00 0 
7f9528a1a000-7f9528a1e000 ---p 00000000 00:00 0 
7f9528a1e000-7f9528b1a000 rw-p 00000000 00:00 0 
7f9528b1a000-7f9528b1e000 ---p 00000000 00:00 0 
7f9528b1e000-7f9528c1a000 rw-p 00000000 00:00 0 
7f9528c1a000-7f9528c1e000 ---p 00000000 00:00 0 
7f9528c1e000-7f9528d1a000 rw-p 00000000 00:00 0 
7f9528d1a000-7f9528d1e000 ---p 00000000 00:00 0 
7f9528d1e000-7f9528f1a000 rw-p 00000000 00:00 0 
7f9528f1a000-7f9528f1e000 ---p 00000000 00:00 0 
7f9528f1e000-7f952911a000 rw-p 00000000 00:00 0 
7f952911a000-7f952911e000 ---p 00000000 00:00 0 
7f952911e000-7f952921a000 rw-p 00000000 00:00 0 
7f952921a000-7f952921e000 ---p 00000000 00:00 0 
7f952921e000-7f952931a000 rw-p 00000000 00:00 0 
7f952931a000-7f952931e000 ---p 00000000 00:00 0 
7f952931e000-7f952941a000 rw-p 00000000 00:00 0 
7f952941a000-7f9529700000 r--p 00000000 00:5a6 28444448                  /usr/lib/locale/locale-archive
7f9529700000-7f9529704000 ---p 00000000 00:00 0 
7f9529704000-7f9529c00000 rw-p 00000000 00:00 0 
7f9529c00000-7f9529f00000 rw-p 00000000 00:00 0 
7f9529f00000-7f952a000000 rw-p 00000000 00:00 0 
7f952a0a3000-7f952a0a7000 ---p 00000000 00:00 0 
7f952a0a7000-7f952a0c5000 rw-p 00000000 00:00 0 
7f952a0c5000-7f952a0da000 r-xp 00000000 00:1196 4611686019135192570      /nix/store/gpxl5qgg8kicmcvivwmybwjlpf7wh20l-graalvm17-ce-22.3.0/lib/libnet.so
7f952a0da000-7f952a0db000 ---p 00015000 00:1196 4611686019135192570      /nix/store/gpxl5qgg8kicmcvivwmybwjlpf7wh20l-graalvm17-ce-22.3.0/lib/libnet.so
7f952a0db000-7f952a0dc000 r--p 00015000 00:1196 4611686019135192570      /nix/store/gpxl5qgg8kicmcvivwmybwjlpf7wh20l-graalvm17-ce-22.3.0/lib/libnet.so
7f952a0dc000-7f952a0dd000 rw-p 00016000 00:1196 4611686019135192570      /nix/store/gpxl5qgg8kicmcvivwmybwjlpf7wh20l-graalvm17-ce-22.3.0/lib/libnet.so
7f952a0dd000-7f952a0e0000 rw-p 0001b000 00:1196 4611686019135192570      /nix/store/gpxl5qgg8kicmcvivwmybwjlpf7wh20l-graalvm17-ce-22.3.0/lib/libnet.so
7f952a0e0000-7f952a0e4000 ---p 00000000 00:00 0 
7f952a0e4000-7f952a1e0000 rw-p 00000000 00:00 0 
7f952a1e0000-7f952a1e1000 ---p 00000000 00:00 0 
7f952a1e1000-7f952a2e2000 rw-p 00000000 00:00 0 
7f952a2e2000-7f952a3b0000 r-xp 00000000 00:1196 4611686019135190036      /nix/store/gpxl5qgg8kicmcvivwmybwjlpf7wh20l-graalvm17-ce-22.3.0/lib/libjsvml.so
7f952a3b0000-7f952a3b1000 r--p 000cd000 00:1196 4611686019135190036      /nix/store/gpxl5qgg8kicmcvivwmybwjlpf7wh20l-graalvm17-ce-22.3.0/lib/libjsvml.so
7f952a3b1000-7f952a3b2000 rw-p 000ce000 00:1196 4611686019135190036      /nix/store/gpxl5qgg8kicmcvivwmybwjlpf7wh20l-graalvm17-ce-22.3.0/lib/libjsvml.so
7f952a3b2000-7f952b4b3000 rw-p 00000000 00:00 0 
7f952b4b3000-7f952b723000 rwxp 00000000 00:00 0 
7f952b723000-7f952ba42000 ---p 00000000 00:00 0 
7f952ba42000-7f952cb62000 rwxp 00000000 00:00 0 
7f952cb62000-7f9532f7a000 ---p 00000000 00:00 0 
7f9532f7a000-7f953321a000 rwxp 00000000 00:00 0 
7f953321a000-7f953a4b3000 ---p 00000000 00:00 0 
7f953a4b3000-7f9544000000 r--s 00000000 00:1196 4611686019135192581      /nix/store/gpxl5qgg8kicmcvivwmybwjlpf7wh20l-graalvm17-ce-22.3.0/lib/modules
7f9544000000-7f9544621000 rw-p 00000000 00:00 0 
7f9544621000-7f9548000000 ---p 00000000 00:00 0 
7f9548006000-7f9548008000 r-xp 00000000 00:1196 4611686019135190017      /nix/store/gpxl5qgg8kicmcvivwmybwjlpf7wh20l-graalvm17-ce-22.3.0/lib/libextnet.so
7f9548008000-7f9548009000 r--p 00001000 00:1196 4611686019135190017      /nix/store/gpxl5qgg8kicmcvivwmybwjlpf7wh20l-graalvm17-ce-22.3.0/lib/libextnet.so
7f9548009000-7f954800a000 rw-p 00002000 00:1196 4611686019135190017      /nix/store/gpxl5qgg8kicmcvivwmybwjlpf7wh20l-graalvm17-ce-22.3.0/lib/libextnet.so
7f954800a000-7f954800b000 rw-p 00004000 00:1196 4611686019135190017      /nix/store/gpxl5qgg8kicmcvivwmybwjlpf7wh20l-graalvm17-ce-22.3.0/lib/libextnet.so
7f954800b000-7f9548012000 r-xp 00000000 00:1196 4611686019135192580      /nix/store/gpxl5qgg8kicmcvivwmybwjlpf7wh20l-graalvm17-ce-22.3.0/lib/libzip.so
7f9548012000-7f9548013000 ---p 00007000 00:1196 4611686019135192580      /nix/store/gpxl5qgg8kicmcvivwmybwjlpf7wh20l-graalvm17-ce-22.3.0/lib/libzip.so
7f9548013000-7f9548014000 r--p 00007000 00:1196 4611686019135192580      /nix/store/gpxl5qgg8kicmcvivwmybwjlpf7wh20l-graalvm17-ce-22.3.0/lib/libzip.so
7f9548014000-7f9548015000 rw-p 00008000 00:1196 4611686019135192580      /nix/store/gpxl5qgg8kicmcvivwmybwjlpf7wh20l-graalvm17-ce-22.3.0/lib/libzip.so
7f9548015000-7f9548017000 rw-p 0000b000 00:1196 4611686019135192580      /nix/store/gpxl5qgg8kicmcvivwmybwjlpf7wh20l-graalvm17-ce-22.3.0/lib/libzip.so
7f9548017000-7f954802a000 r-xp 00000000 00:1196 4611686019135192571      /nix/store/gpxl5qgg8kicmcvivwmybwjlpf7wh20l-graalvm17-ce-22.3.0/lib/libnio.so
7f954802a000-7f954802b000 r--p 00012000 00:1196 4611686019135192571      /nix/store/gpxl5qgg8kicmcvivwmybwjlpf7wh20l-graalvm17-ce-22.3.0/lib/libnio.so
7f954802b000-7f954802c000 rw-p 00013000 00:1196 4611686019135192571      /nix/store/gpxl5qgg8kicmcvivwmybwjlpf7wh20l-graalvm17-ce-22.3.0/lib/libnio.so
7f954802c000-7f9548031000 rw-p 00019000 00:1196 4611686019135192571      /nix/store/gpxl5qgg8kicmcvivwmybwjlpf7wh20l-graalvm17-ce-22.3.0/lib/libnio.so
7f9548031000-7f9548808000 rw-p 00000000 00:00 0 
7f9548808000-7f9548809000 ---p 00000000 00:00 0 
7f9548809000-7f95489b4000 rw-p 00000000 00:00 0 
7f95489b4000-7f95489db000 rw-p 00000000 00:00 0 
7f95489db000-7f9548a0a000 ---p 00000000 00:00 0 
7f9548a0a000-7f9548a11000 rw-p 00000000 00:00 0 
7f9548a11000-7f9548af6000 ---p 00000000 00:00 0 
7f9548af6000-7f9548b19000 rw-p 00000000 00:00 0 
7f9548b19000-7f9548be1000 ---p 00000000 00:00 0 
7f9548be1000-7f9548be6000 rw-p 00000000 00:00 0 
7f9548be6000-7f9548bed000 ---p 00000000 00:00 0 
7f9548bed000-7f9548c11000 r-xp 00000000 00:1196 4611686019135190028      /nix/store/gpxl5qgg8kicmcvivwmybwjlpf7wh20l-graalvm17-ce-22.3.0/lib/libjava.so
7f9548c11000-7f9548c12000 ---p 00024000 00:1196 4611686019135190028      /nix/store/gpxl5qgg8kicmcvivwmybwjlpf7wh20l-graalvm17-ce-22.3.0/lib/libjava.so
7f9548c12000-7f9548c13000 r--p 00024000 00:1196 4611686019135190028      /nix/store/gpxl5qgg8kicmcvivwmybwjlpf7wh20l-graalvm17-ce-22.3.0/lib/libjava.so
7f9548c13000-7f9548c14000 rw-p 00025000 00:1196 4611686019135190028      /nix/store/gpxl5qgg8kicmcvivwmybwjlpf7wh20l-graalvm17-ce-22.3.0/lib/libjava.so
7f9548c14000-7f9548c15000 rw-p 00000000 00:00 0 
7f9548c15000-7f9548c1c000 rw-p 0002f000 00:1196 4611686019135190028      /nix/store/gpxl5qgg8kicmcvivwmybwjlpf7wh20l-graalvm17-ce-22.3.0/lib/libjava.so
7f9548c1c000-7f9548c24000 rw-s 00000000 00:4e0 353                       /tmp/hsperfdata_runner/42
7f9548c24000-7f9548c25000 ---p 00000000 00:00 0 
7f9548c25000-7f9548c26000 r--p 00000000 00:00 0 
7f9548c26000-7f9548c27000 rwxp 00000000 00:00 0 
7f9548c27000-7f9548c42000 r-xp 00000000 00:1196 4611686019135190032      /nix/store/gpxl5qgg8kicmcvivwmybwjlpf7wh20l-graalvm17-ce-22.3.0/lib/libjimage.so
7f9548c42000-7f9548c43000 ---p 0001b000 00:1196 4611686019135190032      /nix/store/gpxl5qgg8kicmcvivwmybwjlpf7wh20l-graalvm17-ce-22.3.0/lib/libjimage.so
7f9548c43000-7f9548c45000 r--p 0001b000 00:1196 4611686019135190032      /nix/store/gpxl5qgg8kicmcvivwmybwjlpf7wh20l-graalvm17-ce-22.3.0/lib/libjimage.so
7f9548c45000-7f9548c46000 rw-p 0001d000 00:1196 4611686019135190032      /nix/store/gpxl5qgg8kicmcvivwmybwjlpf7wh20l-graalvm17-ce-22.3.0/lib/libjimage.so
7f9548c46000-7f9548c47000 rw-p 00024000 00:1196 4611686019135190032      /nix/store/gpxl5qgg8kicmcvivwmybwjlpf7wh20l-graalvm17-ce-22.3.0/lib/libjimage.so
7f9548c47000-7f9548c4b000 ---p 00000000 00:00 0 
7f9548c4b000-7f9548d47000 rw-p 00000000 00:00 0 
7f9548d47000-7f9548d55000 r--p 00000000 00:1196 4611686019027979927      /nix/store/4nlgxhb09sdr51nc9hdm8az5b08vzkgx-glibc-2.35-163/lib/libm.so.6
7f9548d55000-7f9548dc8000 r-xp 0000e000 00:1196 4611686019027979927      /nix/store/4nlgxhb09sdr51nc9hdm8az5b08vzkgx-glibc-2.35-163/lib/libm.so.6
7f9548dc8000-7f9548e25000 r--p 00081000 00:1196 4611686019027979927      /nix/store/4nlgxhb09sdr51nc9hdm8az5b08vzkgx-glibc-2.35-163/lib/libm.so.6
7f9548e25000-7f9548e26000 r--p 000dd000 00:1196 4611686019027979927      /nix/store/4nlgxhb09sdr51nc9hdm8az5b08vzkgx-glibc-2.35-163/lib/libm.so.6
7f9548e26000-7f9548e27000 rw-p 000de000 00:1196 4611686019027979927      /nix/store/4nlgxhb09sdr51nc9hdm8az5b08vzkgx-glibc-2.35-163/lib/libm.so.6
7f9548e27000-7f9548e28000 r--p 00000000 00:1196 4611686019027979946      /nix/store/4nlgxhb09sdr51nc9hdm8az5b08vzkgx-glibc-2.35-163/lib/librt.so.1
7f9548e28000-7f9548e29000 r-xp 00001000 00:1196 4611686019027979946      /nix/store/4nlgxhb09sdr51nc9hdm8az5b08vzkgx-glibc-2.35-163/lib/librt.so.1
7f9548e29000-7f9548e2a000 r--p 00002000 00:1196 4611686019027979946      /nix/store/4nlgxhb09sdr51nc9hdm8az5b08vzkgx-glibc-2.35-163/lib/librt.so.1
7f9548e2a000-7f9548e2b000 r--p 00002000 00:1196 4611686019027979946      /nix/store/4nlgxhb09sdr51nc9hdm8az5b08vzkgx-glibc-2.35-163/lib/librt.so.1
7f9548e2b000-7f9548e2c000 rw-p 00003000 00:1196 4611686019027979946      /nix/store/4nlgxhb09sdr51nc9hdm8az5b08vzkgx-glibc-2.35-163/lib/librt.so.1
7f9548e2c000-7f9549f3f000 r-xp 00000000 00:1196 4611686019135360866      /nix/store/gpxl5qgg8kicmcvivwmybwjlpf7wh20l-graalvm17-ce-22.3.0/lib/server/libjvm.so
7f9549f3f000-7f9549f40000 ---p 01113000 00:1196 4611686019135360866      /nix/store/gpxl5qgg8kicmcvivwmybwjlpf7wh20l-graalvm17-ce-22.3.0/lib/server/libjvm.so
7f9549f40000-7f9549ff5000 r--p 01113000 00:1196 4611686019135360866      /nix/store/gpxl5qgg8kicmcvivwmybwjlpf7wh20l-graalvm17-ce-22.3.0/lib/server/libjvm.so
7f9549ff5000-7f954a029000 rw-p 011c8000 00:1196 4611686019135360866      /nix/store/gpxl5qgg8kicmcvivwmybwjlpf7wh20l-graalvm17-ce-22.3.0/lib/server/libjvm.so
7f954a029000-7f954a085000 rw-p 00000000 00:00 0 
7f954a085000-7f954a0ad000 r--p 00000000 00:1196 4611686019027979918      /nix/store/4nlgxhb09sdr51nc9hdm8az5b08vzkgx-glibc-2.35-163/lib/libc.so.6
7f954a0ad000-7f954a223000 r-xp 00028000 00:1196 4611686019027979918      /nix/store/4nlgxhb09sdr51nc9hdm8az5b08vzkgx-glibc-2.35-163/lib/libc.so.6
7f954a223000-7f954a27b000 r--p 0019e000 00:1196 4611686019027979918      /nix/store/4nlgxhb09sdr51nc9hdm8az5b08vzkgx-glibc-2.35-163/lib/libc.so.6
7f954a27b000-7f954a27f000 r--p 001f6000 00:1196 4611686019027979918      /nix/store/4nlgxhb09sdr51nc9hdm8az5b08vzkgx-glibc-2.35-163/lib/libc.so.6
7f954a27f000-7f954a281000 rw-p 001fa000 00:1196 4611686019027979918      /nix/store/4nlgxhb09sdr51nc9hdm8az5b08vzkgx-glibc-2.35-163/lib/libc.so.6
7f954a281000-7f954a290000 rw-p 00000000 00:00 0 
7f954a290000-7f954a291000 r--p 00000000 00:1196 4611686019027979923      /nix/store/4nlgxhb09sdr51nc9hdm8az5b08vzkgx-glibc-2.35-163/lib/libdl.so.2
7f954a291000-7f954a292000 r-xp 00001000 00:1196 4611686019027979923      /nix/store/4nlgxhb09sdr51nc9hdm8az5b08vzkgx-glibc-2.35-163/lib/libdl.so.2
7f954a292000-7f954a293000 r--p 00002000 00:1196 4611686019027979923      /nix/store/4nlgxhb09sdr51nc9hdm8az5b08vzkgx-glibc-2.35-163/lib/libdl.so.2
7f954a293000-7f954a294000 r--p 00002000 00:1196 4611686019027979923      /nix/store/4nlgxhb09sdr51nc9hdm8az5b08vzkgx-glibc-2.35-163/lib/libdl.so.2
7f954a294000-7f954a295000 rw-p 00003000 00:1196 4611686019027979923      /nix/store/4nlgxhb09sdr51nc9hdm8az5b08vzkgx-glibc-2.35-163/lib/libdl.so.2
7f954a295000-7f954a296000 r--p 00000000 00:1196 4611686019027979942      /nix/store/4nlgxhb09sdr51nc9hdm8az5b08vzkgx-glibc-2.35-163/lib/libpthread.so.0
7f954a296000-7f954a297000 r-xp 00001000 00:1196 4611686019027979942      /nix/store/4nlgxhb09sdr51nc9hdm8az5b08vzkgx-glibc-2.35-163/lib/libpthread.so.0
7f954a297000-7f954a298000 r--p 00002000 00:1196 4611686019027979942      /nix/store/4nlgxhb09sdr51nc9hdm8az5b08vzkgx-glibc-2.35-163/lib/libpthread.so.0
7f954a298000-7f954a299000 r--p 00002000 00:1196 4611686019027979942      /nix/store/4nlgxhb09sdr51nc9hdm8az5b08vzkgx-glibc-2.35-163/lib/libpthread.so.0
7f954a299000-7f954a29a000 rw-p 00003000 00:1196 4611686019027979942      /nix/store/4nlgxhb09sdr51nc9hdm8az5b08vzkgx-glibc-2.35-163/lib/libpthread.so.0
7f954a29a000-7f954a2a8000 r-xp 00000000 00:1196 4611686019135190033      /nix/store/gpxl5qgg8kicmcvivwmybwjlpf7wh20l-graalvm17-ce-22.3.0/lib/libjli.so
7f954a2a8000-7f954a2a9000 ---p 0000e000 00:1196 4611686019135190033      /nix/store/gpxl5qgg8kicmcvivwmybwjlpf7wh20l-graalvm17-ce-22.3.0/lib/libjli.so
7f954a2a9000-7f954a2aa000 r--p 0000e000 00:1196 4611686019135190033      /nix/store/gpxl5qgg8kicmcvivwmybwjlpf7wh20l-graalvm17-ce-22.3.0/lib/libjli.so
7f954a2aa000-7f954a2ab000 rw-p 0000f000 00:1196 4611686019135190033      /nix/store/gpxl5qgg8kicmcvivwmybwjlpf7wh20l-graalvm17-ce-22.3.0/lib/libjli.so
7f954a2ab000-7f954a2ac000 rw-p 00012000 00:1196 4611686019135190033      /nix/store/gpxl5qgg8kicmcvivwmybwjlpf7wh20l-graalvm17-ce-22.3.0/lib/libjli.so
7f954a2ac000-7f954a2af000 r--p 00000000 00:1196 4611686019106210071      /nix/store/026hln0aq1hyshaxsdvhg0kmcm6yf45r-zlib-1.2.13/lib/libz.so.1.2.13
7f954a2af000-7f954a2c1000 r-xp 00003000 00:1196 4611686019106210071      /nix/store/026hln0aq1hyshaxsdvhg0kmcm6yf45r-zlib-1.2.13/lib/libz.so.1.2.13
7f954a2c1000-7f954a2c8000 r--p 00015000 00:1196 4611686019106210071      /nix/store/026hln0aq1hyshaxsdvhg0kmcm6yf45r-zlib-1.2.13/lib/libz.so.1.2.13
7f954a2c8000-7f954a2c9000 r--p 0001b000 00:1196 4611686019106210071      /nix/store/026hln0aq1hyshaxsdvhg0kmcm6yf45r-zlib-1.2.13/lib/libz.so.1.2.13
7f954a2c9000-7f954a2ca000 rw-p 0001c000 00:1196 4611686019106210071      /nix/store/026hln0aq1hyshaxsdvhg0kmcm6yf45r-zlib-1.2.13/lib/libz.so.1.2.13
7f954a2ca000-7f954a2cc000 rw-p 00000000 00:00 0 
7f954a2cc000-7f954a2ce000 r--p 00000000 00:1196 4611686019027979912      /nix/store/4nlgxhb09sdr51nc9hdm8az5b08vzkgx-glibc-2.35-163/lib/ld-linux-x86-64.so.2
7f954a2ce000-7f954a2f5000 r-xp 00002000 00:1196 4611686019027979912      /nix/store/4nlgxhb09sdr51nc9hdm8az5b08vzkgx-glibc-2.35-163/lib/ld-linux-x86-64.so.2
7f954a2f5000-7f954a301000 r--p 00029000 00:1196 4611686019027979912      /nix/store/4nlgxhb09sdr51nc9hdm8az5b08vzkgx-glibc-2.35-163/lib/ld-linux-x86-64.so.2
7f954a301000-7f954a303000 r--p 00034000 00:1196 4611686019027979912      /nix/store/4nlgxhb09sdr51nc9hdm8az5b08vzkgx-glibc-2.35-163/lib/ld-linux-x86-64.so.2
7f954a303000-7f954a305000 rw-p 00036000 00:1196 4611686019027979912      /nix/store/4nlgxhb09sdr51nc9hdm8az5b08vzkgx-glibc-2.35-163/lib/ld-linux-x86-64.so.2
7ffefdb0b000-7ffefdb30000 rw-p 00000000 00:00 0                          [stack]
7ffefdbf2000-7ffefdbf6000 r--p 00000000 00:00 0                          [vvar]
7ffefdbf6000-7ffefdbf8000 r-xp 00000000 00:00 0                          [vdso]
ffffffffff600000-ffffffffff601000 --xp 00000000 00:00 0                  [vsyscall]


VM Arguments:
jvm_args: -XX:ThreadPriorityPolicy=1 -XX:+UnlockExperimentalVMOptions -XX:+EnableJVMCIProduct -XX:JVMCIThreadsPerNativeLibraryRuntime=1 -XX:-UnlockExperimentalVMOptions -Declipse.application=org.eclipse.jdt.ls.core.id1 -Dosgi.bundles.defaultStartLevel=4 -Declipse.product=org.eclipse.jdt.ls.core.product -Dlog.level=ALL -Xverify:none -XX:+UseParallelGC -XX:GCTimeRatio=4 -XX:AdaptiveSizePolicyWeight=90 -Dsun.zip.disableMemoryMapping=true -Xmx512m -Xms100m 
java_command: /nix/store/m6gcpi1ii6rghy04cjwjddcavv7i90df-jdt-language-server-1.9.0/share/java/plugins/org.eclipse.equinox.launcher_1.6.400.v20210924-0641.jar --add-modules=ALL-SYSTEM --add-opens java.base/java.util=ALL-UNNAMED --add-opens java.base/java.lang=ALL-UNNAMED -configuration /home/runner/.cache/jdt-language-server/config -data /home/runner/.cache/jdt-language-server/data/home/runner/Java-Trail
java_class_path (initial): /nix/store/m6gcpi1ii6rghy04cjwjddcavv7i90df-jdt-language-server-1.9.0/share/java/plugins/org.eclipse.equinox.launcher_1.6.400.v20210924-0641.jar
Launcher Type: SUN_STANDARD

[Global flags]
    uintx AdaptiveSizePolicyWeight                 = 90                                        {product} {command line}
     intx CICompilerCount                          = 2                                         {product} {ergonomic}
     bool EnableJVMCIProduct                       = true                                {JVMCI product} {jimage}
    uintx GCTimeRatio                              = 4                                         {product} {command line}
   size_t InitialHeapSize                          = 104857600                                 {product} {command line}
     uint JVMCIThreadsPerNativeLibraryRuntime      = 1                                   {JVMCI product} {jimage}
   size_t MaxHeapSize                              = 536870912                                 {product} {command line}
   size_t MaxNewSize                               = 178782208                                 {product} {ergonomic}
   size_t MinHeapDeltaBytes                        = 524288                                    {product} {ergonomic}
   size_t MinHeapSize                              = 104857600                                 {product} {command line}
   size_t NewSize                                  = 34603008                                  {product} {ergonomic}
    uintx NonNMethodCodeHeapSize                   = 5826188                                {pd product} {ergonomic}
    uintx NonProfiledCodeHeapSize                  = 122916026                              {pd product} {ergonomic}
   size_t OldSize                                  = 70254592                                  {product} {ergonomic}
    uintx ProfiledCodeHeapSize                     = 122916026                              {pd product} {ergonomic}
    uintx ReservedCodeCacheSize                    = 251658240                              {pd product} {ergonomic}
     bool SegmentedCodeCache                       = true                                      {product} {ergonomic}
   size_t SoftMaxHeapSize                          = 536870912                              {manageable} {ergonomic}
     intx ThreadPriorityPolicy                     = 1                                         {product} {jimage}
     bool UseCompressedClassPointers               = true                           {product lp64_product} {ergonomic}
     bool UseCompressedOops                        = true                           {product lp64_product} {ergonomic}
     bool UseParallelGC                            = true                                      {product} {command line}

Logging:
Log output configuration:
 #0: stdout all=warning uptime,level,tags
 #1: stderr all=off uptime,level,tags

Environment Variables:
JAVA_HOME=/nix/store/gpxl5qgg8kicmcvivwmybwjlpf7wh20l-graalvm17-ce-22.3.0
PATH=/nix/store/1d6ian3r8kdzspw8hacjhl3xkp40g1lj-binutils-wrapper-2.39/bin:/nix/store/dq0xwmsk1g0i2ayg6pb7y87na2knzylh-gcc-wrapper-11.3.0/bin:/nix/store/bap4d0lpcrhpwmpb8ayjcgkmvfj62lnq-bash-interactive-5.1-p16/bin:/nix/store/pr5n59mb4jzmfx6kanwxly0l07p861fg-patchelf-0.15.0/bin:/nix/store/1gf2flfqnpqbr1b4p4qz2f72y42bs56r-gcc-11.3.0/bin:/nix/store/57xv61c5zi8pphjbcwxxjlgc34p61ic9-glibc-2.35-163-bin/bin:/nix/store/a7gvj343m05j2s32xcnwr35v31ynlypr-coreutils-9.1/bin:/nix/store/039g378vc3pc3dvi9dzdlrd0i4q93qwf-binutils-2.39/bin:/nix/store/gpxl5qgg8kicmcvivwmybwjlpf7wh20l-graalvm17-ce-22.3.0/bin:/nix/store/6z9ag3ihc8mq2hzsw48lhbznvzny65nz-apache-maven-3.8.6/bin:/nix/store/m6gcpi1ii6rghy04cjwjddcavv7i90df-jdt-language-server-1.9.0/bin:/nix/store/84xs5alhs01zrbr4ywm05kxbjbp5590l-java-debug/bin:/nix/store/mydc6f4k2z73xlcz7ilif3v2lcaiqvza-findutils-4.9.0/bin:/nix/store/j9p3g8472iijd50vhdprx0nmk2fqn5gv-diffutils-3.8/bin:/nix/store/89zs7rms6x00xfq4dq6m7mjnhkr8a6r4-gnused-4.8/bin:/nix/store/86bp03jkmsl6f92w0yzg4s59g5mhxwmy-gnugrep-3.7/bin:/nix/store/hwcdqw4jrjnd37wxqgsd47hd0j8bnj09-gawk-5.1.1/bin:/nix/store/cfbhw8r8ags41vwqaz47r583d0p4h4a1-gnutar-1.34/bin:/nix/store/p3m1ndl1lapwrlh698bnb5lvvxh67378-gzip-1.12/bin:/nix/store/a8mhcagrsly7c7mpjrpsnaahk4aax056-bzip2-1.0.8-bin/bin:/nix/store/mblgz65m3zv9x548a3d5m96fj2pbwr09-gnumake-4.3/bin:/nix/store/dsd5gz46hdbdk2rfdimqddhq6m8m8fqs-bash-5.1-p16/bin:/nix/store/v7ljksji50mg3w61dykaa3n3y79n6nil-patch-2.7.6/bin:/nix/store/zlcnmqq14jz5x9439jf937mvayyl63da-xz-5.2.7-bin/bin:/nix/store/y6aj732zm9m87c82fpvf103a1xb22blp-file-5.43/bin:/nix/store/i4kzir3m7mrisxmf5xvlnkw01x4qaqr4-prybar-elisp-0.0.0-e0d9a52/bin:/nix/store/lwwivxf6h7x3cvxp9zv8sj0mv7dak99r-prybar-lua-0.0.0-e0d9a52/bin:/nix/store/gxj28g1cg4hq3qanmjv07156h800qr58-prybar-python3-0.0.0-e0d9a52/bin:/nix/store/hshkjnxrgidigf8x75vg6lqng2xlx9i3-prybar-sqlite-0.0.0-e0d9a52/bin:/nix/store/c4w01bpjgyy5ixmwdk8m1pw87zq4sl26-prybar-tcl-0.0.0-e0d9a52/bin:/nix/store/hpbvrlwd5viqmvcaisb3x0118i913a9n-st
LD_LIBRARY_PATH=/nix/store/a4pff549sk2idnkpzk5nsfps3mdkdnvm-cups-2.4.2-lib/lib:/nix/store/72mqxxhh3cy5yifh92wh2yb8cl2hikyy-cairo-1.16.0/lib:/nix/store/2k366jrbsra97gjfxwvrhvixjfxdach5-glib-2.74.1/lib:/nix/store/2j2znigd8ak37rlwh9khz0ry3clqlw1l-gtk+3-3.24.34/lib:/nix/store/hisqvx32cd57apbpcsnkpx6k3549wql1-libglvnd-1.4.0/lib:/nix/store/p36pgcv991mq5srvg765b78yqpxvk3qs-mesa-21.3.3-drivers/lib:/nix/store/mav4251if1ahjq5vkpwycyyvnmy459c4-pulseaudio-14.2/lib
DISPLAY=:0
LANG=en_US.UTF-8

Signal Handlers:
   SIGSEGV: crash_handler in libjvm.so, mask=11100100010111111101111111111110, flags=SA_RESTART|SA_SIGINFO
    SIGBUS: crash_handler in libjvm.so, mask=11100100010111111101111111111110, flags=SA_RESTART|SA_SIGINFO
    SIGFPE: crash_handler in libjvm.so, mask=11100100010111111101111111111110, flags=SA_RESTART|SA_SIGINFO
   SIGPIPE: IsolateEnterStub_IgnoreSIGPIPEStartupHook_noopSignalHandler_8f19bff2f35b5f630d83b364d6b2339320d4ec70_216e8361c6bc87a8f89f58cc10d3b2fd4415bf87 in libjvmcicompiler.so, mask=00000000000000000000000000000000, flags=SA_RESTART
  *** Handler was modified!
  *** Expected: javaSignalHandler in libjvm.so, mask=11100100110111111111111111111110, flags=SA_RESTART|SA_SIGINFO
   SIGXFSZ: javaSignalHandler in libjvm.so, mask=11100100010111111101111111111110, flags=SA_RESTART|SA_SIGINFO
    SIGILL: crash_handler in libjvm.so, mask=11100100010111111101111111111110, flags=SA_RESTART|SA_SIGINFO
   SIGUSR2: SR_handler in libjvm.so, mask=00000000000000000000000000000000, flags=SA_RESTART|SA_SIGINFO
    SIGHUP: UserHandler in libjvm.so, mask=11100100010111111101111111111110, flags=SA_RESTART|SA_SIGINFO
    SIGINT: UserHandler in libjvm.so, mask=11100100010111111101111111111110, flags=SA_RESTART|SA_SIGINFO
   SIGTERM: UserHandler in libjvm.so, mask=11100100010111111101111111111110, flags=SA_RESTART|SA_SIGINFO
   SIGQUIT: UserHandler in libjvm.so, mask=11100100010111111101111111111110, flags=SA_RESTART|SA_SIGINFO
  *** Handler was modified!
  *** Expected: javaSignalHandler in libjvm.so, mask=11100100110111111111111111111110, flags=SA_RESTART|SA_SIGINFO
   SIGTRAP: crash_handler in libjvm.so, mask=11100100010111111101111111111110, flags=SA_RESTART|SA_SIGINFO


---------------  S Y S T E M  ---------------

OS:
DISTRIB_ID=Ubuntu
DISTRIB_RELEASE=20.04
DISTRIB_CODENAME=focal
DISTRIB_DESCRIPTION="Ubuntu 20.04.2 LTS"
uname: Linux 5.19.0-1022-gcp #24~22.04.1-Ubuntu SMP Sun Apr 23 09:51:08 UTC 2023 x86_64
OS uptime: 0 days 3:34 hours
libc: glibc 2.35 NPTL 2.35 
rlimit (soft/hard): STACK 8192k/infinity , CORE infinity/infinity , NPROC infinity/infinity , NOFILE 5242/5242 , AS infinity/infinity , CPU infinity/infinity , DATA infinity/infinity , FSIZE infinity/infinity , MEMLOCK 8192k/8192k
load average: 10.21 10.06 10.79

/proc/meminfo:
MemTotal:       65852256 kB
MemFree:        26955676 kB
MemAvailable:   48117660 kB
Buffers:         2161868 kB
Cached:         17896356 kB
SwapCached:            0 kB
Active:          9915552 kB
Inactive:       25210576 kB
Active(anon):      15552 kB
Inactive(anon): 14859520 kB
Active(file):    9900000 kB
Inactive(file): 10351056 kB
Unevictable:       56252 kB
Mlocked:           56252 kB
SwapTotal:             0 kB
SwapFree:              0 kB
Zswap:                 0 kB
Zswapped:              0 kB
Dirty:            535776 kB
Writeback:             0 kB
AnonPages:      14491048 kB
Mapped:          1955028 kB
Shmem:             40324 kB
KReclaimable:    1637528 kB
Slab:            2708052 kB
SReclaimable:    1637528 kB
SUnreclaim:      1070524 kB
KernelStack:      427836 kB
PageTables:       186500 kB
NFS_Unstable:          0 kB
Bounce:                0 kB
WritebackTmp:          0 kB
CommitLimit:    32926128 kB
Committed_AS:   63321824 kB
VmallocTotal:   34359738367 kB
VmallocUsed:      467172 kB
VmallocChunk:          0 kB
Percpu:            51328 kB
HardwareCorrupted:     0 kB
AnonHugePages:   2385920 kB
ShmemHugePages:        0 kB
ShmemPmdMapped:        0 kB
FileHugePages:         0 kB
FilePmdMapped:         0 kB
HugePages_Total:       0
HugePages_Free:        0
HugePages_Rsvd:        0
HugePages_Surp:        0
Hugepagesize:       2048 kB
Hugetlb:               0 kB
DirectMap4k:     3836728 kB
DirectMap2M:    41248768 kB
DirectMap1G:    24117248 kB

/sys/kernel/mm/transparent_hugepage/enabled: always [madvise] never
/sys/kernel/mm/transparent_hugepage/defrag (defrag/compaction efforts parameter): always defer defer+madvise [madvise] never

Process Memory:
Virtual Size: 4921436K (peak: 4956992K)
Resident Set Size: 778824K (peak: 813388K) (anon: 581476K, file: 197348K, shmem: 0K)
Swapped out: 0K
C-Heap outstanding allocations: 44171K, retained: 12416K
glibc malloc tunables: (default)

/proc/sys/kernel/threads-max (system-wide limit on the number of threads): 514406
/proc/sys/vm/max_map_count (maximum number of memory map areas a process may have): 65530
/proc/sys/kernel/pid_max (system-wide limit on number of process identifiers): 4194304

container (cgroup) information:
container_type: cgroupv1
cpu_cpuset_cpus: 2-7
cpu_memory_nodes: 0
active_processor_count: 1
cpu_quota: 50000
cpu_period: 100000
cpu_shares: 512
memory_limit_in_bytes: 1048576 k
memory_and_swap_limit_in_bytes: 1048576 k
memory_soft_limit_in_bytes: 524288 k
memory_usage_in_bytes: 648676 k
memory_max_usage_in_bytes: 688900 k
maximum number of tasks: 1000
current number of tasks: 60

KVM virtualization detected
Steal ticks since vm start: 0
Steal ticks percentage since vm start:  0.000

CPU: total 8 (initial active 1) (8 cores per cpu, 2 threads per core) family 23 model 49 stepping 0 microcode 0xffffffff, cx8, cmov, fxsr, ht, mmx, 3dnowpref, sse, sse2, sse3, ssse3, sse4a, sse4.1, sse4.2, popcnt, lzcnt, tsc, tscinvbit, avx, avx2, aes, clmul, bmi1, bmi2, adx, sha, fma, vzeroupper, clflush, clflushopt, hv
CPU Model and flags from /proc/cpuinfo:
model name	: AMD EPYC 7B12
flags		: fpu vme de pse tsc msr pae mce cx8 apic sep mtrr pge mca cmov pat pse36 clflush mmx fxsr sse sse2 ht syscall nx mmxext fxsr_opt pdpe1gb rdtscp lm constant_tsc rep_good nopl nonstop_tsc cpuid extd_apicid tsc_known_freq pni pclmulqdq ssse3 fma cx16 sse4_1 sse4_2 movbe popcnt aes xsave avx f16c rdrand hypervisor lahf_lm cmp_legacy cr8_legacy abm sse4a misalignsse 3dnowprefetch osvw topoext ssbd ibrs ibpb stibp vmmcall fsgsbase tsc_adjust bmi1 avx2 smep bmi2 rdseed adx smap clflushopt clwb sha_ni xsaveopt xsavec xgetbv1 clzero xsaveerptr arat npt nrip_save umip rdpid

Online cpus: 0-7
Offline cpus: 
BIOS frequency limitation: <Not Available>
Frequency switch latency (ns): <Not Available>
Available cpu frequencies: <Not Available>
Current governor: <Not Available>
Core performance/turbo boost: <Not Available>

Memory: 4k page, physical 1048576k(399884k free), swap 0k(0k free)
Page Sizes: 4k

vm_info: OpenJDK 64-Bit Server VM (17.0.5+8-jvmci-22.3-b08) for linux-amd64 JRE (17.0.5+8-jvmci-22.3-b08), built on Oct 19 2022 09:01:27 by "buildslave" with gcc 10.3.0

END.
